2023-01-27T08:51:19.586Z - info: [ui] [AppStore] loading 0 repositories from store
2023-01-27T08:51:19.629Z - info: [ui] [Welcome] no sign in step found. ignoring...
2023-01-27T08:51:19.631Z - info: [ui] launching: 3.1.1-linux1 (Linux 6.1.4-203.fsync.fc37.x86_64)
2023-01-27T08:51:19.631Z - info: [ui] execPath: '/tmp/.mount_GitHubpKP8CT/github-desktop'
2023-01-27T08:51:19.666Z - info: [ui] [Welcome] no sign in step found. ignoring...
2023-01-27T08:51:19.916Z - info: [ui] Opt in reported.
2023-01-27T08:51:27.020Z - info: [ui] [Welcome] no sign in step found. ignoring...
2023-01-27T08:51:29.644Z - info: [ui] [Welcome] no sign in step found. ignoring...
2023-01-27T08:51:30.289Z - info: [ui] [Welcome] no sign in step found. ignoring...
2023-01-27T08:51:31.442Z - info: [ui] [Welcome] advancing to step: SignInToDotComWithBrowser
2023-01-27T08:51:31.445Z - info: [ui] [SignInStore] initializing OAuth flow
2023-01-27T08:51:31.451Z - info: [main] opening in browser: https://github.com/login/oauth/authorize?client_id=3a723b10ac5575cc5bb9&scope=repo%20user%20workflow&state=4604ffad-d657-4c99-abd0-ac331cf2f673
2023-01-27T08:51:31.451Z - info: [ui] [Welcome] current sign in state not found. ignoring...
2023-01-27T08:51:35.255Z - info: [ui] [Welcome] kind Authentication is the same as Authentication. ignoring...
2023-01-27T08:51:42.493Z - info: [ui] [Welcome] kind Authentication is the same as Authentication. ignoring...
2023-01-27T08:51:56.117Z - info: [ui] [Welcome] advancing to step: Start
2023-01-27T08:51:56.909Z - info: [ui] [Welcome] advancing to step: SignInToDotComWithBrowser
2023-01-27T08:51:56.911Z - info: [ui] [SignInStore] initializing OAuth flow
2023-01-27T08:51:56.917Z - info: [main] opening in browser: https://github.com/login/oauth/authorize?client_id=3a723b10ac5575cc5bb9&scope=repo%20user%20workflow&state=81d22436-bbe7-4b66-8fe8-ee0f29cdd36a
2023-01-27T08:51:56.918Z - info: [ui] [Welcome] kind Authentication is the same as Authentication. ignoring...
2023-01-27T08:51:57.588Z - info: [ui] [Welcome] kind Authentication is the same as Authentication. ignoring...
2023-01-27T08:52:43.140Z - info: [ui] [Welcome] kind Authentication is the same as Authentication. ignoring...
2023-01-27T08:52:44.758Z - info: [ui] [Welcome] advancing to step: Start
2023-01-27T08:52:45.652Z - info: [ui] [Welcome] advancing to step: SignInToDotComWithBrowser
2023-01-27T08:52:45.655Z - info: [ui] [SignInStore] initializing OAuth flow
2023-01-27T08:52:45.661Z - info: [main] opening in browser: https://github.com/login/oauth/authorize?client_id=3a723b10ac5575cc5bb9&scope=repo%20user%20workflow&state=3bb72198-c512-45a2-941e-c5f9857b5f62
2023-01-27T08:52:45.661Z - info: [ui] [Welcome] kind Authentication is the same as Authentication. ignoring...
2023-01-27T08:52:45.818Z - info: [ui] [Welcome] kind Authentication is the same as Authentication. ignoring...
2023-01-27T08:52:49.170Z - info: [ui] [Welcome] kind Authentication is the same as Authentication. ignoring...
2023-01-27T08:58:47.547Z - info: [ui] [AppStore] loading 0 repositories from store
2023-01-27T08:58:47.586Z - info: [ui] [Welcome] no sign in step found. ignoring...
2023-01-27T08:58:47.594Z - info: [ui] [Welcome] no sign in step found. ignoring...
2023-01-27T08:58:47.609Z - info: [ui] launching: 3.1.1-linux1 (Linux 6.1.4-203.fsync.fc37.x86_64)
2023-01-27T08:58:47.609Z - info: [ui] execPath: '/tmp/.mount_GitHubrJ0eI2/github-desktop'
2023-01-27T08:58:47.702Z - info: [ui] [Welcome] no sign in step found. ignoring...
2023-01-27T08:58:48.237Z - info: [ui] [Welcome] no sign in step found. ignoring...
2023-01-27T08:58:51.277Z - info: [ui] [Welcome] no sign in step found. ignoring...
