2023-02-06T08:58:44.866Z - info: [ui] [AppStore] loading 5 repositories from store
2023-02-06T08:58:44.868Z - info: [ui] [AppStore] found account: hamburgerghini1 (hamburgerghini1)
2023-02-06T08:58:44.924Z - info: [ui] launching: 3.1.1-linux1 (Linux 6.1.8-202.fsync.fc37.x86_64)
2023-02-06T08:58:44.924Z - info: [ui] execPath: '/tmp/.mount_GitHubqjN6tl/github-desktop'
2023-02-06T08:58:45.380Z - info: [ui] Stats reported.
2023-02-06T08:58:45.445Z - info: [ui] Subscribed 'hamburgerghini1' to Alive channel
2023-02-06T08:58:47.043Z - info: [ui] [BranchPruner] No branches to prune.
2023-02-06T08:58:58.812Z - error: [ui] 'git status' emitted 33462919 bytes, which is beyond the supported threshold of 20000000 bytes
2023-02-06T08:58:58.823Z - error: [ui] 'git status' emitted 33462919 bytes, which is beyond the supported threshold of 20000000 bytes
2023-02-06T08:59:01.835Z - warn: [ui] fetchRepository: 'hamburgerghini1/dotfiles' returned a 404
2023-02-06T08:59:02.009Z - warn: [ui] fetchRepository: 'hamburgerghini1/dotfiles' returned a 404
2023-02-06T08:59:02.009Z - info: [ui] [AppStore.withAuthenticatingUser] account found for repository: dotfiles - hamburgerghini1 (has token)
2023-02-06T08:59:02.440Z - error: [ui] `git -c credential.helper= fetch --progress --prune --recurse-submodules=on-demand origin` exited with an unexpected code: 128.
stderr:
remote: Repository not found.
fatal: repository 'https://github.com/hamburgerghini1/dotfiles.git/' not found

(The error was parsed as 8: The repository does not seem to exist anymore. You may not have access, or it may have been deleted or renamed.)
2023-02-06T08:59:02.829Z - info: [ui] [RepositoryIndicatorUpdater]: Refreshing sidebar indicators for 3 repositories took 1.9s of which 0.0s paused, total 1.9s
2023-02-06T08:59:09.459Z - info: [ui] [AppStore.getAccountForRemoteURL] account found for remote: https://github.com/hamburgerghini1/kde_macos_2023.git - hamburgerghini1 (has token)
2023-02-06T09:01:23.282Z - info: [ui] Executing clone: git -c credential.helper= -c init.defaultBranch=main clone --recursive --progress -- https://github.com/hamburgerghini1/kde_macos_2023.git /home/tommi/Documents/GitHub/kde_macos_2023 (took 133.822s)
2023-02-06T09:01:23.298Z - info: [ui] [AppStore] adding repository at /home/tommi/Documents/GitHub/kde_macos_2023 to store
2023-02-06T09:01:23.462Z - info: [ui] [BranchPruner] Last prune took place 3 minutes ago - skipping
2023-02-06T09:01:28.967Z - info: [ui] Executing getChangesFiles: git log b8a05be90dd1450d660abb32ca7e743ffe0f9c24 -C -M -m -1 --no-show-signature --first-parent --raw --format=format: --numstat -z -- (took 4.978s)
