2023-02-01T06:03:17.666Z - info: [ui] [AppStore] loading 4 repositories from store
2023-02-01T06:03:17.668Z - info: [ui] [AppStore] found account: hamburgerghini1 (hamburgerghini1)
2023-02-01T06:03:18.097Z - warn: [ui] Error refreshing account 'hamburgerghini1'
Error: Cannot update an account which doesn't have a token: hamburgerghini1
    at Xe (/home/tommi/webpack:/[name]/app/src/lib/fatal-error.ts:3:9)
    at /home/tommi/webpack:/[name]/app/src/lib/stores/accounts-store.ts:214:12
    at Vn.tryUpdateAccount (/home/tommi/webpack:/[name]/app/src/lib/stores/accounts-store.ts:134:20)
    at /home/tommi/webpack:/[name]/app/src/lib/stores/accounts-store.ts:114:37
    at Array.map (<anonymous>)
    at Vn.refresh (/home/tommi/webpack:/[name]/app/src/lib/stores/accounts-store.ts:114:21)
    at Vn.loadInitialState (/home/tommi/webpack:/[name]/app/src/lib/stores/app-store.ts:2039:24)
2023-02-01T06:03:18.146Z - info: [ui] launching: 3.1.1-linux1 (Linux 6.1.4-203.fsync.fc37.x86_64)
2023-02-01T06:03:18.147Z - info: [ui] execPath: '/tmp/.mount_GitHubVFLu43/github-desktop'
2023-02-01T06:03:18.214Z - warn: [ui] Alive channel request failed: Error: Not Found
2023-02-01T06:03:18.294Z - warn: [ui] Alive channel request failed: Error: Not Found
2023-02-01T06:03:18.328Z - warn: [ui] Alive channel request failed: Error: Not Found
2023-02-01T06:03:18.368Z - warn: [ui] Alive channel request failed: Error: Not Found
2023-02-01T06:03:18.409Z - warn: [ui] fetchAll: 'repos/hamburgerghini1/kde_macos_2023/pulls?state=open' returned a 404
2023-02-01T06:03:18.681Z - info: [ui] Stats reported.
2023-02-01T06:03:18.983Z - info: [ui] [fetchProtectedBranches] unable to list protected branches
Error: Not Found
    at _t (/home/tommi/webpack:/[name]/app/src/lib/http.ts:178:11)
    at gn.fetchProtectedBranches (/home/tommi/webpack:/[name]/app/src/lib/api.ts:1348:7)
    at Vn.updateBranchProtectionsFromAPI (/home/tommi/webpack:/[name]/app/src/lib/stores/app-store.ts:3837:11)
2023-02-01T06:03:19.007Z - warn: [ui] fetchMentionables: 'repos/hamburgerghini1/kde_macos_2023/mentionables/users' returned a 404
2023-02-01T06:03:19.010Z - warn: [ui] fetchAll: 'repos/hamburgerghini1/kde_macos_2023/issues?state=open' returned a 404
2023-02-01T06:03:19.018Z - info: [ui] [fetchProtectedBranches] unable to list protected branches
Error: Not Found
    at _t (/home/tommi/webpack:/[name]/app/src/lib/http.ts:178:11)
    at gn.fetchProtectedBranches (/home/tommi/webpack:/[name]/app/src/lib/api.ts:1348:7)
    at Vn.updateBranchProtectionsFromAPI (/home/tommi/webpack:/[name]/app/src/lib/stores/app-store.ts:3837:11)
2023-02-01T06:03:19.041Z - warn: [ui] fetchMentionables: 'repos/hamburgerghini1/kde_macos_2023/mentionables/users' returned a 404
2023-02-01T06:03:19.067Z - warn: [ui] fetchRepository: 'hamburgerghini1/kde_macos_2023' returned a 404
2023-02-01T06:03:19.196Z - warn: [ui] fetchAll: 'repos/hamburgerghini1/kde_macos_2023/issues?state=open' returned a 404
2023-02-01T06:03:21.804Z - info: [ui] [AppStore.withAuthenticatingUser] account found for repository: kde_macos_2023 - hamburgerghini1 (empty token)
2023-02-01T06:03:35.571Z - info: [ui] Executing reset: git reset 0b2d0f70daf563b579e442ac646acfaaaed31a2a (took 4.043s)
2023-02-01T06:03:36.723Z - warn: [ui] fetchAll: 'user/repos' returned a 401
2023-02-01T06:04:50.681Z - info: [ui] [AppStore] loading 4 repositories from store
2023-02-01T06:04:50.684Z - info: [ui] [AppStore] found account: hamburgerghini1 (hamburgerghini1)
2023-02-01T06:04:50.731Z - info: [ui] [BranchPruner] Last prune took place 2 minutes ago - skipping
2023-02-01T06:04:51.163Z - warn: [ui] Error refreshing account 'hamburgerghini1'
Error: Cannot update an account which doesn't have a token: hamburgerghini1
    at Xe (/home/tommi/webpack:/[name]/app/src/lib/fatal-error.ts:3:9)
    at /home/tommi/webpack:/[name]/app/src/lib/stores/accounts-store.ts:214:12
    at Vn.tryUpdateAccount (/home/tommi/webpack:/[name]/app/src/lib/stores/accounts-store.ts:134:20)
    at /home/tommi/webpack:/[name]/app/src/lib/stores/accounts-store.ts:114:37
    at Array.map (<anonymous>)
    at Vn.refresh (/home/tommi/webpack:/[name]/app/src/lib/stores/accounts-store.ts:114:21)
    at Vn.loadInitialState (/home/tommi/webpack:/[name]/app/src/lib/stores/app-store.ts:2039:24)
2023-02-01T06:04:51.212Z - warn: [ui] fetchRepository: 'hamburgerghini1/kde_macos_2023' returned a 404
2023-02-01T06:04:51.213Z - warn: [ui] fetchAll: 'repos/hamburgerghini1/kde_macos_2023/issues?state=open' returned a 404
2023-02-01T06:04:51.218Z - info: [ui] [fetchProtectedBranches] unable to list protected branches
Error: Not Found
    at _t (/home/tommi/webpack:/[name]/app/src/lib/http.ts:178:11)
    at gn.fetchProtectedBranches (/home/tommi/webpack:/[name]/app/src/lib/api.ts:1348:7)
    at Vn.updateBranchProtectionsFromAPI (/home/tommi/webpack:/[name]/app/src/lib/stores/app-store.ts:3837:11)
2023-02-01T06:04:51.470Z - warn: [ui] Alive channel request failed: Error: Not Found
2023-02-01T06:04:51.768Z - warn: [ui] Alive channel request failed: Error: Not Found
2023-02-01T06:04:51.862Z - warn: [ui] fetchAll: 'repos/hamburgerghini1/kde_macos_2023/pulls?state=open' returned a 404
2023-02-01T06:04:51.872Z - warn: [ui] Alive channel request failed: Error: Not Found
2023-02-01T06:04:51.878Z - warn: [ui] Alive channel request failed: Error: Not Found
2023-02-01T06:04:51.879Z - info: [ui] launching: 3.1.1-linux1 (Linux 6.1.4-203.fsync.fc37.x86_64)
2023-02-01T06:04:51.879Z - info: [ui] execPath: '/tmp/.mount_GitHubD42Vgv/github-desktop'
2023-02-01T06:05:04.543Z - info: [ui] Executing getChangesFiles: git log 0b2d0f70daf563b579e442ac646acfaaaed31a2a -C -M -m -1 --no-show-signature --first-parent --raw --format=format: --numstat -z -- (took 12.688s)
2023-02-01T06:05:12.051Z - error: [ui] `git -c credential.helper= fetch --progress --prune --recurse-submodules=on-demand origin` exited with an unexpected code: 128.
stderr:
remote: Invalid username or password.
fatal: Authentication failed for 'https://github.com/hamburgerghini1/kde_macos_2023.git/'

(The error was parsed as 3: Authentication failed. Some common reasons include:

- You are not logged in to your account: see File > Options.
- You may need to log out and log back in to refresh your token.
- You do not have permission to access this repository.
- The repository is archived on GitHub. Check the repository settings to confirm you are still permitted to push commits.
- If you use SSH authentication, check that your key is added to the ssh-agent and associated with your account.
- If you use SSH authentication, ensure the host key verification passes for your repository hosting service.
- If you used username / password authentication, you might need to use a Personal Access Token instead of your account password. Check the documentation of your repository hosting service.)
2023-02-01T06:05:12.662Z - info: [ui] [fetchPushControl] unable to check if branch is potentially pushable
Error: Not Found
    at _t (/home/tommi/webpack:/[name]/app/src/lib/http.ts:178:11)
    at gn.fetchPushControl (/home/tommi/webpack:/[name]/app/src/lib/api.ts:1322:7)
    at Vn.refreshBranchProtectionState (/home/tommi/webpack:/[name]/app/src/lib/stores/app-store.ts:1100:39)
    at /home/tommi/webpack:/[name]/app/src/lib/stores/app-store.ts:4735:32
    at Vn.withPushPullFetch (/home/tommi/webpack:/[name]/app/src/lib/stores/app-store.ts:4252:5)
    at Vn.performFetch (/home/tommi/webpack:/[name]/app/src/lib/stores/app-store.ts:4691:5)
    at fo.performAndScheduleFetch (/home/tommi/webpack:/[name]/app/src/lib/stores/helpers/background-fetcher.ts:102:7)
2023-02-01T06:05:16.502Z - info: [ui] [RepositoryIndicatorUpdater]: Refreshing sidebar indicators for 3 repositories took 0.9s of which 0.0s paused, total 0.9s
2023-02-01T06:05:18.582Z - info: [ui] [AppStore] adding repository at /home/tommi/Documents/GitHub/dotfiles_chezmoi to store
2023-02-01T06:07:20.061Z - info: [ui] Executing getChangesFiles: git log 96bb53a870d1bd43789654e41900229b25d39ce3 -C -M -m -1 --no-show-signature --first-parent --raw --format=format: --numstat -z -- (took 7.470s)
2023-02-01T06:07:56.621Z - info: [ui] Executing unstageAll: git reset -- . (took 3.502s)
2023-02-01T06:07:56.928Z - info: [ui] [Timing] Action 'create commit' for 'dotfiles_chezmoi' took 3.820s
2023-02-01T06:08:00.153Z - warn: [ui] fetchRepository: 'hamburgerghini1/dotfiles' returned a 404
2023-02-01T06:08:00.177Z - info: [ui] [AppStore.withAuthenticatingUser] account found for repository: dotfiles_chezmoi - hamburgerghini1 (empty token)
2023-02-01T06:08:00.347Z - warn: [ui] fetchAll: 'user/orgs' returned a 401
2023-02-01T06:08:00.406Z - info: [ui] [fetchProtectedBranches] unable to list protected branches
Error: Not Found
    at _t (/home/tommi/webpack:/[name]/app/src/lib/http.ts:178:11)
    at gn.fetchProtectedBranches (/home/tommi/webpack:/[name]/app/src/lib/api.ts:1348:7)
    at Vn.updateBranchProtectionsFromAPI (/home/tommi/webpack:/[name]/app/src/lib/stores/app-store.ts:3837:11)
2023-02-01T06:08:00.496Z - warn: [ui] fetchAll: 'repos/hamburgerghini1/dotfiles/issues?state=open' returned a 404
2023-02-01T06:08:00.497Z - warn: [ui] fetchRepository: 'hamburgerghini1/dotfiles' returned a 404
2023-02-01T06:08:00.497Z - warn: [ui] fetchMentionables: 'repos/hamburgerghini1/dotfiles/mentionables/users' returned a 404
2023-02-01T06:08:00.497Z - warn: [ui] fetchAll: 'repos/hamburgerghini1/dotfiles/pulls?state=open' returned a 404
2023-02-01T06:08:30.714Z - info: [ui] [AppStore] removing account hamburgerghini1 (hamburgerghini1) from store
2023-02-01T06:08:32.524Z - info: [ui] [SignInStore] initializing OAuth flow
2023-02-01T06:08:32.535Z - info: [main] opening in browser: https://github.com/login/oauth/authorize?client_id=3a723b10ac5575cc5bb9&scope=repo%20user%20workflow&state=9208fd7f-6c1d-48c7-8f07-7d63d147cdb3
2023-02-01T06:08:34.326Z - info: [main] Received possible protocol arguments: 5
2023-02-01T06:08:34.327Z - info: [main] Processing protocol url
2023-02-01T06:08:34.327Z - info: [ui] [Dispatcher] requesting authenticated user
2023-02-01T06:08:35.078Z - info: [ui] [SignInStore] account resolved
2023-02-01T06:08:35.078Z - info: [ui] [AppStore] adding account hamburgerghini1 (hamburgerghini1) to store
2023-02-01T06:08:35.470Z - info: [ui] Subscribed 'hamburgerghini1' to Alive channel
2023-02-01T06:08:37.017Z - info: [ui] [AppStore.withAuthenticatingUser] account found for repository: dotfiles - hamburgerghini1 (has token)
2023-02-01T06:08:44.970Z - info: [ui] [BranchPruner] Last prune took place 5 minutes ago - skipping
2023-02-01T06:08:54.526Z - info: [ui] [Timing] Action 'create commit' for 'hamburgerghini1/kde_macos_2023' took 3.285s
2023-02-01T06:09:50.813Z - info: [ui] [AppStore.withAuthenticatingUser] account found for repository: kde_macos_2023 - hamburgerghini1 (has token)
2023-02-01T06:09:56.025Z - info: [ui] Executing fetch: git -c credential.helper= fetch --progress --prune --recurse-submodules=on-demand origin (took 5.207s)
2023-02-01T06:09:58.228Z - info: [ui] Executing updateIndex: git update-index --add --remove --replace -z --stdin (took 11.980s)
2023-02-01T06:09:59.937Z - info: [ui] Executing createCommit: git commit -F - (took 1.614s)
2023-02-01T06:10:00.129Z - info: [ui] [Timing] Action 'create commit' for 'hamburgerghini1/kde_macos_2023' took 14.684s
2023-02-01T06:10:03.497Z - info: [ui] [AppStore.withAuthenticatingUser] account found for repository: kde_macos_2023 - hamburgerghini1 (has token)
2023-02-01T06:11:18.302Z - info: [ui] Executing push: git -c credential.helper= push origin main:main --progress (took 74.798s)
2023-02-01T06:11:32.450Z - info: [ui] [BranchPruner] Last prune took place 4 minutes ago - skipping
2023-02-01T06:11:32.541Z - warn: [ui] fetchRepository: 'hamburgerghini1/dotfiles' returned a 404
2023-02-01T06:11:32.560Z - info: [ui] [fetchProtectedBranches] unable to list protected branches
Error: Not Found
    at _t (/home/tommi/webpack:/[name]/app/src/lib/http.ts:178:11)
    at gn.fetchProtectedBranches (/home/tommi/webpack:/[name]/app/src/lib/api.ts:1348:7)
    at Vn.updateBranchProtectionsFromAPI (/home/tommi/webpack:/[name]/app/src/lib/stores/app-store.ts:3837:11)
2023-02-01T06:11:32.657Z - warn: [ui] fetchAll: 'repos/hamburgerghini1/dotfiles/pulls?state=open' returned a 404
2023-02-01T06:11:32.676Z - warn: [ui] fetchAll: 'repos/hamburgerghini1/dotfiles/issues?state=open' returned a 404
2023-02-01T06:11:32.816Z - error: [ui] `git -c credential.helper= fetch --progress --prune --recurse-submodules=on-demand origin` exited with an unexpected code: 128.
stderr:
remote: Repository not found.
fatal: repository 'https://github.com/hamburgerghini1/dotfiles.git/' not found

(The error was parsed as 8: The repository does not seem to exist anymore. You may not have access, or it may have been deleted or renamed.)
2023-02-01T06:11:33.399Z - info: [ui] [fetchPushControl] unable to check if branch is potentially pushable
Error: Not Found
    at _t (/home/tommi/webpack:/[name]/app/src/lib/http.ts:178:11)
    at gn.fetchPushControl (/home/tommi/webpack:/[name]/app/src/lib/api.ts:1322:7)
    at Vn.refreshBranchProtectionState (/home/tommi/webpack:/[name]/app/src/lib/stores/app-store.ts:1100:39)
    at /home/tommi/webpack:/[name]/app/src/lib/stores/app-store.ts:4735:32
    at Vn.withPushPullFetch (/home/tommi/webpack:/[name]/app/src/lib/stores/app-store.ts:4252:5)
    at Vn.performFetch (/home/tommi/webpack:/[name]/app/src/lib/stores/app-store.ts:4691:5)
    at fo.performAndScheduleFetch (/home/tommi/webpack:/[name]/app/src/lib/stores/helpers/background-fetcher.ts:102:7)
2023-02-01T06:11:34.307Z - info: [ui] [AppStore.withAuthenticatingUser] account found for repository: dotfiles - hamburgerghini1 (has token)
2023-02-01T06:11:50.093Z - info: [ui] [AppStore.withAuthenticatingUser] account found for repository: dotfiles - hamburgerghini1 (has token)
2023-02-01T06:12:13.897Z - info: [ui] Executing getChangesFiles: git log 96bb53a870d1bd43789654e41900229b25d39ce3 -C -M -m -1 --no-show-signature --first-parent --raw --format=format: --numstat -z -- (took 10.405s)
2023-02-01T06:12:16.146Z - info: [ui] Executing getChangesFiles: git log 96bb53a870d1bd43789654e41900229b25d39ce3 -C -M -m -1 --no-show-signature --first-parent --raw --format=format: --numstat -z -- (took 11.733s)
2023-02-01T06:12:43.675Z - info: [ui] [AppStore.getAccountForRemoteURL] account found for remote: https://github.com/hamburgerghini1/kde_macos_2023.git - hamburgerghini1 (has token)
2023-02-01T06:14:11.821Z - info: [ui] Executing clone: git -c credential.helper= -c init.defaultBranch=main clone --recursive --progress -- https://github.com/hamburgerghini1/kde_macos_2023.git /home/tommi/Documents/GitHub/kde_macos_2023 (took 88.145s)
2023-02-01T06:14:11.839Z - info: [ui] [AppStore] adding repository at /home/tommi/Documents/GitHub/kde_macos_2023 to store
2023-02-01T06:14:11.918Z - info: [ui] [BranchPruner] Last prune took place 11 minutes ago - skipping
2023-02-01T06:20:01.496Z - info: [ui] [AppStore.withAuthenticatingUser] account found for repository: kde_macos_2023 - hamburgerghini1 (has token)
2023-02-01T06:20:03.510Z - info: [ui] Executing updateRemoteHEAD: git -c credential.helper= remote set-head -a origin (took 1.187s)
2023-02-01T06:20:06.795Z - error: [ui] 'git status' emitted 33462919 bytes, which is beyond the supported threshold of 20000000 bytes
2023-02-01T06:20:07.411Z - error: [ui] 'git status' emitted 33462919 bytes, which is beyond the supported threshold of 20000000 bytes
2023-02-01T06:20:11.652Z - error: [ui] 'git status' emitted 33462919 bytes, which is beyond the supported threshold of 20000000 bytes
2023-02-01T06:20:14.154Z - error: [ui] 'git status' emitted 33462919 bytes, which is beyond the supported threshold of 20000000 bytes
2023-02-01T06:20:15.260Z - info: [ui] [BranchPruner] Last prune took place 17 minutes ago - skipping
2023-02-01T06:20:17.641Z - error: [ui] 'git status' emitted 33462919 bytes, which is beyond the supported threshold of 20000000 bytes
2023-02-01T06:20:19.150Z - info: [ui] [AppStore.withAuthenticatingUser] account found for repository: kde_macos_2023 - hamburgerghini1 (has token)
2023-02-01T06:20:22.501Z - error: [ui] 'git status' emitted 33462919 bytes, which is beyond the supported threshold of 20000000 bytes
2023-02-01T06:20:22.610Z - error: [ui] 'git status' emitted 33462919 bytes, which is beyond the supported threshold of 20000000 bytes
2023-02-01T06:20:24.440Z - error: [ui] 'git status' emitted 33462919 bytes, which is beyond the supported threshold of 20000000 bytes
2023-02-01T06:20:27.650Z - error: [ui] 'git status' emitted 33462919 bytes, which is beyond the supported threshold of 20000000 bytes
2023-02-01T06:20:29.311Z - info: [ui] [BranchPruner] Last prune took place 17 minutes ago - skipping
2023-02-01T06:20:29.657Z - error: [ui] 'git status' emitted 33462919 bytes, which is beyond the supported threshold of 20000000 bytes
2023-02-01T06:20:36.191Z - error: [ui] 'git status' emitted 33462919 bytes, which is beyond the supported threshold of 20000000 bytes
2023-02-01T06:20:36.387Z - error: [ui] 'git status' emitted 33462919 bytes, which is beyond the supported threshold of 20000000 bytes
2023-02-01T06:20:37.442Z - warn: [ui] fetchRepository: 'hamburgerghini1/dotfiles' returned a 404
2023-02-01T06:20:37.606Z - warn: [ui] fetchRepository: 'hamburgerghini1/dotfiles' returned a 404
2023-02-01T06:20:37.606Z - info: [ui] [AppStore.withAuthenticatingUser] account found for repository: dotfiles - hamburgerghini1 (has token)
2023-02-01T06:20:38.013Z - error: [ui] `git -c credential.helper= fetch --progress --prune --recurse-submodules=on-demand origin` exited with an unexpected code: 128.
stderr:
remote: Repository not found.
fatal: repository 'https://github.com/hamburgerghini1/dotfiles.git/' not found

(The error was parsed as 8: The repository does not seem to exist anymore. You may not have access, or it may have been deleted or renamed.)
2023-02-01T06:20:38.399Z - info: [ui] [RepositoryIndicatorUpdater]: Refreshing sidebar indicators for 4 repositories took 2.1s of which 0.0s paused, total 2.1s
