No CAP_SYS_NICE, falling back to regular-priority compute and threads.
Performance will be affected.
wlserver: [backend/headless/backend.c:68] Creating headless backend
wlserver: [libseat] [libseat/backend/seatd.c:64] Could not connect to socket /run/seatd.sock: No such file or directory
wlserver: [libseat] [libseat/libseat.c:76] Backend 'seatd' failed to open seat, skipping
wlserver: [libseat] [libseat/libseat.c:73] Seat opened with backend 'logind'
wlserver: [backend/session/session.c:109] Successfully loaded libseat session
ATTENTION: default value of option vk_xwayland_wait_ready overridden by environment.
ATTENTION: default value of option vk_xwayland_wait_ready overridden by environment.
ATTENTION: default value of option vk_xwayland_wait_ready overridden by environment.
vulkan: selecting physical device 'AMD Radeon RX 6700 XT (RADV NAVI22)': queue family 1
vulkan: physical device supports DRM format modifiers
drm: opening DRM node '/dev/dri/card0'
drm: Immediate flips are not supported by the KMS driver
drm: found new connector 'HDMI-A-1'
drm: found new connector 'DP-3'
drm: found new connector 'DP-2'
drm: found new connector 'DP-1'
drm: Connectors:
drm:   HDMI-A-1 (disconnected)
drm:   DP-3 (connected)
drm:   DP-2 (disconnected)
drm:   DP-1 (disconnected)
drm: selecting connector DP-3
drm: selecting mode 2560x1440@60Hz
vulkan: supported DRM formats for sampling usage:
vulkan:   AR24 (0x34325241)
vulkan:   XR24 (0x34325258)
vulkan:   AB24 (0x34324241)
vulkan:   XB24 (0x34324258)
vulkan:   NV12 (0x3231564E)
vulkan:   AB4H (0x48344241)
vulkan:   AB48 (0x38344241)
vulkan:   AB30 (0x30334241)
vulkan:   XB30 (0x30334258)
vulkan:   AR30 (0x30335241)
vulkan:   XR30 (0x30335258)
wlserver: Running compositor on wayland display 'gamescope-0'
wlserver: [backend/headless/backend.c:16] Starting headless backend
wlserver: [backend/libinput/backend.c:87] Starting libinput backend
wlserver: [backend/libinput/events.c:70] Adding Power Button [0:1]
wlserver: [backend/libinput/events.c:70] Adding Power Button [0:1]
wlserver: [backend/libinput/events.c:70] Adding Sleep Button [0:3]
wlserver: [backend/libinput/events.c:70] Adding Kingston HyperX Alloy FPS RGB [2385:5852]
wlserver: [backend/libinput/events.c:70] Adding Kingston HyperX Alloy FPS RGB [2385:5852]
wlserver: [backend/libinput/events.c:70] Adding Kingston HyperX Alloy FPS RGB Mouse [2385:5852]
wlserver: [backend/libinput/events.c:70] Adding Kingston HyperX Alloy FPS RGB System Control [2385:5852]
wlserver: [backend/libinput/events.c:70] Adding Kingston HyperX Alloy FPS RGB Consumer Control [2385:5852]
wlserver: [backend/libinput/events.c:70] Adding Kingston HyperX Alloy FPS RGB Keyboard [2385:5852]
wlserver: [backend/libinput/events.c:70] Adding SOAI USB Gaming Mouse [4119:32801]
wlserver: [backend/libinput/events.c:70] Adding SOAI USB Gaming Mouse Keyboard [4119:32801]
wlserver: [backend/libinput/events.c:70] Adding ASUS TUF H3 Wireless Consumer Control [2821:6499]
wlserver: [backend/libinput/events.c:70] Adding Eee PC WMI hotkeys [0:0]
wlserver: [backend/libinput/backend.c:128] libinput successfully initialized
wlserver: [xwayland/sockets.c:63] Failed to bind socket @/tmp/.X11-unix/X0: Address already in use
wlserver: [xwayland/sockets.c:63] Failed to bind socket @/tmp/.X11-unix/X0: Address already in use
wlserver: [xwayland/server.c:108] Starting Xwayland on :1
wlserver: [xwayland/server.c:108] Starting Xwayland on :2
wlserver: [types/wlr_compositor.c:673] New wlr_surface 0x563bc2926e30 (res 0x563bc2b39a40)
wlserver: [xwayland/server.c:273] Xserver is ready
wlserver: [types/wlr_compositor.c:673] New wlr_surface 0x563bc291e4b0 (res 0x563bc2b36a80)
wlserver: [xwayland/server.c:273] Xserver is ready
pipewire: stream state changed: connecting
pipewire: stream state changed: paused
pipewire: stream available on node ID: 47
xwm: Embedded, no cursor set. Using left_ptr by default.
xwm: Embedded, no cursor set. Using left_ptr by default.
wlserver: Updating mode for xwayland server #0: 2560x1440@60
pipewire: renegotiating stream params (size: 2560x1440)
wlserver: [types/wlr_compositor.c:673] New wlr_surface 0x563bc289b220 (res 0x563bc2afa110)
xwm: Rejecting WM_CHANGE_STATE to ICONIC for window 0x400007
The XKEYBOARD keymap compiler (xkbcomp) reports:
> Warning:          Unsupported maximum keycode 708, clipping.
>                   X11 cannot support keycodes above 255.
The XKEYBOARD keymap compiler (xkbcomp) reports:
> Warning:          Unsupported maximum keycode 708, clipping.
>                   X11 cannot support keycodes above 255.
Errors from xkbcomp are not fatal to the X server
Errors from xkbcomp are not fatal to the X server
radv: Updated the per-vertex VRS rate to '0'.
wlserver: Updating mode for xwayland server #0: 1920x1080@60
wlserver: Updating mode for xwayland server #0: 1920x1080@60
wlserver: Updating mode for xwayland server #0: 1920x1080@60
wlserver: [types/wlr_compositor.c:673] New wlr_surface 0x563bc2928190 (res 0x563bc2b418a0)
wlserver: [backend/libinput/events.c:70] Adding Xbox Wireless Controller Keyboard [1118:654]
wlserver: [types/wlr_compositor.c:673] New wlr_surface 0x563bc2c30530 (res 0x563bc2c55da0)
wlserver: [types/wlr_compositor.c:673] New wlr_surface 0x563bc2c30940 (res 0x563bc2a901c0)
xwm: error 3: BadWindow (invalid Window parameter) request 15 minor 0 serial 623
wlserver: [types/wlr_compositor.c:673] New wlr_surface 0x563bc2c30ca0 (res 0x563bc2ba4410)
wlserver: [types/wlr_compositor.c:673] New wlr_surface 0x563bc2c31000 (res 0x563bc2bb3140)
xwm: error 3: BadWindow (invalid Window parameter) request 15 minor 0 serial 1058
wlserver: Updating mode for xwayland server #1: 1280x720@60
wlserver: [types/wlr_compositor.c:673] New wlr_surface 0x563bc2c30530 (res 0x563bc2ba4820)
xwm: error 2: BadValue (integer parameter out of range for operation) request 138 minor 31 serial 1126
xwm: error 2: BadValue (integer parameter out of range for operation) request 138 minor 31 serial 1129
xwm: error 141: 141 request 138 minor 32 serial 1138
xwm: error 141: 141 request 138 minor 32 serial 1141
wlserver: [types/wlr_compositor.c:673] New wlr_surface 0x563bc2c30ae0 (res 0x563bc2c411f0)
wlserver: surf->wl_id already set, was 33, set 32
wlserver: Updating mode for xwayland server #1: 1280x720@60
wlserver: [types/wlr_compositor.c:673] New wlr_surface 0x563bc2c30530 (res 0x563bc2baccc0)
xwm: error 2: BadValue (integer parameter out of range for operation) request 138 minor 31 serial 54426
xwm: error 2: BadValue (integer parameter out of range for operation) request 138 minor 31 serial 54429
xwm: error 141: 141 request 138 minor 32 serial 54438
xwm: error 141: 141 request 138 minor 32 serial 54441
wlserver: [types/wlr_compositor.c:673] New wlr_surface 0x563bc2c30f00 (res 0x563bc2bb24e0)
wlserver: surf->wl_id already set, was 11, set 27
wlserver: [types/wlr_compositor.c:673] New wlr_surface 0x563bc2c30530 (res 0x563bc2bad260)
wlserver: [types/wlr_compositor.c:673] New wlr_surface 0x563bc2c30f00 (res 0x563bc2ba8680)
xwm: error 3: BadWindow (invalid Window parameter) request 15 minor 0 serial 110507
wlserver: [types/wlr_compositor.c:673] New wlr_surface 0x563bc2c33130 (res 0x563bc2c43690)
wlserver: [types/wlr_compositor.c:673] New wlr_surface 0x563bc2c33490 (res 0x563bc2c45fa0)
xwm: error 3: BadWindow (invalid Window parameter) request 15 minor 0 serial 110885
wlserver: Updating mode for xwayland server #1: 1280x720@60
wlserver: [types/wlr_compositor.c:673] New wlr_surface 0x563bc2c30530 (res 0x563bc2c44410)
xwm: error 2: BadValue (integer parameter out of range for operation) request 138 minor 31 serial 110950
xwm: error 2: BadValue (integer parameter out of range for operation) request 138 minor 31 serial 110953
xwm: error 141: 141 request 138 minor 32 serial 110962
xwm: error 141: 141 request 138 minor 32 serial 110965
The XKEYBOARD keymap compiler (xkbcomp) reports:
> Warning:          Unsupported maximum keycode 708, clipping.
>                   X11 cannot support keycodes above 255.
Errors from xkbcomp are not fatal to the X server
The XKEYBOARD keymap compiler (xkbcomp) reports:
> Warning:          Unsupported maximum keycode 708, clipping.
>                   X11 cannot support keycodes above 255.
Errors from xkbcomp are not fatal to the X server
The XKEYBOARD keymap compiler (xkbcomp) reports:
The XKEYBOARD keymap compiler (xkbcomp) reports:
> > Warning:          Warning:          Unsupported maximum keycode 708, clipping.
Unsupported maximum keycode 708, clipping.
> >                                     X11 cannot support keycodes above 255.
X11 cannot support keycodes above 255.
Errors from xkbcomp are not fatal to the X server
Errors from xkbcomp are not fatal to the X server
wlserver: [types/wlr_compositor.c:673] New wlr_surface 0x563bc2c30530 (res 0x563bc2baa180)
wlserver: [types/wlr_compositor.c:673] New wlr_surface 0x563bc2c33130 (res 0x563bc2ba9be0)
wlserver: [types/wlr_compositor.c:673] New wlr_surface 0x563bc2c33490 (res 0x563bc2bad020)
wlserver: [types/wlr_compositor.c:673] New wlr_surface 0x563bc2c337f0 (res 0x563bc2ba6790)
wlserver: [types/wlr_compositor.c:673] New wlr_surface 0x563bc2c33b50 (res 0x563bc2ba5d70)
wlserver: [types/wlr_compositor.c:673] New wlr_surface 0x563bc2c33eb0 (res 0x563bc2b6c810)
wlserver: [types/wlr_compositor.c:673] New wlr_surface 0x563bc2c34210 (res 0x563bc2ba61f0)
wlserver: [types/wlr_compositor.c:673] New wlr_surface 0x563bc2c34570 (res 0x563bc2b6d940)
wlserver: [types/wlr_compositor.c:673] New wlr_surface 0x563bc2c348d0 (res 0x563bc2bb4e80)
xwm: error 3: BadWindow (invalid Window parameter) request 8 minor 0 serial 105317
gamescope: received kill signal, terminating!
gamescope: received kill signal, terminating!
gamescope: received kill signal, terminating!
gamescope: ../src/wlserver.cpp:1510: void wlserver_x11_surface_info_finish(wlserver_x11_surface_info*): Assertion `wlserver_is_lock_held()' failed.
