[36mINFO[0m[Feb  6 10:31:54.329] No need to migrate file, source doesn't exist  [36mdestination[0m=/home/tommi/.var/app/ch.protonmail.protonmail-bridge/config/protonmail/bridge/prefs.json [36msource[0m=/home/tommi/.var/app/ch.protonmail.protonmail-bridge/cache/protonmail/bridge/c11/prefs.json
[36mINFO[0m[Feb  6 10:31:54.329] No need to migrate file, source doesn't exist  [36mdestination[0m=/home/tommi/.var/app/ch.protonmail.protonmail-bridge/config/protonmail/bridge/cache/c11 [36msource[0m=/home/tommi/.var/app/ch.protonmail.protonmail-bridge/cache/protonmail/bridge/c11
[36mINFO[0m[Feb  6 10:31:54.329] No need to migrate file, source doesn't exist  [36mdestination[0m=/home/tommi/.var/app/ch.protonmail.protonmail-bridge/config/protonmail/bridge/cache/c11 [36msource[0m=/home/tommi/.var/app/ch.protonmail.protonmail-bridge/cache/protonmail/bridge/cache/c11
[33mWARN[0m[Feb  6 10:31:54.329] Cannot load preferences file, creating new one  [33merror[0m="open /home/tommi/.var/app/ch.protonmail.protonmail-bridge/config/protonmail/bridge/prefs.json: no such file or directory"
[36mINFO[0m[Feb  6 10:31:54.331] Run app                                       [36mappName[0m="Proton Mail Bridge" [36margs[0m="[protonmail-bridge]" [36mbuild[0m="2022-08-31T15:11:10+0000" [36mrevision[0m=b5321f8993 [36mruntime[0m=linux [36mversion[0m=2.3.0
[36mINFO[0m[Feb  6 10:31:54.495] Requesting GET /metrics                       [36mpkg[0m=pmapi
[36mINFO[0m[Feb  6 10:31:54.714] Checking for updates                         
[36mINFO[0m[Feb  6 10:31:54.714] Requesting GET https://protonmail.com/download/bridge/version_linux.json  [36mpkg[0m=pmapi
[36mINFO[0m[Feb  6 10:31:54.714] Starting server                               [36maddress[0m="127.0.0.1:1143" [36mpkg[0m=serverutil [36mprotocol[0m=IMAP [36museSSL[0m=false
[36mINFO[0m[Feb  6 10:31:54.714] API listening at 127.0.0.1:1042               [36mpkg[0m=api
[36mINFO[0m[Feb  6 10:31:54.714] Starting server                               [36maddress[0m="127.0.0.1:1025" [36mpkg[0m=serverutil [36mprotocol[0m=SMTP [36museSSL[0m=false
[36mINFO[0m[Feb  6 10:31:54.783] No active accounts                            [36mpkg[0m=frontend/qt
[36mINFO[0m[Feb  6 10:31:54.783] Checking for updates                         
[36mINFO[0m[Feb  6 10:31:54.783] Requesting GET https://protonmail.com/download/bridge/version_linux.json  [36mpkg[0m=pmapi
[36mINFO[0m[Feb  6 10:31:54.784] License file path                             [36mpath[0m=/usr/share/licenses/protonmail-bridge/LICENSE
[36mINFO[0m[Feb  6 10:31:54.904] Requesting GET https://protonmail.com/download/bridge/version_linux.json.sig  [36mpkg[0m=pmapi
[36mINFO[0m[Feb  6 10:31:54.919] Requesting GET https://protonmail.com/download/bridge/version_linux.json.sig  [36mpkg[0m=pmapi
[33mWARN[0m[Feb  6 10:31:55.706] failed to register service "org.kde.StatusNotifierItem-2-1"  [33mpkg[0m=frontent/qml
[36mINFO[0m[Feb  6 10:31:55.724] Trying to get user by wrong index             [36mindex[0m=0 [36mpkg[0m=frontend/qt [36msize[0m=0
[36mINFO[0m[Feb  6 10:31:55.726] No need to update                             [36mpkg[0m=app/bridge
