(20:38:27) INFO:    [Connection]:       Connectivity: check-online
(20:38:27) INFO:    [Connection]:       Pinging external endpoints
(20:38:27) INFO:    [Legendary]:        Running command: /app/bin/heroic/resources/app.asar.unpacked/build/bin/linux/legendary --version
(20:38:27) INFO:    [Legendary]:        Legendary location: /app/bin/heroic/resources/app.asar.unpacked/build/bin/linux/legendary
(20:38:27) INFO:    [Gog]:              GOGDL location: /app/bin/heroic/resources/app.asar.unpacked/build/bin/linux/gogdl
(20:38:27) WARNING: [Backend]:          Failed to register protocol with OS.
(20:38:27) INFO:    [Connection]:       Connectivity: online
(20:38:27) INFO:    [Backend]:          User Not Found, removing it from Store
(20:38:27) INFO:    [Backend]:          AreWeAntiCheatYet data downloaded
(20:38:27) INFO:    [Gog]:              Running command: /app/bin/heroic/resources/app.asar.unpacked/build/bin/linux/gogdl --version
(20:38:28) INFO:    [Backend]:          

Heroic Version: 2.5.2 Yamato
Legendary Version:  0.20.31 Dark Energy (hotfix #5)
GOGdl Version: 0.5
OS: Freedesktop SDK KERNEL: 6.1.4-203.fsync.fc37.x86_64 ARCH: x64
CPU: Intel Core™ i5-10600K @4.1 GOVERNOR: powersave
RAM: Total: 31.24 GiB Available: 23.84 GiB
GRAPHICS: GPU0: Navi 22 [Radeon RX 6700/6700 XT/6750 XT / 6800M] VRAM: 1MB  
PROTOCOL: wayland

(20:38:28) INFO:    [Backend]:          Frontend Ready
(20:38:28) INFO:    [Backend]:          Checking for current version changelog
(20:38:28) INFO:    [Frontend]:         Updated to a new version, cleaaning up the cache.
(20:38:28) INFO:    [Legendary]:        Running command: /app/bin/heroic/resources/app.asar.unpacked/build/bin/linux/legendary cleanup
(20:38:29) INFO:    [Winetricks]:       Downloading Winetricks
(20:38:30) WARNING: [Winetricks]:       Error Downloading Winetricks Error: ENOENT: no such file or directory, open '/home/tommi/.var/app/com.heroicgameslauncher.hgl/config/heroic/tools/winetricks'
    at Object.openSync (node:fs:585:3)
    at Object.func [as openSync] (node:electron/js2c/asar_bundle:5:1810)
    at Object.writeFileSync (node:fs:2170:35)
    at Object.download (/app/bin/heroic/resources/app.asar/build/electron/main.f5946442.js:5:2425)
    at process.processTicksAndRejections (node:internal/process/task_queues:96:5)
(20:38:30) INFO:    [DXVKInstaller]:    Updating dxvk to: dxvk-2.0
(20:38:30) INFO:    [DXVKInstaller]:    Updating vkd3d to: vkd3d-proton-2.7
(20:38:31) INFO:    [DXVKInstaller]:    downloaded vkd3d
(20:38:31) INFO:    [DXVKInstaller]:    extracting vkd3d
(20:38:31) INFO:    [DXVKInstaller]:    downloaded dxvk
(20:38:31) INFO:    [DXVKInstaller]:    extracting dxvk
(20:38:31) INFO:    [DXVKInstaller]:    vkd3d updated!
(20:38:31) INFO:    [DXVKInstaller]:    dxvk updated!
(20:38:33) INFO:    [Backend]:          Starting the Download Queue
(20:39:36) INFO:    [Legendary]:        Logging in: /app/bin/heroic/resources/app.asar.unpacked/build/bin/linux/legendary auth --code <redacted>
(20:39:37) INFO:    [Frontend]:         Refreshing Library
(20:39:37) INFO:    [Legendary]:        Refreshing library...
(20:39:37) INFO:    [Legendary]:        Refreshing Epic Games...
(20:39:37) INFO:    [Legendary]:        Game list updated, got 0 games & DLCs
(20:39:37) INFO:    [Frontend]:         Called Login
(20:39:37) INFO:    [Frontend]:         No cache found, getting data from legendary...
(20:39:37) INFO:    [Legendary]:        Refreshing library...
(20:39:37) INFO:    [Legendary]:        Game list updated, got 0 games & DLCs
(20:39:37) INFO:    [Legendary]:        Running command: /app/bin/heroic/resources/app.asar.unpacked/build/bin/linux/legendary list --third-party
(20:39:40) INFO:    [Frontend]:         Refreshing Library
(20:39:40) INFO:    [Legendary]:        Refreshing library...
(20:39:40) INFO:    [Legendary]:        Refreshing Epic Games...
(20:39:40) INFO:    [Legendary]:        Game list updated, got 71 games & DLCs
(20:39:40) INFO:    [Frontend]:         No cache found, getting data from legendary...
(20:39:40) INFO:    [Legendary]:        Refreshing library...
(20:39:40) INFO:    [Legendary]:        Game list updated, got 71 games & DLCs
(20:39:40) INFO:    [Frontend]:         Force Update
(20:39:40) INFO:    [Legendary]:        Running command: /app/bin/heroic/resources/app.asar.unpacked/build/bin/linux/legendary list --third-party
(20:39:41) INFO:    [Legendary]:        Getting Info from Epic API
(20:39:41) ERROR:   [Legendary]:        Error Getting Info from Epic API
(20:39:41) INFO:    [Legendary]:        Getting Info from Epic API
(20:39:41) ERROR:   [Legendary]:        Error Getting Info from Epic API
(20:39:41) INFO:    [Legendary]:        Getting Info from Epic API
(20:39:41) ERROR:   [Legendary]:        Error Getting Info from Epic API
(20:39:41) INFO:    [Legendary]:        Getting Info from Epic API
(20:39:41) INFO:    [Legendary]:        Getting Info from Epic API
(20:39:41) ERROR:   [Legendary]:        Error Getting Info from Epic API
(20:39:41) INFO:    [Legendary]:        Getting Info from Epic API
(20:39:41) INFO:    [Legendary]:        Getting Info from Epic API
(20:39:41) INFO:    [Legendary]:        Getting Info from Epic API
(20:39:41) ERROR:   [Legendary]:        Error Getting Info from Epic API
(20:39:41) ERROR:   [Legendary]:        Error Getting Info from Epic API
(20:39:41) INFO:    [Legendary]:        Getting Info from Epic API
(20:39:41) INFO:    [Legendary]:        Getting Info from Epic API
(20:39:41) INFO:    [Legendary]:        Getting Info from Epic API
(20:39:41) ERROR:   [Legendary]:        Error Getting Info from Epic API
(20:39:41) ERROR:   [Legendary]:        Error Getting Info from Epic API
(20:39:41) INFO:    [Legendary]:        Getting Info from Epic API
(20:39:41) ERROR:   [Legendary]:        Error Getting Info from Epic API
(20:39:41) ERROR:   [Legendary]:        Error Getting Info from Epic API
(20:39:41) ERROR:   [Legendary]:        Error Getting Info from Epic API
(20:39:41) ERROR:   [Legendary]:        Error Getting Info from Epic API
(20:39:41) ERROR:   [Legendary]:        Error Getting Info from Epic API
(20:39:41) INFO:    [Legendary]:        Getting Info from Epic API
(20:39:41) ERROR:   [Legendary]:        Error Getting Info from Epic API
(20:39:41) ERROR:   [Legendary]:        Error Getting Info from Epic API
(20:39:41) INFO:    [Legendary]:        Getting Info from Epic API
(20:39:41) INFO:    [Legendary]:        Getting Info from Epic API
(20:39:41) ERROR:   [Legendary]:        Error Getting Info from Epic API
(20:39:41) ERROR:   [Legendary]:        Error Getting Info from Epic API
(20:39:41) INFO:    [Legendary]:        Getting Info from Epic API
(20:39:41) INFO:    [Legendary]:        Getting Info from Epic API
(20:39:41) INFO:    [Legendary]:        Getting Info from Epic API
(20:39:41) INFO:    [Legendary]:        Getting Info from Epic API
(20:39:41) INFO:    [Legendary]:        Getting Info from Epic API
(20:39:41) INFO:    [Legendary]:        Getting Info from Epic API
(20:39:41) INFO:    [Legendary]:        Getting Info from Epic API
(20:39:41) ERROR:   [Legendary]:        Error Getting Info from Epic API
(20:39:41) INFO:    [Legendary]:        Getting Info from Epic API
(20:39:41) INFO:    [Legendary]:        Getting Info from Epic API
(20:39:41) INFO:    [Legendary]:        Getting Info from Epic API
(20:39:41) INFO:    [Legendary]:        Getting Info from Epic API
(20:39:41) ERROR:   [Legendary]:        Error Getting Info from Epic API
(20:39:41) ERROR:   [Legendary]:        Error Getting Info from Epic API
(20:39:41) INFO:    [Legendary]:        Getting Info from Epic API
(20:39:41) ERROR:   [Legendary]:        Error Getting Info from Epic API
(20:39:41) INFO:    [Legendary]:        Getting Info from Epic API
(20:39:41) INFO:    [Legendary]:        Getting Info from Epic API
(20:39:41) ERROR:   [Legendary]:        Error Getting Info from Epic API
(20:39:41) INFO:    [Legendary]:        Getting Info from Epic API
(20:39:42) ERROR:   [Legendary]:        Error Getting Info from Epic API
(20:39:42) ERROR:   [Legendary]:        Error Getting Info from Epic API
(20:39:42) INFO:    [Legendary]:        Getting Info from Epic API
(20:39:42) INFO:    [Legendary]:        Getting Info from Epic API
(20:39:42) INFO:    [Legendary]:        Getting Info from Epic API
(20:39:42) INFO:    [Legendary]:        Getting Info from Epic API
(20:39:42) INFO:    [Legendary]:        Getting Info from Epic API
(20:39:42) INFO:    [Legendary]:        Getting Info from Epic API
(20:39:42) INFO:    [Legendary]:        Getting Info from Epic API
(20:40:44) INFO:    [Backend]:          Getting HowLongToBeat data for Saints Row
(20:40:44) INFO:    [Legendary]:        Getting more details with 'legendary info'
(20:40:44) INFO:    [Legendary]:        Getting more details with 'legendary info'
(20:40:44) INFO:    [Legendary]:        Running command: /app/bin/heroic/resources/app.asar.unpacked/build/bin/linux/legendary info Cormorant --platform Windows --json
(20:40:44) INFO:    [Legendary]:        Running command: /app/bin/heroic/resources/app.asar.unpacked/build/bin/linux/legendary info Cormorant --platform Windows --json
(20:40:46) INFO:    [Legendary]:        Getting more details with 'legendary info'
(20:40:46) DEBUG:   [Backend]:          {"free":440200732672,"diskSize":461490151424,"message":"409.97 GiB / 429.8 GiB","validPath":true}
(20:40:46) INFO:    [Legendary]:        Running command: /app/bin/heroic/resources/app.asar.unpacked/build/bin/linux/legendary info Cormorant --platform Windows --json
(20:40:49) DEBUG:   [Backend]:          {"free":440200732672,"diskSize":461490151424,"message":"409.97 GiB / 429.8 GiB","validPath":true}
(20:40:58) DEBUG:   [Backend]:          {"free":86866612224,"diskSize":1024208142336,"message":"80.9 GiB / 953.87 GiB","validPath":true}
(20:41:01) INFO:    [Backend]:          Writing config for Cormorant
(20:41:01) INFO:    [Backend]:          Changed config: winePrefix from /home/tommi/.wine to /home/tommi/Games/Heroic/Prefixes/Saints Row
(20:41:01) INFO:    [DownloadManager]:  Cormorant added to download manager queue.
(20:41:01) DEBUG:   [Legendary]:        Using cached install info
(20:41:01) INFO:    [Backend]:          Preventing machine to sleep
(20:41:01) DEBUG:   [Legendary]:        Using cached install info
(20:41:02) DEBUG:   [Legendary]:        Using cached install info
(20:41:02) DEBUG:   [Legendary]:        Using cached install info
(20:41:02) INFO:    [Legendary]:        Installing Cormorant: /app/bin/heroic/resources/app.asar.unpacked/build/bin/linux/legendary install Cormorant --platform Windows --base-path /run/user/1000/doc/c1ed32d7/Heroic --skip-dlcs --skip-sdl -y
(20:41:02) DEBUG:   [Legendary]:        Logging to file "/home/tommi/.var/app/com.heroicgameslauncher.hgl/config/heroic/GamesConfig/Cormorant.log"
(20:41:04) INFO:    [Legendary]:        Progress for Cormorant: 0%/0.00MiB/00:00:00 Down: 0MiB/s / Disk: 0MiB/s
(20:41:04) DEBUG:   [Legendary]:        Using cached install info
(20:41:04) DEBUG:   [Legendary]:        Using cached install info
(20:41:05) INFO:    [Legendary]:        Progress for Cormorant: 0.13%/51.56MiB/00:13:56 Down: 51.51MiB/s / Disk: 53.04MiB/s
(20:41:06) INFO:    [Legendary]:        Progress for Cormorant: 0.28%/109.21MiB/00:12:56 Down: 0MiB/s / Disk: 0MiB/s
(20:41:07) INFO:    [Legendary]:        Progress for Cormorant: 0.42%/164.84MiB/00:12:09 Down: 55.58MiB/s / Disk: 67.87MiB/s
(20:41:08) INFO:    [Legendary]:        Progress for Cormorant: 0.57%/224.47MiB/00:11:24 Down: 0MiB/s / Disk: 0MiB/s
(20:41:09) INFO:    [Legendary]:        Progress for Cormorant: 0.72%/280.69MiB/00:11:45 Down: 0MiB/s / Disk: 0MiB/s
(20:41:10) INFO:    [Legendary]:        Progress for Cormorant: 0.85%/331.72MiB/00:11:30 Down: 0MiB/s / Disk: 0MiB/s
(20:41:11) INFO:    [Legendary]:        Progress for Cormorant: 1%/390.45MiB/00:10:48 Down: 0MiB/s / Disk: 0MiB/s
(20:41:12) INFO:    [Legendary]:        Progress for Cormorant: 1.15%/449.91MiB/00:11:14 Down: 0MiB/s / Disk: 0MiB/s
(20:41:13) INFO:    [Legendary]:        Progress for Cormorant: 1.28%/500.40MiB/00:11:27 Down: 0MiB/s / Disk: 0MiB/s
(20:41:15) INFO:    [Legendary]:        Progress for Cormorant: 1.56%/608.77MiB/00:12:16 Down: 0MiB/s / Disk: 0MiB/s
(20:41:16) INFO:    [Legendary]:        Progress for Cormorant: 1.7%/663.93MiB/00:12:11 Down: 0MiB/s / Disk: 0MiB/s
(20:41:17) INFO:    [Legendary]:        Progress for Cormorant: 1.85%/721.60MiB/00:11:58 Down: 0MiB/s / Disk: 0MiB/s
(20:41:18) INFO:    [Legendary]:        Progress for Cormorant: 1.97%/771.25MiB/00:11:43 Down: 0MiB/s / Disk: 0MiB/s
(20:41:19) INFO:    [Legendary]:        Progress for Cormorant: 2.12%/827.01MiB/00:11:51 Down: 0MiB/s / Disk: 0MiB/s
(20:41:20) INFO:    [Legendary]:        Progress for Cormorant: 2.25%/877.96MiB/00:11:47 Down: 50.9MiB/s / Disk: 0MiB/s
(20:41:21) INFO:    [Legendary]:        Progress for Cormorant: 2.39%/934.30MiB/00:11:58 Down: 0MiB/s / Disk: 0MiB/s
(20:41:22) INFO:    [Legendary]:        Progress for Cormorant: 2.52%/985.83MiB/00:11:56 Down: 0MiB/s / Disk: 0MiB/s
(20:41:23) INFO:    [Legendary]:        Progress for Cormorant: 2.66%/1037.43MiB/00:11:55 Down: 0MiB/s / Disk: 0MiB/s
(20:41:24) INFO:    [Legendary]:        Progress for Cormorant: 2.81%/1097.57MiB/00:11:54 Down: 0MiB/s / Disk: 0MiB/s
(20:41:25) INFO:    [Legendary]:        Progress for Cormorant: 2.95%/1151.01MiB/00:11:49 Down: 0MiB/s / Disk: 0MiB/s
(20:41:26) INFO:    [Legendary]:        Progress for Cormorant: 3.1%/1210.21MiB/00:12:18 Down: 0MiB/s / Disk: 0MiB/s
(20:41:27) INFO:    [Legendary]:        Progress for Cormorant: 3.24%/1267.32MiB/00:11:55 Down: 56.99MiB/s / Disk: 0MiB/s
(20:41:28) INFO:    [Legendary]:        Progress for Cormorant: 3.4%/1328.61MiB/00:11:43 Down: 0MiB/s / Disk: 0MiB/s
(20:41:29) INFO:    [Legendary]:        Progress for Cormorant: 3.54%/1381.96MiB/00:11:42 Down: 0MiB/s / Disk: 0MiB/s
(20:41:30) INFO:    [Legendary]:        Progress for Cormorant: 3.67%/1432.20MiB/00:11:43 Down: 0MiB/s / Disk: 0MiB/s
(20:41:31) INFO:    [Legendary]:        Progress for Cormorant: 3.8%/1483.60MiB/00:11:38 Down: 0MiB/s / Disk: 0MiB/s
(20:41:32) INFO:    [Legendary]:        Progress for Cormorant: 3.95%/1544.93MiB/00:11:36 Down: 61.27MiB/s / Disk: 0MiB/s
(20:41:33) INFO:    [Legendary]:        Progress for Cormorant: 4.08%/1594.33MiB/00:11:34 Down: 0MiB/s / Disk: 0MiB/s
(20:41:36) INFO:    [Legendary]:        Progress for Cormorant: 4.49%/1753.15MiB/00:11:33 Down: 0MiB/s / Disk: 0MiB/s
(20:41:38) INFO:    [Legendary]:        Progress for Cormorant: 4.77%/1863.99MiB/00:11:33 Down: 0MiB/s / Disk: 0MiB/s
(20:41:39) INFO:    [Legendary]:        Progress for Cormorant: 4.91%/1918.30MiB/00:11:29 Down: 54.25MiB/s / Disk: 0MiB/s
(20:41:40) INFO:    [Legendary]:        Progress for Cormorant: 5.04%/1970.77MiB/00:11:26 Down: 0MiB/s / Disk: 0MiB/s
(20:41:41) INFO:    [Legendary]:        Progress for Cormorant: 5.18%/2023.91MiB/00:11:27 Down: 0MiB/s / Disk: 0MiB/s
(20:41:42) INFO:    [Legendary]:        Progress for Cormorant: 5.32%/2079.81MiB/00:11:23 Down: 0MiB/s / Disk: 0MiB/s
(20:41:43) INFO:    [Legendary]:        Progress for Cormorant: 5.44%/2125.30MiB/00:11:27 Down: 0MiB/s / Disk: 0MiB/s
(20:41:44) INFO:    [Legendary]:        Progress for Cormorant: 5.6%/2189.65MiB/00:11:20 Down: 0MiB/s / Disk: 0MiB/s
(20:41:45) INFO:    [Legendary]:        Progress for Cormorant: 5.76%/2252.22MiB/00:11:29 Down: 0MiB/s / Disk: 0MiB/s
(20:41:46) INFO:    [Legendary]:        Progress for Cormorant: 5.92%/2311.10MiB/00:11:27 Down: 58.82MiB/s / Disk: 68.01MiB/s
(20:41:47) INFO:    [Legendary]:        Progress for Cormorant: 6.07%/2373.50MiB/00:11:43 Down: 62.34MiB/s / Disk: 0MiB/s
(20:41:48) INFO:    [Legendary]:        Progress for Cormorant: 6.22%/2431.80MiB/00:12:00 Down: 58.25MiB/s / Disk: 0MiB/s
(20:41:49) INFO:    [Legendary]:        Progress for Cormorant: 6.37%/2487.83MiB/00:11:11 Down: 0MiB/s / Disk: 0MiB/s
(20:41:50) INFO:    [Legendary]:        Progress for Cormorant: 6.51%/2543.26MiB/00:11:16 Down: 0MiB/s / Disk: 0MiB/s
(20:41:51) INFO:    [Legendary]:        Progress for Cormorant: 6.64%/2592.94MiB/00:11:10 Down: 0MiB/s / Disk: 0MiB/s
(20:41:52) INFO:    [Legendary]:        Progress for Cormorant: 6.76%/2641.16MiB/00:11:11 Down: 0MiB/s / Disk: 0MiB/s
(20:41:53) INFO:    [Legendary]:        Progress for Cormorant: 6.88%/2689.64MiB/00:11:12 Down: 0MiB/s / Disk: 0MiB/s
(20:41:54) INFO:    [Legendary]:        Progress for Cormorant: 7.01%/2737.02MiB/00:11:13 Down: 47.34MiB/s / Disk: 43.97MiB/s
(20:41:55) INFO:    [Legendary]:        Progress for Cormorant: 7.13%/2787.36MiB/00:11:12 Down: 0MiB/s / Disk: 0MiB/s
(20:41:56) INFO:    [Legendary]:        Progress for Cormorant: 7.27%/2839.41MiB/00:11:12 Down: 0MiB/s / Disk: 0MiB/s
(20:41:57) INFO:    [Legendary]:        Progress for Cormorant: 7.39%/2887.89MiB/00:11:13 Down: 0MiB/s / Disk: 0MiB/s
(20:41:58) INFO:    [Legendary]:        Progress for Cormorant: 7.5%/2928.46MiB/00:11:16 Down: 0MiB/s / Disk: 0MiB/s
(20:41:59) INFO:    [Legendary]:        Progress for Cormorant: 7.62%/2978.61MiB/00:11:15 Down: 0MiB/s / Disk: 0MiB/s
(20:42:00) INFO:    [Legendary]:        Progress for Cormorant: 7.76%/3032.08MiB/00:11:15 Down: 0MiB/s / Disk: 0MiB/s
(20:42:01) INFO:    [Legendary]:        Progress for Cormorant: 7.9%/3086.52MiB/00:11:14 Down: 0MiB/s / Disk: 0MiB/s
(20:42:02) INFO:    [Legendary]:        Progress for Cormorant: 8.04%/3142.70MiB/00:11:12 Down: 0MiB/s / Disk: 0MiB/s
(20:42:03) INFO:    [Legendary]:        Progress for Cormorant: 8.18%/3196.16MiB/00:11:11 Down: 0MiB/s / Disk: 0MiB/s
(20:42:04) INFO:    [Legendary]:        Progress for Cormorant: 8.32%/3249.58MiB/00:11:11 Down: 0MiB/s / Disk: 0MiB/s
(20:42:05) INFO:    [Legendary]:        Progress for Cormorant: 8.44%/3296.92MiB/00:11:20 Down: 0MiB/s / Disk: 0MiB/s
(20:42:06) INFO:    [Legendary]:        Progress for Cormorant: 8.57%/3350.29MiB/00:11:32 Down: 0MiB/s / Disk: 0MiB/s
(20:42:07) INFO:    [Legendary]:        Progress for Cormorant: 8.7%/3399.63MiB/00:11:43 Down: 0MiB/s / Disk: 0MiB/s
(20:42:08) INFO:    [Legendary]:        Progress for Cormorant: 8.83%/3449.14MiB/00:11:54 Down: 0MiB/s / Disk: 0MiB/s
(20:42:09) INFO:    [Legendary]:        Progress for Cormorant: 8.98%/3510.38MiB/00:12:05 Down: 0MiB/s / Disk: 0MiB/s
(20:42:10) INFO:    [Legendary]:        Progress for Cormorant: 9.14%/3570.60MiB/00:12:16 Down: 0MiB/s / Disk: 0MiB/s
(20:42:11) INFO:    [Legendary]:        Progress for Cormorant: 9.28%/3624.00MiB/00:12:27 Down: 53.36MiB/s / Disk: 0MiB/s
(20:42:12) INFO:    [Legendary]:        Progress for Cormorant: 9.41%/3677.50MiB/00:12:39 Down: 0MiB/s / Disk: 0MiB/s
(20:42:13) INFO:    [Legendary]:        Progress for Cormorant: 9.55%/3729.82MiB/00:12:50 Down: 0MiB/s / Disk: 0MiB/s
(20:42:14) INFO:    [Legendary]:        Progress for Cormorant: 9.68%/3781.44MiB/00:13:01 Down: 51.57MiB/s / Disk: 0MiB/s
(20:42:15) INFO:    [Legendary]:        Progress for Cormorant: 9.82%/3837.94MiB/00:13:12 Down: 56.44MiB/s / Disk: 0MiB/s
(20:42:16) INFO:    [Legendary]:        Progress for Cormorant: 9.96%/3893.18MiB/00:12:53 Down: 55.18MiB/s / Disk: 118.63MiB/s
(20:42:17) INFO:    [Legendary]:        Progress for Cormorant: 10.1%/3947.62MiB/00:11:06 Down: 0MiB/s / Disk: 0MiB/s
(20:42:18) INFO:    [Legendary]:        Progress for Cormorant: 10.24%/3999.10MiB/00:11:06 Down: 0MiB/s / Disk: 0MiB/s
(20:42:19) INFO:    [Legendary]:        Progress for Cormorant: 10.37%/4050.71MiB/00:11:07 Down: 0MiB/s / Disk: 0MiB/s
(20:42:20) INFO:    [Legendary]:        Progress for Cormorant: 10.49%/4098.13MiB/00:11:13 Down: 47.38MiB/s / Disk: 0MiB/s
(20:42:21) INFO:    [Legendary]:        Progress for Cormorant: 10.61%/4143.75MiB/00:11:12 Down: 0MiB/s / Disk: 0MiB/s
(20:42:22) INFO:    [Legendary]:        Progress for Cormorant: 10.72%/4188.26MiB/00:11:16 Down: 0MiB/s / Disk: 0MiB/s
(20:42:23) INFO:    [Legendary]:        Progress for Cormorant: 10.84%/4234.98MiB/00:11:17 Down: 0MiB/s / Disk: 0MiB/s
(20:42:24) INFO:    [Legendary]:        Progress for Cormorant: 10.96%/4280.25MiB/00:11:19 Down: 0MiB/s / Disk: 0MiB/s
(20:42:25) INFO:    [Legendary]:        Progress for Cormorant: 11.07%/4324.62MiB/00:11:24 Down: 44.32MiB/s / Disk: 0MiB/s
(20:42:26) INFO:    [Legendary]:        Progress for Cormorant: 11.2%/4377.33MiB/00:11:25 Down: 0MiB/s / Disk: 0MiB/s
(20:42:27) INFO:    [Legendary]:        Progress for Cormorant: 11.33%/4427.61MiB/00:11:33 Down: 0MiB/s / Disk: 0MiB/s
(20:42:28) INFO:    [Legendary]:        Progress for Cormorant: 11.47%/4480.45MiB/00:11:41 Down: 0MiB/s / Disk: 0MiB/s
(20:42:29) INFO:    [Legendary]:        Progress for Cormorant: 11.61%/4535.05MiB/00:11:50 Down: 0MiB/s / Disk: 0MiB/s
(20:42:30) INFO:    [Legendary]:        Progress for Cormorant: 11.74%/4588.84MiB/00:11:58 Down: 0MiB/s / Disk: 0MiB/s
(20:42:31) INFO:    [Legendary]:        Progress for Cormorant: 11.88%/4642.76MiB/00:12:06 Down: 0MiB/s / Disk: 0MiB/s
(20:42:32) INFO:    [Legendary]:        Progress for Cormorant: 12.03%/4700.40MiB/00:11:30 Down: 0MiB/s / Disk: 0MiB/s
(20:42:33) INFO:    [Legendary]:        Progress for Cormorant: 12.17%/4755.91MiB/00:11:31 Down: 0MiB/s / Disk: 0MiB/s
(20:42:34) INFO:    [Legendary]:        Progress for Cormorant: 12.31%/4809.76MiB/00:11:32 Down: 0MiB/s / Disk: 0MiB/s
(20:42:35) INFO:    [Legendary]:        Progress for Cormorant: 12.46%/4867.33MiB/00:11:30 Down: 57.51MiB/s / Disk: 0MiB/s
(20:42:36) INFO:    [Legendary]:        Progress for Cormorant: 12.6%/4924.44MiB/00:11:32 Down: 56.94MiB/s / Disk: 49.85MiB/s
(20:42:37) INFO:    [Legendary]:        Progress for Cormorant: 12.74%/4978.74MiB/00:11:31 Down: 54.25MiB/s / Disk: 61.94MiB/s
(20:42:38) INFO:    [Legendary]:        Progress for Cormorant: 12.87%/5028.90MiB/00:11:33 Down: 0MiB/s / Disk: 0MiB/s
(20:42:39) INFO:    [Legendary]:        Progress for Cormorant: 13.02%/5086.27MiB/00:11:33 Down: 0MiB/s / Disk: 0MiB/s
(20:42:40) INFO:    [Legendary]:        Progress for Cormorant: 13.15%/5136.54MiB/00:11:35 Down: 50.2MiB/s / Disk: 0MiB/s
(20:42:41) INFO:    [Legendary]:        Progress for Cormorant: 13.28%/5190.17MiB/00:11:39 Down: 53.59MiB/s / Disk: 0MiB/s
(20:42:42) INFO:    [Legendary]:        Progress for Cormorant: 13.42%/5243.87MiB/00:11:36 Down: 53.65MiB/s / Disk: 76.56MiB/s
(20:42:43) INFO:    [Legendary]:        Progress for Cormorant: 13.58%/5304.03MiB/00:11:40 Down: 0MiB/s / Disk: 0MiB/s
(20:42:44) INFO:    [Legendary]:        Progress for Cormorant: 13.71%/5355.36MiB/00:11:47 Down: 0MiB/s / Disk: 0MiB/s
(20:42:45) INFO:    [Legendary]:        Progress for Cormorant: 13.85%/5410.75MiB/00:11:54 Down: 0MiB/s / Disk: 0MiB/s
(20:42:46) INFO:    [Legendary]:        Progress for Cormorant: 13.99%/5464.21MiB/00:12:01 Down: 0MiB/s / Disk: 0MiB/s
(20:42:47) INFO:    [Legendary]:        Progress for Cormorant: 14.13%/5520.73MiB/00:11:39 Down: 0MiB/s / Disk: 0MiB/s
(20:42:48) INFO:    [Legendary]:        Progress for Cormorant: 14.27%/5577.18MiB/00:11:45 Down: 0MiB/s / Disk: 0MiB/s
(20:42:49) INFO:    [Legendary]:        Progress for Cormorant: 14.44%/5642.46MiB/00:11:36 Down: 0MiB/s / Disk: 0MiB/s
(20:42:50) INFO:    [Legendary]:        Progress for Cormorant: 14.59%/5699.22MiB/00:11:37 Down: 56.7MiB/s / Disk: 0MiB/s
(20:42:51) INFO:    [Legendary]:        Progress for Cormorant: 14.73%/5754.69MiB/00:11:38 Down: 0MiB/s / Disk: 0MiB/s
(20:42:52) INFO:    [Legendary]:        Progress for Cormorant: 14.88%/5813.98MiB/00:11:39 Down: 0MiB/s / Disk: 0MiB/s
(20:42:53) INFO:    [Legendary]:        Progress for Cormorant: 15.03%/5870.80MiB/00:11:37 Down: 56.77MiB/s / Disk: 71.29MiB/s
(20:42:54) INFO:    [Legendary]:        Progress for Cormorant: 15.18%/5932.44MiB/00:11:35 Down: 0MiB/s / Disk: 0MiB/s
(20:42:55) INFO:    [Legendary]:        Progress for Cormorant: 15.31%/5981.86MiB/00:11:36 Down: 49.37MiB/s / Disk: 0MiB/s
(20:42:56) INFO:    [Legendary]:        Progress for Cormorant: 15.48%/6049.95MiB/00:11:36 Down: 0MiB/s / Disk: 0MiB/s
(20:42:57) INFO:    [Legendary]:        Progress for Cormorant: 15.64%/6109.57MiB/00:11:35 Down: 59.56MiB/s / Disk: 0MiB/s
(20:42:58) INFO:    [Legendary]:        Progress for Cormorant: 15.79%/6168.15MiB/00:11:37 Down: 0MiB/s / Disk: 0MiB/s
(20:42:59) INFO:    [Legendary]:        Progress for Cormorant: 15.95%/6231.79MiB/00:11:36 Down: 0MiB/s / Disk: 0MiB/s
(20:43:00) INFO:    [Legendary]:        Progress for Cormorant: 16.11%/6292.84MiB/00:11:33 Down: 60.98MiB/s / Disk: 87.4MiB/s
(20:43:01) INFO:    [Legendary]:        Progress for Cormorant: 16.24%/6345.83MiB/00:11:33 Down: 0MiB/s / Disk: 0MiB/s
(20:43:02) INFO:    [Legendary]:        Progress for Cormorant: 16.38%/6400.19MiB/00:11:33 Down: 0MiB/s / Disk: 0MiB/s
(20:43:03) INFO:    [Legendary]:        Progress for Cormorant: 16.53%/6457.93MiB/00:11:37 Down: 0MiB/s / Disk: 0MiB/s
(20:43:04) INFO:    [Legendary]:        Progress for Cormorant: 16.67%/6512.83MiB/00:11:43 Down: 0MiB/s / Disk: 0MiB/s
(20:43:05) INFO:    [Legendary]:        Progress for Cormorant: 16.83%/6575.65MiB/00:11:33 Down: 62.76MiB/s / Disk: 157.84MiB/s
(20:43:06) INFO:    [Legendary]:        Progress for Cormorant: 16.97%/6631.53MiB/00:11:32 Down: 0MiB/s / Disk: 0MiB/s
(20:43:07) INFO:    [Legendary]:        Progress for Cormorant: 17.12%/6689.27MiB/00:11:32 Down: 57.69MiB/s / Disk: 56.95MiB/s
(20:43:08) INFO:    [Legendary]:        Progress for Cormorant: 17.28%/6751.00MiB/00:11:31 Down: 0MiB/s / Disk: 0MiB/s
(20:43:09) INFO:    [Legendary]:        Progress for Cormorant: 17.41%/6803.72MiB/00:11:32 Down: 0MiB/s / Disk: 0MiB/s
(20:43:10) INFO:    [Legendary]:        Progress for Cormorant: 17.56%/6862.52MiB/00:11:31 Down: 0MiB/s / Disk: 0MiB/s
(20:43:11) INFO:    [Legendary]:        Progress for Cormorant: 17.7%/6916.39MiB/00:11:31 Down: 0MiB/s / Disk: 0MiB/s
(20:43:12) INFO:    [Legendary]:        Progress for Cormorant: 17.83%/6966.41MiB/00:11:31 Down: 49.9MiB/s / Disk: 56.58MiB/s
(20:43:13) INFO:    [Legendary]:        Progress for Cormorant: 17.95%/7014.62MiB/00:11:28 Down: 48.19MiB/s / Disk: 56.51MiB/s
(20:43:14) INFO:    [Legendary]:        Progress for Cormorant: 18.08%/7064.99MiB/00:11:27 Down: 50.32MiB/s / Disk: 53.25MiB/s
(20:43:15) INFO:    [Legendary]:        Progress for Cormorant: 18.22%/7118.56MiB/00:11:22 Down: 53.52MiB/s / Disk: 78.2MiB/s
(20:43:16) INFO:    [Legendary]:        Progress for Cormorant: 18.37%/7175.86MiB/00:11:20 Down: 0MiB/s / Disk: 0MiB/s
(20:43:17) INFO:    [Legendary]:        Progress for Cormorant: 18.52%/7234.63MiB/00:11:19 Down: 58.72MiB/s / Disk: 0MiB/s
(20:43:18) INFO:    [Legendary]:        Progress for Cormorant: 18.66%/7290.71MiB/00:11:16 Down: 0MiB/s / Disk: 0MiB/s
(20:43:19) INFO:    [Legendary]:        Progress for Cormorant: 18.82%/7352.88MiB/00:11:13 Down: 0MiB/s / Disk: 0MiB/s
(20:43:20) INFO:    [Legendary]:        Progress for Cormorant: 18.95%/7405.57MiB/00:11:14 Down: 0MiB/s / Disk: 0MiB/s
(20:43:21) INFO:    [Legendary]:        Progress for Cormorant: 19.09%/7460.55MiB/00:11:09 Down: 0MiB/s / Disk: 0MiB/s
(20:43:22) INFO:    [Legendary]:        Progress for Cormorant: 19.23%/7512.46MiB/00:11:08 Down: 0MiB/s / Disk: 0MiB/s
(20:43:23) INFO:    [Legendary]:        Progress for Cormorant: 19.34%/7557.99MiB/00:11:01 Down: 0MiB/s / Disk: 0MiB/s
(20:43:24) INFO:    [Legendary]:        Progress for Cormorant: 19.48%/7611.77MiB/00:10:59 Down: 0MiB/s / Disk: 0MiB/s
(20:43:25) INFO:    [Legendary]:        Progress for Cormorant: 19.61%/7662.51MiB/00:10:56 Down: 0MiB/s / Disk: 0MiB/s
(20:43:26) INFO:    [Legendary]:        Progress for Cormorant: 19.75%/7715.29MiB/00:10:52 Down: 52.73MiB/s / Disk: 75.61MiB/s
(20:43:27) INFO:    [Legendary]:        Progress for Cormorant: 19.87%/7764.35MiB/00:10:48 Down: 0MiB/s / Disk: 0MiB/s
(20:43:28) INFO:    [Legendary]:        Progress for Cormorant: 20.02%/7820.32MiB/00:10:45 Down: 0MiB/s / Disk: 0MiB/s
(20:43:29) INFO:    [Legendary]:        Progress for Cormorant: 20.14%/7868.25MiB/00:10:46 Down: 0MiB/s / Disk: 0MiB/s
(20:43:30) INFO:    [Legendary]:        Progress for Cormorant: 20.28%/7923.07MiB/00:10:40 Down: 0MiB/s / Disk: 0MiB/s
(20:43:31) INFO:    [Legendary]:        Progress for Cormorant: 20.4%/7969.73MiB/00:10:38 Down: 46.61MiB/s / Disk: 80.32MiB/s
(20:43:32) INFO:    [Legendary]:        Progress for Cormorant: 20.52%/8018.25MiB/00:10:37 Down: 48.47MiB/s / Disk: 0MiB/s
(20:43:33) INFO:    [Legendary]:        Progress for Cormorant: 20.65%/8069.72MiB/00:10:36 Down: 51.42MiB/s / Disk: 0MiB/s
(20:43:34) INFO:    [Legendary]:        Progress for Cormorant: 20.77%/8113.45MiB/00:10:40 Down: 0MiB/s / Disk: 0MiB/s
(20:43:35) INFO:    [Legendary]:        Progress for Cormorant: 20.87%/8154.06MiB/00:10:33 Down: 0MiB/s / Disk: 0MiB/s
(20:43:36) INFO:    [Legendary]:        Progress for Cormorant: 21.01%/8206.83MiB/00:10:32 Down: 0MiB/s / Disk: 0MiB/s
(20:43:37) INFO:    [Legendary]:        Progress for Cormorant: 21.14%/8261.40MiB/00:10:30 Down: 0MiB/s / Disk: 0MiB/s
(20:43:38) INFO:    [Legendary]:        Progress for Cormorant: 21.27%/8310.66MiB/00:10:29 Down: 49.21MiB/s / Disk: 0MiB/s
(20:43:39) INFO:    [Legendary]:        Progress for Cormorant: 21.39%/8358.84MiB/00:10:28 Down: 0MiB/s / Disk: 0MiB/s
(20:43:40) INFO:    [Legendary]:        Progress for Cormorant: 21.51%/8405.17MiB/00:10:27 Down: 0MiB/s / Disk: 0MiB/s
(20:43:41) INFO:    [Legendary]:        Progress for Cormorant: 21.66%/8461.65MiB/00:10:31 Down: 0MiB/s / Disk: 0MiB/s
(20:43:42) INFO:    [Legendary]:        Progress for Cormorant: 21.79%/8512.40MiB/00:10:35 Down: 0MiB/s / Disk: 0MiB/s
(20:43:43) INFO:    [Legendary]:        Progress for Cormorant: 21.91%/8560.98MiB/00:10:39 Down: 0MiB/s / Disk: 0MiB/s
(20:43:44) INFO:    [Legendary]:        Progress for Cormorant: 22.04%/8611.47MiB/00:10:43 Down: 0MiB/s / Disk: 0MiB/s
(20:43:45) INFO:    [Legendary]:        Progress for Cormorant: 22.18%/8666.06MiB/00:10:47 Down: 0MiB/s / Disk: 0MiB/s
(20:43:46) INFO:    [Legendary]:        Progress for Cormorant: 22.31%/8717.12MiB/00:10:51 Down: 0MiB/s / Disk: 0MiB/s
(20:43:47) INFO:    [Legendary]:        Progress for Cormorant: 22.43%/8763.41MiB/00:10:55 Down: 0MiB/s / Disk: 0MiB/s
(20:43:48) INFO:    [Legendary]:        Progress for Cormorant: 22.55%/8812.16MiB/00:10:59 Down: 0MiB/s / Disk: 0MiB/s
(20:43:49) INFO:    [Legendary]:        Progress for Cormorant: 22.68%/8861.69MiB/00:11:03 Down: 0MiB/s / Disk: 0MiB/s
(20:43:50) INFO:    [Legendary]:        Progress for Cormorant: 22.82%/8914.84MiB/00:11:07 Down: 0MiB/s / Disk: 0MiB/s
(20:43:51) INFO:    [Legendary]:        Progress for Cormorant: 22.97%/8975.12MiB/00:11:11 Down: 0MiB/s / Disk: 0MiB/s
(20:43:52) INFO:    [Legendary]:        Progress for Cormorant: 23.11%/9027.89MiB/00:11:15 Down: 0MiB/s / Disk: 0MiB/s
(20:43:53) INFO:    [Legendary]:        Progress for Cormorant: 23.24%/9081.24MiB/00:11:00 Down: 0MiB/s / Disk: 0MiB/s
(20:43:54) INFO:    [Legendary]:        Progress for Cormorant: 23.38%/9133.58MiB/00:09:48 Down: 52.29MiB/s / Disk: 741.11MiB/s
(20:43:55) INFO:    [Legendary]:        Progress for Cormorant: 23.51%/9184.44MiB/00:09:35 Down: 50.79MiB/s / Disk: 0MiB/s
(20:43:58) INFO:    [Legendary]:        Progress for Cormorant: 23.87%/9326.66MiB/00:09:30 Down: 44.86MiB/s / Disk: 74.93MiB/s
(20:43:59) INFO:    [Legendary]:        Progress for Cormorant: 23.99%/9374.92MiB/00:09:28 Down: 48.21MiB/s / Disk: 70.02MiB/s
(20:44:00) INFO:    [Legendary]:        Progress for Cormorant: 24.11%/9419.79MiB/00:09:25 Down: 0MiB/s / Disk: 0MiB/s
(20:44:01) INFO:    [Legendary]:        Progress for Cormorant: 24.24%/9469.07MiB/00:09:23 Down: 0MiB/s / Disk: 0MiB/s
(20:44:02) INFO:    [Legendary]:        Progress for Cormorant: 24.36%/9519.47MiB/00:09:21 Down: 0MiB/s / Disk: 0MiB/s
(20:44:03) INFO:    [Legendary]:        Progress for Cormorant: 24.5%/9572.68MiB/00:09:16 Down: 0MiB/s / Disk: 0MiB/s
(20:44:04) INFO:    [Legendary]:        Progress for Cormorant: 24.63%/9622.63MiB/00:09:17 Down: 49.9MiB/s / Disk: 0MiB/s
(20:44:05) INFO:    [Legendary]:        Progress for Cormorant: 24.75%/9671.84MiB/00:09:20 Down: 49.16MiB/s / Disk: 0MiB/s
(20:44:06) INFO:    [Legendary]:        Progress for Cormorant: 24.9%/9728.13MiB/00:09:23 Down: 0MiB/s / Disk: 0MiB/s
(20:44:07) INFO:    [Legendary]:        Progress for Cormorant: 25.04%/9783.37MiB/00:09:26 Down: 0MiB/s / Disk: 0MiB/s
(20:44:08) INFO:    [Legendary]:        Progress for Cormorant: 25.19%/9841.18MiB/00:09:29 Down: 0MiB/s / Disk: 0MiB/s
(20:44:09) INFO:    [Legendary]:        Progress for Cormorant: 25.33%/9896.35MiB/00:09:18 Down: 55.11MiB/s / Disk: 193.77MiB/s
(20:44:10) INFO:    [Legendary]:        Progress for Cormorant: 25.47%/9950.84MiB/00:08:58 Down: 0MiB/s / Disk: 0MiB/s
(20:44:11) INFO:    [Legendary]:        Progress for Cormorant: 25.59%/9998.91MiB/00:08:57 Down: 0MiB/s / Disk: 0MiB/s
(20:44:12) INFO:    [Legendary]:        Progress for Cormorant: 25.72%/10049.50MiB/00:08:56 Down: 50.54MiB/s / Disk: 0MiB/s
(20:44:13) INFO:    [Legendary]:        Progress for Cormorant: 25.85%/10099.85MiB/00:08:57 Down: 0MiB/s / Disk: 0MiB/s
(20:44:14) INFO:    [Legendary]:        Progress for Cormorant: 25.98%/10149.77MiB/00:08:54 Down: 0MiB/s / Disk: 0MiB/s
(20:44:15) INFO:    [Legendary]:        Progress for Cormorant: 26.11%/10200.81MiB/00:08:54 Down: 0MiB/s / Disk: 0MiB/s
(20:44:16) INFO:    [Legendary]:        Progress for Cormorant: 26.23%/10248.86MiB/00:08:53 Down: 48MiB/s / Disk: 64.73MiB/s
(20:44:17) INFO:    [Legendary]:        Progress for Cormorant: 26.37%/10301.19MiB/00:08:50 Down: 52.28MiB/s / Disk: 0MiB/s
(20:44:18) INFO:    [Legendary]:        Progress for Cormorant: 26.5%/10351.85MiB/00:08:48 Down: 0MiB/s / Disk: 0MiB/s
(20:44:19) INFO:    [Legendary]:        Progress for Cormorant: 26.62%/10400.33MiB/00:08:46 Down: 0MiB/s / Disk: 0MiB/s
(20:44:21) INFO:    [Legendary]:        Progress for Cormorant: 26.89%/10504.56MiB/00:08:39 Down: 0MiB/s / Disk: 0MiB/s
(20:44:24) INFO:    [Legendary]:        Progress for Cormorant: 27.32%/10674.54MiB/00:08:36 Down: 0MiB/s / Disk: 0MiB/s
(20:44:25) INFO:    [Legendary]:        Progress for Cormorant: 27.47%/10733.88MiB/00:08:38 Down: 0MiB/s / Disk: 0MiB/s
(20:44:26) INFO:    [Legendary]:        Progress for Cormorant: 27.62%/10791.66MiB/00:08:31 Down: 0MiB/s / Disk: 0MiB/s
(20:44:27) INFO:    [Legendary]:        Progress for Cormorant: 27.75%/10843.88MiB/00:08:26 Down: 0MiB/s / Disk: 0MiB/s
(20:44:28) INFO:    [Legendary]:        Progress for Cormorant: 27.89%/10896.38MiB/00:08:22 Down: 52.45MiB/s / Disk: 0MiB/s
(20:44:29) INFO:    [Legendary]:        Progress for Cormorant: 28.03%/10953.07MiB/00:08:22 Down: 56.63MiB/s / Disk: 54.92MiB/s
(20:44:30) INFO:    [Legendary]:        Progress for Cormorant: 28.15%/10998.00MiB/00:08:21 Down: 44.88MiB/s / Disk: 0MiB/s
(20:44:31) INFO:    [Legendary]:        Progress for Cormorant: 28.28%/11050.89MiB/00:08:20 Down: 0MiB/s / Disk: 0MiB/s
(20:44:32) INFO:    [Legendary]:        Progress for Cormorant: 28.43%/11108.18MiB/00:08:19 Down: 0MiB/s / Disk: 0MiB/s
(20:44:33) INFO:    [Legendary]:        Progress for Cormorant: 28.56%/11159.48MiB/00:08:19 Down: 0MiB/s / Disk: 0MiB/s
(20:44:36) INFO:    [Legendary]:        Progress for Cormorant: 28.83%/11264.92MiB/00:08:15 Down: 0MiB/s / Disk: 0MiB/s
(20:44:41) INFO:    [Legendary]:        Progress for Cormorant: 29.5%/11525.08MiB/00:08:10 Down: 0MiB/s / Disk: 0MiB/s
(20:44:42) INFO:    [Legendary]:        Progress for Cormorant: 29.64%/11580.04MiB/00:08:09 Down: 0MiB/s / Disk: 0MiB/s
(20:44:43) INFO:    [Legendary]:        Progress for Cormorant: 29.78%/11635.54MiB/00:08:07 Down: 0MiB/s / Disk: 0MiB/s
(20:44:44) INFO:    [Legendary]:        Progress for Cormorant: 29.92%/11690.41MiB/00:08:05 Down: 54.82MiB/s / Disk: 0MiB/s
(20:44:45) INFO:    [Legendary]:        Progress for Cormorant: 30.04%/11738.59MiB/00:08:04 Down: 0MiB/s / Disk: 0MiB/s
(20:44:46) INFO:    [Legendary]:        Progress for Cormorant: 30.18%/11792.40MiB/00:08:01 Down: 0MiB/s / Disk: 0MiB/s
(20:44:47) INFO:    [Legendary]:        Progress for Cormorant: 30.31%/11841.31MiB/00:07:59 Down: 0MiB/s / Disk: 0MiB/s
(20:44:48) INFO:    [Legendary]:        Progress for Cormorant: 30.44%/11893.10MiB/00:07:59 Down: 0MiB/s / Disk: 0MiB/s
(20:44:49) INFO:    [Legendary]:        Progress for Cormorant: 30.58%/11946.39MiB/00:07:55 Down: 0MiB/s / Disk: 0MiB/s
(20:44:50) INFO:    [Legendary]:        Progress for Cormorant: 30.71%/11999.99MiB/00:07:53 Down: 53.55MiB/s / Disk: 0MiB/s
(20:44:51) INFO:    [Legendary]:        Progress for Cormorant: 30.86%/12057.57MiB/00:07:53 Down: 0MiB/s / Disk: 0MiB/s
(20:44:52) INFO:    [Legendary]:        Progress for Cormorant: 31.01%/12116.12MiB/00:07:50 Down: 0MiB/s / Disk: 0MiB/s
(20:44:53) INFO:    [Legendary]:        Progress for Cormorant: 31.16%/12174.98MiB/00:07:46 Down: 58.8MiB/s / Disk: 104.6MiB/s
(20:44:54) INFO:    [Legendary]:        Progress for Cormorant: 31.29%/12226.50MiB/00:07:44 Down: 51.47MiB/s / Disk: 86.19MiB/s
(20:44:55) INFO:    [Legendary]:        Progress for Cormorant: 31.42%/12275.46MiB/00:07:44 Down: 0MiB/s / Disk: 0MiB/s
(20:44:57) INFO:    [Legendary]:        Progress for Cormorant: 31.67%/12375.39MiB/00:07:40 Down: 0MiB/s / Disk: 0MiB/s
(20:44:58) INFO:    [Legendary]:        Progress for Cormorant: 31.8%/12425.55MiB/00:07:42 Down: 50.11MiB/s / Disk: 0MiB/s
(20:44:59) INFO:    [Legendary]:        Progress for Cormorant: 31.95%/12482.49MiB/00:07:44 Down: 56.88MiB/s / Disk: 0MiB/s
(20:45:00) INFO:    [Legendary]:        Progress for Cormorant: 32.08%/12534.39MiB/00:07:46 Down: 0MiB/s / Disk: 0MiB/s
(20:45:01) INFO:    [Legendary]:        Progress for Cormorant: 32.23%/12592.46MiB/00:07:34 Down: 0MiB/s / Disk: 0MiB/s
(20:45:02) INFO:    [Legendary]:        Progress for Cormorant: 32.39%/12653.52MiB/00:07:32 Down: 61MiB/s / Disk: 79.13MiB/s
(20:45:03) INFO:    [Legendary]:        Progress for Cormorant: 32.52%/12704.95MiB/00:07:33 Down: 51.33MiB/s / Disk: 24.55MiB/s
(20:45:04) INFO:    [Legendary]:        Progress for Cormorant: 32.66%/12759.69MiB/00:07:27 Down: 54.69MiB/s / Disk: 0MiB/s
(20:45:05) INFO:    [Legendary]:        Progress for Cormorant: 32.79%/12810.51MiB/00:07:27 Down: 50.77MiB/s / Disk: 38.96MiB/s
(20:45:06) INFO:    [Legendary]:        Progress for Cormorant: 32.92%/12862.28MiB/00:07:25 Down: 0MiB/s / Disk: 0MiB/s
(20:45:07) INFO:    [Legendary]:        Progress for Cormorant: 33.06%/12915.09MiB/00:07:24 Down: 0MiB/s / Disk: 0MiB/s
(20:45:08) INFO:    [Legendary]:        Progress for Cormorant: 33.21%/12975.23MiB/00:07:22 Down: 0MiB/s / Disk: 0MiB/s
(20:45:09) INFO:    [Legendary]:        Progress for Cormorant: 33.34%/13027.05MiB/00:07:23 Down: 51.77MiB/s / Disk: 0MiB/s
(20:45:10) INFO:    [Legendary]:        Progress for Cormorant: 33.48%/13079.40MiB/00:07:20 Down: 0MiB/s / Disk: 0MiB/s
(20:45:11) INFO:    [Legendary]:        Progress for Cormorant: 33.62%/13134.43MiB/00:07:19 Down: 0MiB/s / Disk: 0MiB/s
(20:45:12) INFO:    [Legendary]:        Progress for Cormorant: 33.76%/13189.34MiB/00:07:17 Down: 54.85MiB/s / Disk: 86.34MiB/s
(20:45:13) INFO:    [Legendary]:        Progress for Cormorant: 33.9%/13244.32MiB/00:07:13 Down: 0MiB/s / Disk: 0MiB/s
(20:45:14) INFO:    [Legendary]:        Progress for Cormorant: 34.04%/13299.38MiB/00:07:12 Down: 0MiB/s / Disk: 0MiB/s
(20:45:15) INFO:    [Legendary]:        Progress for Cormorant: 34.18%/13355.22MiB/00:07:11 Down: 0MiB/s / Disk: 0MiB/s
(20:45:16) INFO:    [Legendary]:        Progress for Cormorant: 34.32%/13410.52MiB/00:07:11 Down: 0MiB/s / Disk: 0MiB/s
(20:45:17) INFO:    [Legendary]:        Progress for Cormorant: 34.46%/13462.07MiB/00:07:12 Down: 0MiB/s / Disk: 0MiB/s
(20:45:18) INFO:    [Legendary]:        Progress for Cormorant: 34.59%/13515.13MiB/00:07:14 Down: 0MiB/s / Disk: 0MiB/s
(20:45:19) INFO:    [Legendary]:        Progress for Cormorant: 34.74%/13573.00MiB/00:07:16 Down: 0MiB/s / Disk: 0MiB/s
(20:45:20) INFO:    [Legendary]:        Progress for Cormorant: 34.88%/13627.40MiB/00:07:17 Down: 0MiB/s / Disk: 0MiB/s
(20:45:21) INFO:    [Legendary]:        Progress for Cormorant: 35%/13675.35MiB/00:07:19 Down: 0MiB/s / Disk: 0MiB/s
(20:45:22) INFO:    [Legendary]:        Progress for Cormorant: 35.13%/13724.96MiB/00:07:21 Down: 49.5MiB/s / Disk: 0MiB/s
(20:45:23) INFO:    [Legendary]:        Progress for Cormorant: 35.28%/13783.34MiB/00:07:23 Down: 0MiB/s / Disk: 0MiB/s
(20:45:24) INFO:    [Legendary]:        Progress for Cormorant: 35.49%/13864.71MiB/00:07:24 Down: 0MiB/s / Disk: 0MiB/s
(20:45:25) INFO:    [Legendary]:        Progress for Cormorant: 35.67%/13934.59MiB/00:07:26 Down: 69.81MiB/s / Disk: 0MiB/s
(20:45:26) INFO:    [Legendary]:        Progress for Cormorant: 35.83%/14000.02MiB/00:07:28 Down: 65.37MiB/s / Disk: 0MiB/s
(20:45:27) INFO:    [Legendary]:        Progress for Cormorant: 35.99%/14061.97MiB/00:07:30 Down: 0MiB/s / Disk: 0MiB/s
(20:45:28) INFO:    [Legendary]:        Progress for Cormorant: 36.13%/14117.31MiB/00:07:31 Down: 55.29MiB/s / Disk: 0MiB/s
(20:45:29) INFO:    [Legendary]:        Progress for Cormorant: 36.26%/14165.59MiB/00:07:33 Down: 48.23MiB/s / Disk: 0MiB/s
(20:45:30) INFO:    [Legendary]:        Progress for Cormorant: 36.39%/14218.32MiB/00:07:35 Down: 0MiB/s / Disk: 0MiB/s
(20:45:31) INFO:    [Legendary]:        Progress for Cormorant: 36.53%/14273.72MiB/00:07:36 Down: 0MiB/s / Disk: 0MiB/s
(20:45:32) INFO:    [Legendary]:        Progress for Cormorant: 36.66%/14322.69MiB/00:07:38 Down: 48.92MiB/s / Disk: 0MiB/s
(20:45:34) INFO:    [Legendary]:        Progress for Cormorant: 36.94%/14431.26MiB/00:07:42 Down: 0MiB/s / Disk: 0MiB/s
(20:45:35) INFO:    [Legendary]:        Progress for Cormorant: 37.08%/14488.46MiB/00:07:43 Down: 57.15MiB/s / Disk: 0MiB/s
(20:45:37) INFO:    [Legendary]:        Progress for Cormorant: 37.39%/14607.91MiB/00:06:43 Down: 0MiB/s / Disk: 0MiB/s
(20:45:38) INFO:    [Legendary]:        Progress for Cormorant: 37.52%/14660.79MiB/00:06:42 Down: 0MiB/s / Disk: 0MiB/s
(20:45:39) INFO:    [Legendary]:        Progress for Cormorant: 37.66%/14713.21MiB/00:06:42 Down: 0MiB/s / Disk: 0MiB/s
(20:45:40) INFO:    [Legendary]:        Progress for Cormorant: 37.8%/14768.20MiB/00:06:40 Down: 54.94MiB/s / Disk: 93.43MiB/s
(20:45:41) INFO:    [Legendary]:        Progress for Cormorant: 37.93%/14821.06MiB/00:06:39 Down: 0MiB/s / Disk: 0MiB/s
(20:45:42) INFO:    [Legendary]:        Progress for Cormorant: 38.06%/14870.97MiB/00:06:39 Down: 0MiB/s / Disk: 0MiB/s
(20:45:43) INFO:    [Legendary]:        Progress for Cormorant: 38.2%/14924.23MiB/00:06:37 Down: 0MiB/s / Disk: 0MiB/s
(20:45:44) INFO:    [Legendary]:        Progress for Cormorant: 38.34%/14979.28MiB/00:06:36 Down: 0MiB/s / Disk: 0MiB/s
(20:45:45) INFO:    [Legendary]:        Progress for Cormorant: 38.48%/15033.19MiB/00:06:35 Down: 0MiB/s / Disk: 0MiB/s
(20:45:46) INFO:    [Legendary]:        Progress for Cormorant: 38.6%/15083.14MiB/00:06:35 Down: 49.86MiB/s / Disk: 45.73MiB/s
(20:45:47) INFO:    [Legendary]:        Progress for Cormorant: 38.74%/15134.54MiB/00:06:36 Down: 51.35MiB/s / Disk: 0MiB/s
(20:45:48) INFO:    [Legendary]:        Progress for Cormorant: 38.88%/15190.95MiB/00:06:38 Down: 56.36MiB/s / Disk: 0MiB/s
(20:45:49) INFO:    [Legendary]:        Progress for Cormorant: 39.03%/15251.24MiB/00:06:39 Down: 0MiB/s / Disk: 0MiB/s
(20:45:50) INFO:    [Legendary]:        Progress for Cormorant: 39.16%/15299.24MiB/00:06:41 Down: 0MiB/s / Disk: 0MiB/s
(20:45:51) INFO:    [Legendary]:        Progress for Cormorant: 39.31%/15358.58MiB/00:06:42 Down: 0MiB/s / Disk: 0MiB/s
(20:45:52) INFO:    [Legendary]:        Progress for Cormorant: 39.45%/15411.47MiB/00:06:42 Down: 0MiB/s / Disk: 0MiB/s
(20:45:53) INFO:    [Legendary]:        Progress for Cormorant: 39.6%/15471.48MiB/00:06:26 Down: 0MiB/s / Disk: 0MiB/s
(20:45:54) INFO:    [Legendary]:        Progress for Cormorant: 39.74%/15526.95MiB/00:06:25 Down: 0MiB/s / Disk: 0MiB/s
(20:45:55) INFO:    [Legendary]:        Progress for Cormorant: 39.87%/15578.35MiB/00:06:23 Down: 0MiB/s / Disk: 0MiB/s
(20:45:56) INFO:    [Legendary]:        Progress for Cormorant: 40%/15627.15MiB/00:06:23 Down: 0MiB/s / Disk: 0MiB/s
(20:45:57) INFO:    [Legendary]:        Progress for Cormorant: 40.12%/15674.45MiB/00:06:22 Down: 0MiB/s / Disk: 0MiB/s
(20:45:58) INFO:    [Legendary]:        Progress for Cormorant: 40.24%/15722.62MiB/00:06:21 Down: 0MiB/s / Disk: 0MiB/s
(20:45:59) INFO:    [Legendary]:        Progress for Cormorant: 40.37%/15774.37MiB/00:06:20 Down: 51.7MiB/s / Disk: 62.12MiB/s
(20:46:01) INFO:    [Legendary]:        Progress for Cormorant: 40.63%/15876.37MiB/00:06:19 Down: 0MiB/s / Disk: 0MiB/s
(20:46:02) INFO:    [Legendary]:        Progress for Cormorant: 40.77%/15929.89MiB/00:06:16 Down: 53.47MiB/s / Disk: 0MiB/s
(20:46:03) INFO:    [Legendary]:        Progress for Cormorant: 40.91%/15985.03MiB/00:06:15 Down: 0MiB/s / Disk: 0MiB/s
(20:46:04) INFO:    [Legendary]:        Progress for Cormorant: 41.07%/16044.48MiB/00:06:15 Down: 59.33MiB/s / Disk: 42.82MiB/s
(20:46:05) INFO:    [Legendary]:        Progress for Cormorant: 41.21%/16099.33MiB/00:06:13 Down: 54.8MiB/s / Disk: 80.22MiB/s
(20:46:06) INFO:    [Legendary]:        Progress for Cormorant: 41.34%/16152.61MiB/00:06:12 Down: 53.17MiB/s / Disk: 79.26MiB/s
(20:46:07) INFO:    [Legendary]:        Progress for Cormorant: 41.48%/16205.57MiB/00:06:10 Down: 0MiB/s / Disk: 0MiB/s
(20:46:08) INFO:    [Legendary]:        Progress for Cormorant: 41.62%/16260.47MiB/00:06:10 Down: 0MiB/s / Disk: 0MiB/s
(20:46:09) INFO:    [Legendary]:        Progress for Cormorant: 41.76%/16317.24MiB/00:06:08 Down: 56.71MiB/s / Disk: 0MiB/s
(20:46:10) INFO:    [Legendary]:        Progress for Cormorant: 41.9%/16372.57MiB/00:06:07 Down: 0MiB/s / Disk: 0MiB/s
(20:46:11) INFO:    [Legendary]:        Progress for Cormorant: 42.06%/16433.83MiB/00:06:07 Down: 61.2MiB/s / Disk: 0MiB/s
(20:46:12) INFO:    [Legendary]:        Progress for Cormorant: 42.2%/16489.15MiB/00:06:05 Down: 0MiB/s / Disk: 0MiB/s
(20:46:13) INFO:    [Legendary]:        Progress for Cormorant: 42.36%/16548.74MiB/00:06:03 Down: 0MiB/s / Disk: 0MiB/s
(20:46:14) INFO:    [Legendary]:        Progress for Cormorant: 42.49%/16602.25MiB/00:06:02 Down: 53.46MiB/s / Disk: 68.78MiB/s
(20:46:15) INFO:    [Legendary]:        Progress for Cormorant: 42.62%/16653.80MiB/00:06:01 Down: 0MiB/s / Disk: 0MiB/s
(20:46:16) INFO:    [Legendary]:        Progress for Cormorant: 42.75%/16704.13MiB/00:06:00 Down: 0MiB/s / Disk: 0MiB/s
(20:46:17) INFO:    [Legendary]:        Progress for Cormorant: 42.89%/16757.18MiB/00:06:00 Down: 0MiB/s / Disk: 0MiB/s
(20:46:18) INFO:    [Legendary]:        Progress for Cormorant: 43.04%/16814.19MiB/00:05:57 Down: 56.94MiB/s / Disk: 101.89MiB/s
(20:46:19) INFO:    [Legendary]:        Progress for Cormorant: 43.18%/16869.86MiB/00:05:56 Down: 0MiB/s / Disk: 0MiB/s
(20:46:20) INFO:    [Legendary]:        Progress for Cormorant: 43.32%/16924.07MiB/00:05:55 Down: 0MiB/s / Disk: 0MiB/s
(20:46:21) INFO:    [Legendary]:        Progress for Cormorant: 43.47%/16984.39MiB/00:05:54 Down: 0MiB/s / Disk: 0MiB/s
(20:46:22) INFO:    [Legendary]:        Progress for Cormorant: 43.62%/17041.71MiB/00:05:55 Down: 57.26MiB/s / Disk: 0MiB/s
(20:46:23) INFO:    [Legendary]:        Progress for Cormorant: 43.76%/17096.17MiB/00:05:51 Down: 54.41MiB/s / Disk: 0MiB/s
(20:46:24) INFO:    [Legendary]:        Progress for Cormorant: 43.89%/17149.87MiB/00:05:50 Down: 53.64MiB/s / Disk: 0MiB/s
(20:46:25) INFO:    [Legendary]:        Progress for Cormorant: 44.03%/17204.80MiB/00:05:48 Down: 0MiB/s / Disk: 0MiB/s
(20:46:26) INFO:    [Legendary]:        Progress for Cormorant: 44.18%/17262.42MiB/00:05:47 Down: 0MiB/s / Disk: 0MiB/s
(20:46:27) INFO:    [Legendary]:        Progress for Cormorant: 44.32%/17316.67MiB/00:05:47 Down: 54.19MiB/s / Disk: 41.88MiB/s
(20:46:28) INFO:    [Legendary]:        Progress for Cormorant: 44.47%/17375.17MiB/00:05:44 Down: 58.44MiB/s / Disk: 113.51MiB/s
(20:46:29) INFO:    [Legendary]:        Progress for Cormorant: 44.6%/17425.62MiB/00:05:43 Down: 0MiB/s / Disk: 0MiB/s
(20:46:30) INFO:    [Legendary]:        Progress for Cormorant: 44.74%/17481.41MiB/00:05:41 Down: 55.74MiB/s / Disk: 101.18MiB/s
(20:46:31) INFO:    [Legendary]:        Progress for Cormorant: 44.88%/17534.28MiB/00:05:40 Down: 52.82MiB/s / Disk: 0MiB/s
(20:46:32) INFO:    [Legendary]:        Progress for Cormorant: 45.01%/17585.58MiB/00:05:39 Down: 0MiB/s / Disk: 0MiB/s
(20:46:33) INFO:    [Legendary]:        Progress for Cormorant: 45.14%/17638.18MiB/00:05:37 Down: 0MiB/s / Disk: 0MiB/s
(20:46:34) INFO:    [Legendary]:        Progress for Cormorant: 45.27%/17688.68MiB/00:05:36 Down: 0MiB/s / Disk: 0MiB/s
(20:46:36) INFO:    [Legendary]:        Progress for Cormorant: 45.53%/17788.03MiB/00:05:39 Down: 0MiB/s / Disk: 0MiB/s
(20:46:38) INFO:    [Legendary]:        Progress for Cormorant: 45.81%/17896.44MiB/00:05:31 Down: 53.51MiB/s / Disk: 65.68MiB/s
(20:46:39) INFO:    [Legendary]:        Progress for Cormorant: 45.93%/17947.12MiB/00:05:30 Down: 0MiB/s / Disk: 0MiB/s
(20:46:40) INFO:    [Legendary]:        Progress for Cormorant: 46.07%/18001.84MiB/00:05:26 Down: 54.66MiB/s / Disk: 0MiB/s
(20:46:41) INFO:    [Legendary]:        Progress for Cormorant: 46.22%/18057.51MiB/00:05:26 Down: 0MiB/s / Disk: 0MiB/s
(20:46:42) INFO:    [Legendary]:        Progress for Cormorant: 46.36%/18112.08MiB/00:05:25 Down: 0MiB/s / Disk: 0MiB/s
(20:46:43) INFO:    [Legendary]:        Progress for Cormorant: 46.5%/18168.68MiB/00:05:23 Down: 56.54MiB/s / Disk: 0MiB/s
(20:46:44) INFO:    [Legendary]:        Progress for Cormorant: 46.64%/18221.87MiB/00:05:23 Down: 0MiB/s / Disk: 0MiB/s
(20:46:45) INFO:    [Legendary]:        Progress for Cormorant: 46.78%/18276.58MiB/00:05:21 Down: 0MiB/s / Disk: 0MiB/s
(20:46:46) INFO:    [Legendary]:        Progress for Cormorant: 46.91%/18327.74MiB/00:05:20 Down: 0MiB/s / Disk: 0MiB/s
(20:46:47) INFO:    [Legendary]:        Progress for Cormorant: 47.04%/18377.94MiB/00:05:20 Down: 50.14MiB/s / Disk: 0MiB/s
(20:46:48) INFO:    [Legendary]:        Progress for Cormorant: 47.18%/18431.89MiB/00:05:18 Down: 0MiB/s / Disk: 0MiB/s
(20:46:49) INFO:    [Legendary]:        Progress for Cormorant: 47.31%/18483.71MiB/00:05:19 Down: 0MiB/s / Disk: 0MiB/s
(20:46:50) INFO:    [Legendary]:        Progress for Cormorant: 47.45%/18540.91MiB/00:05:16 Down: 0MiB/s / Disk: 0MiB/s
(20:46:51) INFO:    [Legendary]:        Progress for Cormorant: 47.59%/18593.02MiB/00:05:15 Down: 0MiB/s / Disk: 0MiB/s
(20:46:52) INFO:    [Legendary]:        Progress for Cormorant: 47.72%/18645.66MiB/00:05:14 Down: 0MiB/s / Disk: 0MiB/s
(20:46:53) INFO:    [Legendary]:        Progress for Cormorant: 47.85%/18695.96MiB/00:05:14 Down: 0MiB/s / Disk: 0MiB/s
(20:46:54) INFO:    [Legendary]:        Progress for Cormorant: 47.98%/18747.34MiB/00:05:12 Down: 0MiB/s / Disk: 0MiB/s
(20:46:55) INFO:    [Legendary]:        Progress for Cormorant: 48.12%/18800.12MiB/00:05:11 Down: 52.73MiB/s / Disk: 67.92MiB/s
(20:46:56) INFO:    [Legendary]:        Progress for Cormorant: 48.26%/18855.01MiB/00:05:10 Down: 54.84MiB/s / Disk: 0MiB/s
(20:46:57) INFO:    [Legendary]:        Progress for Cormorant: 48.38%/18902.80MiB/00:05:09 Down: 0MiB/s / Disk: 0MiB/s
(20:46:58) INFO:    [Legendary]:        Progress for Cormorant: 48.52%/18956.63MiB/00:05:07 Down: 0MiB/s / Disk: 0MiB/s
(20:46:59) INFO:    [Legendary]:        Progress for Cormorant: 48.66%/19011.32MiB/00:05:06 Down: 0MiB/s / Disk: 0MiB/s
(20:47:00) INFO:    [Legendary]:        Progress for Cormorant: 48.79%/19063.54MiB/00:05:06 Down: 0MiB/s / Disk: 0MiB/s
(20:47:01) INFO:    [Legendary]:        Progress for Cormorant: 48.93%/19119.02MiB/00:05:04 Down: 0MiB/s / Disk: 0MiB/s
(20:47:02) INFO:    [Legendary]:        Progress for Cormorant: 49.05%/19163.11MiB/00:05:05 Down: 0MiB/s / Disk: 0MiB/s
(20:47:03) INFO:    [Legendary]:        Progress for Cormorant: 49.18%/19213.20MiB/00:05:05 Down: 0MiB/s / Disk: 0MiB/s
(20:47:04) INFO:    [Legendary]:        Progress for Cormorant: 49.29%/19259.08MiB/00:05:06 Down: 0MiB/s / Disk: 0MiB/s
(20:47:05) INFO:    [Legendary]:        Progress for Cormorant: 49.43%/19312.37MiB/00:05:07 Down: 0MiB/s / Disk: 0MiB/s
(20:47:06) INFO:    [Legendary]:        Progress for Cormorant: 49.57%/19368.61MiB/00:05:08 Down: 0MiB/s / Disk: 0MiB/s
(20:47:07) INFO:    [Legendary]:        Progress for Cormorant: 49.7%/19417.99MiB/00:05:02 Down: 0MiB/s / Disk: 0MiB/s
(20:47:08) INFO:    [Legendary]:        Progress for Cormorant: 49.83%/19468.57MiB/00:04:57 Down: 0MiB/s / Disk: 0MiB/s
(20:47:09) INFO:    [Legendary]:        Progress for Cormorant: 49.96%/19519.83MiB/00:04:55 Down: 0MiB/s / Disk: 0MiB/s
(20:47:10) INFO:    [Legendary]:        Progress for Cormorant: 50.1%/19572.68MiB/00:04:54 Down: 52.8MiB/s / Disk: 0MiB/s
(20:47:11) INFO:    [Legendary]:        Progress for Cormorant: 50.25%/19632.12MiB/00:04:53 Down: 59.38MiB/s / Disk: 64.86MiB/s
(20:47:12) INFO:    [Legendary]:        Progress for Cormorant: 50.39%/19687.51MiB/00:04:51 Down: 55.32MiB/s / Disk: 0MiB/s
(20:47:13) INFO:    [Legendary]:        Progress for Cormorant: 50.53%/19744.00MiB/00:04:50 Down: 56.44MiB/s / Disk: 0MiB/s
(20:47:14) INFO:    [Legendary]:        Progress for Cormorant: 50.67%/19797.26MiB/00:04:49 Down: 0MiB/s / Disk: 0MiB/s
(20:47:15) INFO:    [Legendary]:        Progress for Cormorant: 50.79%/19843.87MiB/00:04:48 Down: 0MiB/s / Disk: 0MiB/s
(20:47:16) INFO:    [Legendary]:        Progress for Cormorant: 50.93%/19897.01MiB/00:04:46 Down: 0MiB/s / Disk: 0MiB/s
(20:47:17) INFO:    [Legendary]:        Progress for Cormorant: 51.1%/19965.31MiB/00:04:46 Down: 0MiB/s / Disk: 0MiB/s
(20:47:18) INFO:    [Legendary]:        Progress for Cormorant: 51.3%/20042.75MiB/00:04:47 Down: 0MiB/s / Disk: 0MiB/s
(20:47:19) INFO:    [Legendary]:        Progress for Cormorant: 51.52%/20129.75MiB/00:04:47 Down: 0MiB/s / Disk: 0MiB/s
(20:47:20) INFO:    [Legendary]:        Progress for Cormorant: 51.78%/20229.23MiB/00:04:48 Down: 0MiB/s / Disk: 0MiB/s
(20:47:21) INFO:    [Legendary]:        Progress for Cormorant: 52.05%/20334.48MiB/00:04:49 Down: 0MiB/s / Disk: 0MiB/s
(20:47:22) INFO:    [Legendary]:        Progress for Cormorant: 52.3%/20435.05MiB/00:04:50 Down: 0MiB/s / Disk: 0MiB/s
(20:47:23) INFO:    [Legendary]:        Progress for Cormorant: 52.55%/20531.87MiB/00:04:51 Down: 96.72MiB/s / Disk: 0MiB/s
(20:47:24) INFO:    [Legendary]:        Progress for Cormorant: 52.82%/20637.16MiB/00:04:51 Down: 0MiB/s / Disk: 0MiB/s
(20:47:25) INFO:    [Legendary]:        Progress for Cormorant: 53.08%/20736.91MiB/00:04:52 Down: 0MiB/s / Disk: 0MiB/s
(20:47:26) INFO:    [Legendary]:        Progress for Cormorant: 53.34%/20838.43MiB/00:04:53 Down: 0MiB/s / Disk: 0MiB/s
(20:47:27) INFO:    [Legendary]:        Progress for Cormorant: 53.6%/20940.99MiB/00:04:54 Down: 0MiB/s / Disk: 0MiB/s
(20:47:28) INFO:    [Legendary]:        Progress for Cormorant: 53.86%/21042.57MiB/00:04:54 Down: 0MiB/s / Disk: 0MiB/s
(20:47:29) INFO:    [Legendary]:        Progress for Cormorant: 54.11%/21139.87MiB/00:04:55 Down: 97.23MiB/s / Disk: 0MiB/s
(20:47:30) INFO:    [Legendary]:        Progress for Cormorant: 54.39%/21251.38MiB/00:04:56 Down: 0MiB/s / Disk: 0MiB/s
(20:47:31) INFO:    [Legendary]:        Progress for Cormorant: 54.66%/21354.46MiB/00:04:57 Down: 0MiB/s / Disk: 0MiB/s
(20:47:32) INFO:    [Legendary]:        Progress for Cormorant: 54.92%/21457.51MiB/00:04:57 Down: 0MiB/s / Disk: 0MiB/s
(20:47:33) INFO:    [Legendary]:        Progress for Cormorant: 55.06%/21513.11MiB/00:04:58 Down: 55.53MiB/s / Disk: 0MiB/s
(20:47:34) INFO:    [Legendary]:        Progress for Cormorant: 55.06%/21513.11MiB/00:04:59 Down: 0MiB/s / Disk: 0MiB/s
(20:47:35) INFO:    [Legendary]:        Progress for Cormorant: 55.06%/21513.11MiB/00:05:00 Down: 0MiB/s / Disk: 0MiB/s
(20:47:36) INFO:    [Legendary]:        Progress for Cormorant: 55.14%/21542.61MiB/00:04:51 Down: 0MiB/s / Disk: 0MiB/s
(20:47:37) INFO:    [Legendary]:        Progress for Cormorant: 55.42%/21651.99MiB/00:04:33 Down: 109.27MiB/s / Disk: 0MiB/s
(20:47:38) INFO:    [Legendary]:        Progress for Cormorant: 55.7%/21760.91MiB/00:04:24 Down: 0MiB/s / Disk: 0MiB/s
(20:47:39) INFO:    [Legendary]:        Progress for Cormorant: 55.96%/21863.97MiB/00:04:24 Down: 0MiB/s / Disk: 0MiB/s
(20:47:40) INFO:    [Legendary]:        Progress for Cormorant: 56.21%/21959.73MiB/00:04:25 Down: 0MiB/s / Disk: 0MiB/s
(20:47:41) INFO:    [Legendary]:        Progress for Cormorant: 56.48%/22065.97MiB/00:04:12 Down: 106.14MiB/s / Disk: 0MiB/s
(20:47:42) INFO:    [Legendary]:        Progress for Cormorant: 56.73%/22166.57MiB/00:03:54 Down: 0MiB/s / Disk: 0MiB/s
(20:47:43) INFO:    [Legendary]:        Progress for Cormorant: 57%/22269.26MiB/00:03:53 Down: 0MiB/s / Disk: 0MiB/s
(20:47:44) INFO:    [Legendary]:        Progress for Cormorant: 57.26%/22372.61MiB/00:03:51 Down: 0MiB/s / Disk: 0MiB/s
(20:47:45) INFO:    [Legendary]:        Progress for Cormorant: 57.54%/22481.55MiB/00:03:50 Down: 0MiB/s / Disk: 0MiB/s
(20:47:46) INFO:    [Legendary]:        Progress for Cormorant: 57.8%/22584.11MiB/00:03:49 Down: 0MiB/s / Disk: 0MiB/s
(20:47:47) INFO:    [Legendary]:        Progress for Cormorant: 58.06%/22685.31MiB/00:03:46 Down: 101.08MiB/s / Disk: 133.09MiB/s
(20:47:48) INFO:    [Legendary]:        Progress for Cormorant: 58.32%/22787.77MiB/00:03:45 Down: 0MiB/s / Disk: 0MiB/s
(20:47:49) INFO:    [Legendary]:        Progress for Cormorant: 58.58%/22886.68MiB/00:03:44 Down: 0MiB/s / Disk: 0MiB/s
(20:47:50) INFO:    [Legendary]:        Progress for Cormorant: 58.84%/22989.05MiB/00:03:43 Down: 0MiB/s / Disk: 0MiB/s
(20:47:51) INFO:    [Legendary]:        Progress for Cormorant: 59.1%/23091.48MiB/00:03:41 Down: 0MiB/s / Disk: 0MiB/s
(20:47:52) INFO:    [Legendary]:        Progress for Cormorant: 59.37%/23196.89MiB/00:03:39 Down: 0MiB/s / Disk: 0MiB/s
(20:47:53) INFO:    [Legendary]:        Progress for Cormorant: 59.63%/23296.29MiB/00:03:38 Down: 0MiB/s / Disk: 0MiB/s
(20:47:54) INFO:    [Legendary]:        Progress for Cormorant: 59.87%/23390.83MiB/00:03:38 Down: 94.45MiB/s / Disk: 36.96MiB/s
(20:47:55) INFO:    [Legendary]:        Progress for Cormorant: 60.14%/23496.76MiB/00:03:36 Down: 105.8MiB/s / Disk: 183.78MiB/s
(20:47:56) INFO:    [Legendary]:        Progress for Cormorant: 60.38%/23592.00MiB/00:03:35 Down: 0MiB/s / Disk: 0MiB/s
(20:47:57) INFO:    [Legendary]:        Progress for Cormorant: 60.66%/23700.52MiB/00:03:33 Down: 0MiB/s / Disk: 0MiB/s
(20:47:58) INFO:    [Legendary]:        Progress for Cormorant: 60.93%/23804.42MiB/00:03:32 Down: 103.82MiB/s / Disk: 0MiB/s
(20:47:59) INFO:    [Legendary]:        Progress for Cormorant: 61.18%/23905.34MiB/00:03:30 Down: 0MiB/s / Disk: 0MiB/s
(20:48:00) INFO:    [Legendary]:        Progress for Cormorant: 61.45%/24007.14MiB/00:03:29 Down: 0MiB/s / Disk: 0MiB/s
(20:48:01) INFO:    [Legendary]:        Progress for Cormorant: 61.72%/24113.59MiB/00:03:28 Down: 0MiB/s / Disk: 0MiB/s
(20:48:02) INFO:    [Legendary]:        Progress for Cormorant: 61.98%/24216.83MiB/00:03:26 Down: 0MiB/s / Disk: 0MiB/s
(20:48:03) INFO:    [Legendary]:        Progress for Cormorant: 62.27%/24329.18MiB/00:03:24 Down: 0MiB/s / Disk: 0MiB/s
(20:48:04) INFO:    [Legendary]:        Progress for Cormorant: 62.52%/24425.25MiB/00:03:23 Down: 0MiB/s / Disk: 0MiB/s
(20:48:05) INFO:    [Legendary]:        Progress for Cormorant: 62.77%/24525.13MiB/00:03:21 Down: 0MiB/s / Disk: 0MiB/s
(20:48:07) INFO:    [Legendary]:        Progress for Cormorant: 63.26%/24716.10MiB/00:03:19 Down: 0MiB/s / Disk: 0MiB/s
(20:48:09) INFO:    [Legendary]:        Progress for Cormorant: 63.78%/24917.71MiB/00:03:19 Down: 0MiB/s / Disk: 0MiB/s
(20:48:10) INFO:    [Legendary]:        Progress for Cormorant: 64.04%/25021.45MiB/00:03:20 Down: 103.64MiB/s / Disk: 0MiB/s
(20:48:12) INFO:    [Legendary]:        Progress for Cormorant: 64.56%/25225.88MiB/00:03:21 Down: 0MiB/s / Disk: 0MiB/s
(20:48:13) INFO:    [Legendary]:        Progress for Cormorant: 64.83%/25329.26MiB/00:03:21 Down: 103.28MiB/s / Disk: 0MiB/s
(20:48:14) INFO:    [Legendary]:        Progress for Cormorant: 65.09%/25430.85MiB/00:03:22 Down: 0MiB/s / Disk: 0MiB/s
(20:48:15) INFO:    [Legendary]:        Progress for Cormorant: 65.35%/25534.29MiB/00:03:22 Down: 103.34MiB/s / Disk: 0MiB/s
(20:48:16) INFO:    [Legendary]:        Progress for Cormorant: 65.61%/25635.89MiB/00:03:23 Down: 101.49MiB/s / Disk: 0MiB/s
(20:48:17) INFO:    [Legendary]:        Progress for Cormorant: 65.88%/25739.84MiB/00:03:23 Down: 0MiB/s / Disk: 0MiB/s
(20:48:18) INFO:    [Legendary]:        Progress for Cormorant: 66.13%/25837.07MiB/00:03:24 Down: 0MiB/s / Disk: 0MiB/s
(20:48:19) INFO:    [Legendary]:        Progress for Cormorant: 66.4%/25941.62MiB/00:03:24 Down: 0MiB/s / Disk: 0MiB/s
(20:48:20) INFO:    [Legendary]:        Progress for Cormorant: 66.67%/26046.54MiB/00:03:25 Down: 0MiB/s / Disk: 0MiB/s
(20:48:21) INFO:    [Legendary]:        Progress for Cormorant: 66.95%/26156.49MiB/00:03:25 Down: 0MiB/s / Disk: 0MiB/s
(20:48:22) INFO:    [Legendary]:        Progress for Cormorant: 67.19%/26253.28MiB/00:03:26 Down: 96.69MiB/s / Disk: 0MiB/s
(20:48:23) INFO:    [Legendary]:        Progress for Cormorant: 67.46%/26356.98MiB/00:03:26 Down: 103.59MiB/s / Disk: 0MiB/s
(20:48:24) INFO:    [Legendary]:        Progress for Cormorant: 67.72%/26460.49MiB/00:03:24 Down: 0MiB/s / Disk: 0MiB/s
(20:48:25) INFO:    [Legendary]:        Progress for Cormorant: 67.99%/26563.51MiB/00:03:09 Down: 0MiB/s / Disk: 0MiB/s
(20:48:26) INFO:    [Legendary]:        Progress for Cormorant: 68.24%/26661.86MiB/00:02:53 Down: 0MiB/s / Disk: 0MiB/s
(20:48:27) INFO:    [Legendary]:        Progress for Cormorant: 68.49%/26761.29MiB/00:02:52 Down: 0MiB/s / Disk: 0MiB/s
(20:48:28) INFO:    [Legendary]:        Progress for Cormorant: 68.76%/26866.83MiB/00:02:51 Down: 0MiB/s / Disk: 0MiB/s
(20:48:29) INFO:    [Legendary]:        Progress for Cormorant: 69.02%/26965.14MiB/00:02:49 Down: 0MiB/s / Disk: 0MiB/s
(20:48:30) INFO:    [Legendary]:        Progress for Cormorant: 69.28%/27066.48MiB/00:02:48 Down: 0MiB/s / Disk: 0MiB/s
(20:48:31) INFO:    [Legendary]:        Progress for Cormorant: 69.53%/27165.37MiB/00:02:47 Down: 0MiB/s / Disk: 0MiB/s
(20:48:32) INFO:    [Legendary]:        Progress for Cormorant: 69.81%/27274.25MiB/00:02:45 Down: 0MiB/s / Disk: 0MiB/s
(20:48:33) INFO:    [Legendary]:        Progress for Cormorant: 70.07%/27378.44MiB/00:02:45 Down: 0MiB/s / Disk: 0MiB/s
(20:48:34) INFO:    [Legendary]:        Progress for Cormorant: 70.32%/27476.21MiB/00:02:43 Down: 97.65MiB/s / Disk: 0MiB/s
(20:48:35) INFO:    [Legendary]:        Progress for Cormorant: 70.6%/27585.52MiB/00:02:41 Down: 0MiB/s / Disk: 0MiB/s
(20:48:36) INFO:    [Legendary]:        Progress for Cormorant: 70.87%/27691.12MiB/00:02:40 Down: 105.49MiB/s / Disk: 123.88MiB/s
(20:48:37) INFO:    [Legendary]:        Progress for Cormorant: 71.12%/27787.05MiB/00:02:38 Down: 0MiB/s / Disk: 0MiB/s
(20:48:38) INFO:    [Legendary]:        Progress for Cormorant: 71.36%/27882.30MiB/00:02:37 Down: 0MiB/s / Disk: 0MiB/s
(20:48:39) INFO:    [Legendary]:        Progress for Cormorant: 71.63%/27985.30MiB/00:02:36 Down: 0MiB/s / Disk: 0MiB/s
(20:48:40) INFO:    [Legendary]:        Progress for Cormorant: 71.88%/28085.17MiB/00:02:35 Down: 0MiB/s / Disk: 0MiB/s
(20:48:41) INFO:    [Legendary]:        Progress for Cormorant: 72.14%/28187.28MiB/00:02:33 Down: 102.01MiB/s / Disk: 0MiB/s
(20:48:42) INFO:    [Legendary]:        Progress for Cormorant: 72.41%/28290.43MiB/00:02:32 Down: 103.05MiB/s / Disk: 88.08MiB/s
(20:48:43) INFO:    [Legendary]:        Progress for Cormorant: 72.68%/28395.75MiB/00:02:30 Down: 105.22MiB/s / Disk: 119.66MiB/s
(20:48:44) INFO:    [Legendary]:        Progress for Cormorant: 72.94%/28496.72MiB/00:02:29 Down: 100.86MiB/s / Disk: 0MiB/s
(20:48:45) INFO:    [Legendary]:        Progress for Cormorant: 73.2%/28601.73MiB/00:02:27 Down: 104.91MiB/s / Disk: 0MiB/s
(20:48:46) INFO:    [Legendary]:        Progress for Cormorant: 73.46%/28701.68MiB/00:02:26 Down: 99.83MiB/s / Disk: 94.88MiB/s
(20:48:47) INFO:    [Legendary]:        Progress for Cormorant: 73.73%/28808.26MiB/00:02:25 Down: 106.49MiB/s / Disk: 123.62MiB/s
(20:48:48) INFO:    [Legendary]:        Progress for Cormorant: 73.97%/28902.13MiB/00:02:24 Down: 0MiB/s / Disk: 0MiB/s
(20:48:49) INFO:    [Legendary]:        Progress for Cormorant: 74.26%/29012.32MiB/00:02:22 Down: 0MiB/s / Disk: 0MiB/s
(20:48:50) INFO:    [Legendary]:        Progress for Cormorant: 74.52%/29114.19MiB/00:02:21 Down: 0MiB/s / Disk: 0MiB/s
(20:48:51) INFO:    [Legendary]:        Progress for Cormorant: 74.79%/29220.92MiB/00:02:19 Down: 0MiB/s / Disk: 0MiB/s
(20:48:52) INFO:    [Legendary]:        Progress for Cormorant: 75.06%/29326.08MiB/00:02:18 Down: 105.09MiB/s / Disk: 0MiB/s
(20:48:53) INFO:    [Legendary]:        Progress for Cormorant: 75.3%/29422.08MiB/00:02:17 Down: 0MiB/s / Disk: 0MiB/s
(20:48:54) INFO:    [Legendary]:        Progress for Cormorant: 75.56%/29522.61MiB/00:02:16 Down: 0MiB/s / Disk: 0MiB/s
(20:48:55) INFO:    [Legendary]:        Progress for Cormorant: 75.83%/29628.19MiB/00:02:15 Down: 0MiB/s / Disk: 0MiB/s
(20:48:56) INFO:    [Legendary]:        Progress for Cormorant: 76.08%/29726.69MiB/00:02:15 Down: 0MiB/s / Disk: 0MiB/s
(20:48:57) INFO:    [Legendary]:        Progress for Cormorant: 76.34%/29827.60MiB/00:02:15 Down: 0MiB/s / Disk: 0MiB/s
(20:48:58) INFO:    [Legendary]:        Progress for Cormorant: 76.61%/29932.84MiB/00:02:16 Down: 0MiB/s / Disk: 0MiB/s
(20:48:59) INFO:    [Legendary]:        Progress for Cormorant: 76.88%/30037.65MiB/00:02:16 Down: 0MiB/s / Disk: 0MiB/s
(20:49:00) INFO:    [Legendary]:        Progress for Cormorant: 77.15%/30141.24MiB/00:02:16 Down: 0MiB/s / Disk: 0MiB/s
(20:49:01) INFO:    [Legendary]:        Progress for Cormorant: 77.41%/30243.38MiB/00:02:17 Down: 0MiB/s / Disk: 0MiB/s
(20:49:02) INFO:    [Legendary]:        Progress for Cormorant: 77.65%/30339.02MiB/00:02:17 Down: 0MiB/s / Disk: 0MiB/s
(20:49:03) INFO:    [Legendary]:        Progress for Cormorant: 77.91%/30438.72MiB/00:02:17 Down: 0MiB/s / Disk: 0MiB/s
(20:49:04) INFO:    [Legendary]:        Progress for Cormorant: 78.16%/30539.20MiB/00:02:17 Down: 0MiB/s / Disk: 0MiB/s
(20:49:05) INFO:    [Legendary]:        Progress for Cormorant: 78.44%/30647.87MiB/00:02:18 Down: 0MiB/s / Disk: 0MiB/s
(20:49:06) INFO:    [Legendary]:        Progress for Cormorant: 78.7%/30750.43MiB/00:02:18 Down: 0MiB/s / Disk: 0MiB/s
(20:49:07) INFO:    [Legendary]:        Progress for Cormorant: 78.97%/30855.62MiB/00:02:18 Down: 0MiB/s / Disk: 0MiB/s
(20:49:08) INFO:    [Legendary]:        Progress for Cormorant: 79.25%/30961.71MiB/00:02:19 Down: 0MiB/s / Disk: 0MiB/s
(20:49:09) INFO:    [Legendary]:        Progress for Cormorant: 79.51%/31064.48MiB/00:02:13 Down: 0MiB/s / Disk: 0MiB/s
(20:49:10) INFO:    [Legendary]:        Progress for Cormorant: 79.77%/31165.23MiB/00:01:59 Down: 0MiB/s / Disk: 0MiB/s
(20:49:11) INFO:    [Legendary]:        Progress for Cormorant: 80.03%/31268.04MiB/00:01:51 Down: 0MiB/s / Disk: 0MiB/s
(20:49:12) INFO:    [Legendary]:        Progress for Cormorant: 80.29%/31368.43MiB/00:01:50 Down: 0MiB/s / Disk: 0MiB/s
(20:49:13) INFO:    [Legendary]:        Progress for Cormorant: 80.54%/31467.16MiB/00:01:48 Down: 0MiB/s / Disk: 0MiB/s
(20:49:14) INFO:    [Legendary]:        Progress for Cormorant: 80.78%/31562.64MiB/00:01:47 Down: 95.39MiB/s / Disk: 0MiB/s
(20:49:15) INFO:    [Legendary]:        Progress for Cormorant: 81.03%/31658.99MiB/00:01:46 Down: 96.25MiB/s / Disk: 0MiB/s
(20:49:16) INFO:    [Legendary]:        Progress for Cormorant: 81.29%/31759.34MiB/00:01:44 Down: 0MiB/s / Disk: 0MiB/s
(20:49:17) INFO:    [Legendary]:        Progress for Cormorant: 81.55%/31862.75MiB/00:01:43 Down: 103.31MiB/s / Disk: 0MiB/s
(20:49:18) INFO:    [Legendary]:        Progress for Cormorant: 81.79%/31954.89MiB/00:01:42 Down: 0MiB/s / Disk: 0MiB/s
(20:49:19) INFO:    [Legendary]:        Progress for Cormorant: 82.04%/32052.57MiB/00:01:40 Down: 97.59MiB/s / Disk: 0MiB/s
(20:49:20) INFO:    [Legendary]:        Progress for Cormorant: 82.29%/32150.94MiB/00:01:39 Down: 0MiB/s / Disk: 0MiB/s
(20:49:21) INFO:    [Legendary]:        Progress for Cormorant: 82.56%/32256.96MiB/00:01:37 Down: 0MiB/s / Disk: 0MiB/s
(20:49:22) INFO:    [Legendary]:        Progress for Cormorant: 82.82%/32358.19MiB/00:01:35 Down: 0MiB/s / Disk: 0MiB/s
(20:49:23) INFO:    [Legendary]:        Progress for Cormorant: 83.08%/32460.44MiB/00:01:34 Down: 0MiB/s / Disk: 0MiB/s
(20:49:24) INFO:    [Legendary]:        Progress for Cormorant: 83.34%/32560.78MiB/00:01:32 Down: 100.22MiB/s / Disk: 122.51MiB/s
(20:49:25) INFO:    [Legendary]:        Progress for Cormorant: 83.6%/32664.57MiB/00:01:31 Down: 0MiB/s / Disk: 0MiB/s
(20:49:26) INFO:    [Legendary]:        Progress for Cormorant: 83.86%/32765.54MiB/00:01:29 Down: 0MiB/s / Disk: 0MiB/s
(20:49:27) INFO:    [Legendary]:        Progress for Cormorant: 84.13%/32870.27MiB/00:01:29 Down: 0MiB/s / Disk: 0MiB/s
(20:49:28) INFO:    [Legendary]:        Progress for Cormorant: 84.4%/32974.73MiB/00:01:27 Down: 0MiB/s / Disk: 0MiB/s
(20:49:29) INFO:    [Legendary]:        Progress for Cormorant: 84.65%/33074.12MiB/00:01:27 Down: 0MiB/s / Disk: 0MiB/s
(20:49:30) INFO:    [Legendary]:        Progress for Cormorant: 84.92%/33177.91MiB/00:01:27 Down: 0MiB/s / Disk: 0MiB/s
(20:49:31) INFO:    [Legendary]:        Progress for Cormorant: 85.17%/33278.06MiB/00:01:27 Down: 0MiB/s / Disk: 0MiB/s
(20:49:32) INFO:    [Legendary]:        Progress for Cormorant: 85.44%/33383.54MiB/00:01:28 Down: 0MiB/s / Disk: 0MiB/s
(20:49:33) INFO:    [Legendary]:        Progress for Cormorant: 85.67%/33472.84MiB/00:01:22 Down: 0MiB/s / Disk: 0MiB/s
(20:49:34) INFO:    [Legendary]:        Progress for Cormorant: 85.92%/33571.02MiB/00:01:21 Down: 0MiB/s / Disk: 0MiB/s
(20:49:35) INFO:    [Legendary]:        Progress for Cormorant: 86.18%/33671.60MiB/00:01:19 Down: 0MiB/s / Disk: 0MiB/s
(20:49:36) INFO:    [Legendary]:        Progress for Cormorant: 86.45%/33776.73MiB/00:01:18 Down: 0MiB/s / Disk: 0MiB/s
(20:49:37) INFO:    [Legendary]:        Progress for Cormorant: 86.71%/33878.49MiB/00:01:17 Down: 0MiB/s / Disk: 0MiB/s
(20:49:38) INFO:    [Legendary]:        Progress for Cormorant: 86.98%/33982.01MiB/00:01:16 Down: 0MiB/s / Disk: 0MiB/s
(20:49:39) INFO:    [Legendary]:        Progress for Cormorant: 87.25%/34087.69MiB/00:01:14 Down: 0MiB/s / Disk: 0MiB/s
(20:49:40) INFO:    [Legendary]:        Progress for Cormorant: 87.49%/34183.42MiB/00:01:14 Down: 0MiB/s / Disk: 0MiB/s
(20:49:41) INFO:    [Legendary]:        Progress for Cormorant: 87.76%/34286.85MiB/00:01:12 Down: 0MiB/s / Disk: 0MiB/s
(20:49:42) INFO:    [Legendary]:        Progress for Cormorant: 88.03%/34392.56MiB/00:01:11 Down: 0MiB/s / Disk: 0MiB/s
(20:49:43) INFO:    [Legendary]:        Progress for Cormorant: 88.28%/34491.93MiB/00:01:10 Down: 99.28MiB/s / Disk: 0MiB/s
(20:49:44) INFO:    [Legendary]:        Progress for Cormorant: 88.55%/34596.46MiB/00:01:09 Down: 0MiB/s / Disk: 0MiB/s
(20:49:45) INFO:    [Legendary]:        Progress for Cormorant: 88.82%/34702.29MiB/00:01:08 Down: 0MiB/s / Disk: 0MiB/s
(20:49:46) INFO:    [Legendary]:        Progress for Cormorant: 89.09%/34807.81MiB/00:01:06 Down: 0MiB/s / Disk: 0MiB/s
(20:49:47) INFO:    [Legendary]:        Progress for Cormorant: 89.35%/34909.26MiB/00:01:06 Down: 0MiB/s / Disk: 0MiB/s
(20:49:48) INFO:    [Legendary]:        Progress for Cormorant: 89.6%/35009.02MiB/00:01:06 Down: 0MiB/s / Disk: 0MiB/s
(20:49:49) INFO:    [Legendary]:        Progress for Cormorant: 89.85%/35105.53MiB/00:01:03 Down: 0MiB/s / Disk: 0MiB/s
(20:49:50) INFO:    [Legendary]:        Progress for Cormorant: 90.1%/35203.33MiB/00:01:02 Down: 0MiB/s / Disk: 0MiB/s
(20:49:51) INFO:    [Legendary]:        Progress for Cormorant: 90.37%/35308.14MiB/00:01:01 Down: 0MiB/s / Disk: 0MiB/s
(20:49:52) INFO:    [Legendary]:        Progress for Cormorant: 90.62%/35406.14MiB/00:01:01 Down: 0MiB/s / Disk: 0MiB/s
(20:49:53) INFO:    [Legendary]:        Progress for Cormorant: 90.86%/35498.83MiB/00:01:01 Down: 0MiB/s / Disk: 0MiB/s
(20:49:54) INFO:    [Legendary]:        Progress for Cormorant: 91.11%/35597.73MiB/00:01:01 Down: 0MiB/s / Disk: 0MiB/s
(20:49:55) INFO:    [Legendary]:        Progress for Cormorant: 91.39%/35707.26MiB/00:01:01 Down: 0MiB/s / Disk: 0MiB/s
(20:49:56) INFO:    [Legendary]:        Progress for Cormorant: 91.65%/35806.73MiB/00:01:01 Down: 0MiB/s / Disk: 0MiB/s
(20:49:57) INFO:    [Legendary]:        Progress for Cormorant: 91.9%/35904.59MiB/00:01:01 Down: 0MiB/s / Disk: 0MiB/s
(20:49:58) INFO:    [Legendary]:        Progress for Cormorant: 92.15%/36004.05MiB/00:01:02 Down: 0MiB/s / Disk: 0MiB/s
(20:49:59) INFO:    [Legendary]:        Progress for Cormorant: 92.41%/36103.81MiB/00:00:56 Down: 99.69MiB/s / Disk: 0MiB/s
(20:50:00) INFO:    [Legendary]:        Progress for Cormorant: 92.66%/36201.75MiB/00:00:43 Down: 97.84MiB/s / Disk: 0MiB/s
(20:50:01) INFO:    [Legendary]:        Progress for Cormorant: 92.93%/36308.67MiB/00:00:39 Down: 0MiB/s / Disk: 0MiB/s
(20:50:02) INFO:    [Legendary]:        Progress for Cormorant: 93.19%/36409.93MiB/00:00:38 Down: 0MiB/s / Disk: 0MiB/s
(20:50:03) INFO:    [Legendary]:        Progress for Cormorant: 93.45%/36511.66MiB/00:00:36 Down: 101.63MiB/s / Disk: 0MiB/s
(20:50:04) INFO:    [Legendary]:        Progress for Cormorant: 93.72%/36618.85MiB/00:00:33 Down: 0MiB/s / Disk: 0MiB/s
(20:50:05) INFO:    [Legendary]:        Progress for Cormorant: 93.98%/36718.24MiB/00:00:32 Down: 0MiB/s / Disk: 0MiB/s
(20:50:06) INFO:    [Legendary]:        Progress for Cormorant: 94.24%/36820.30MiB/00:00:29 Down: 0MiB/s / Disk: 0MiB/s
(20:50:07) INFO:    [Legendary]:        Progress for Cormorant: 94.5%/36923.80MiB/00:00:27 Down: 0MiB/s / Disk: 0MiB/s
(20:50:08) INFO:    [Legendary]:        Progress for Cormorant: 94.77%/37028.64MiB/00:00:26 Down: 0MiB/s / Disk: 0MiB/s
(20:50:09) INFO:    [Legendary]:        Progress for Cormorant: 95.05%/37137.73MiB/00:00:24 Down: 0MiB/s / Disk: 0MiB/s
(20:50:10) INFO:    [Legendary]:        Progress for Cormorant: 95.31%/37238.48MiB/00:00:23 Down: 0MiB/s / Disk: 0MiB/s
(20:50:11) INFO:    [Legendary]:        Progress for Cormorant: 95.59%/37345.95MiB/00:00:21 Down: 0MiB/s / Disk: 0MiB/s
(20:50:12) INFO:    [Legendary]:        Progress for Cormorant: 95.85%/37448.05MiB/00:00:21 Down: 0MiB/s / Disk: 0MiB/s
(20:50:13) INFO:    [Legendary]:        Progress for Cormorant: 96.11%/37549.47MiB/00:00:19 Down: 0MiB/s / Disk: 0MiB/s
(20:50:14) INFO:    [Legendary]:        Progress for Cormorant: 96.37%/37653.45MiB/00:00:18 Down: 0MiB/s / Disk: 0MiB/s
(20:50:15) INFO:    [Legendary]:        Progress for Cormorant: 96.63%/37753.10MiB/00:00:17 Down: 0MiB/s / Disk: 0MiB/s
(20:50:16) INFO:    [Legendary]:        Progress for Cormorant: 96.89%/37853.89MiB/00:00:16 Down: 0MiB/s / Disk: 0MiB/s
(20:50:17) INFO:    [Legendary]:        Progress for Cormorant: 97.15%/37959.13MiB/00:00:15 Down: 0MiB/s / Disk: 0MiB/s
(20:50:18) INFO:    [Legendary]:        Progress for Cormorant: 97.41%/38059.75MiB/00:00:14 Down: 0MiB/s / Disk: 0MiB/s
(20:50:19) INFO:    [Legendary]:        Progress for Cormorant: 97.65%/38153.11MiB/00:00:12 Down: 0MiB/s / Disk: 0MiB/s
(20:50:20) INFO:    [Legendary]:        Progress for Cormorant: 97.92%/38259.06MiB/00:00:11 Down: 0MiB/s / Disk: 0MiB/s
(20:50:21) INFO:    [Legendary]:        Progress for Cormorant: 98.18%/38358.14MiB/00:00:10 Down: 98.98MiB/s / Disk: 92.41MiB/s
(20:50:22) INFO:    [Legendary]:        Progress for Cormorant: 98.44%/38462.93MiB/00:00:09 Down: 104.68MiB/s / Disk: 130.4MiB/s
(20:50:23) INFO:    [Legendary]:        Progress for Cormorant: 98.68%/38556.92MiB/00:00:08 Down: 0MiB/s / Disk: 0MiB/s
(20:50:24) INFO:    [Legendary]:        Progress for Cormorant: 98.93%/38654.32MiB/00:00:07 Down: 0MiB/s / Disk: 0MiB/s
(20:50:25) INFO:    [Legendary]:        Progress for Cormorant: 99.2%/38756.51MiB/00:00:05 Down: 0MiB/s / Disk: 0MiB/s
(20:50:27) INFO:    [Legendary]:        Progress for Cormorant: 99.71%/38958.18MiB/00:00:03 Down: 0MiB/s / Disk: 0MiB/s
(20:50:28) INFO:    [Legendary]:        Progress for Cormorant: 99.95%/39051.64MiB/00:00:01 Down: 0MiB/s / Disk: 0MiB/s
(20:50:29) INFO:    [Legendary]:        Progress for Cormorant: 100%/39070.75MiB/00:00:00 Down: 19.1MiB/s / Disk: 109.79MiB/s
(20:50:30) INFO:    [Backend]:          Adding shortcuts for Saints Row
(20:50:30) INFO:    [DownloadManager]:  Finished installing of Cormorant
(20:50:30) INFO:    [DownloadManager]:  Cormorant added to download manager finished.
(20:50:30) INFO:    [DownloadManager]:  Cormorant removed from download manager.
(20:50:31) INFO:    [Frontend]:         Refreshing Library
(20:50:31) INFO:    [Legendary]:        Refreshing library...
(20:50:31) INFO:    [Legendary]:        Game list updated, got 72 games & DLCs
(20:50:31) DEBUG:   [Legendary]:        Using cached install info
(20:50:31) DEBUG:   [Legendary]:        Using cached install info
(20:50:31) INFO:    [Frontend]:         Force Update
(20:50:31) INFO:    [Legendary]:        Checking if EOS Overlay is enabled: /app/bin/heroic/resources/app.asar.unpacked/build/bin/linux/legendary eos-overlay info --prefix "/home/tommi/Games/Heroic/Prefixes/Saints Row"
(20:50:31) DEBUG:   [Legendary]:        Using cached install info
(20:50:31) DEBUG:   [Legendary]:        Using cached install info
(20:50:31) DEBUG:   [Legendary]:        Using cached install info
(09:41:44) INFO:    [Shortcuts]:        Prepare Steam images for Saints Row
(09:41:44) INFO:    [Shortcuts]:        Saints Row was successfully added to Steam.
