(12:11:20) INFO:    [Connection]:       Connectivity: check-online
(12:11:20) INFO:    [Connection]:       Pinging external endpoints
(12:11:20) INFO:    [Legendary]:        Running command: /app/bin/heroic/resources/app.asar.unpacked/build/bin/linux/legendary --version
(12:11:20) INFO:    [Legendary]:        Legendary location: /app/bin/heroic/resources/app.asar.unpacked/build/bin/linux/legendary
(12:11:20) INFO:    [Gog]:              GOGDL location: /app/bin/heroic/resources/app.asar.unpacked/build/bin/linux/gogdl
(12:11:20) INFO:    [Gog]:              GOGDL location: /app/bin/heroic/resources/app.asar.unpacked/build/bin/linux/gogdl
(12:11:20) WARNING: [Backend]:          Failed to register protocol with OS.
(12:11:20) INFO:    [Connection]:       Connectivity: online
(12:11:20) INFO:    [Gog]:              Running command: /app/bin/heroic/resources/app.asar.unpacked/build/bin/linux/gogdl --version
(12:11:20) INFO:    [Backend]:          AreWeAntiCheatYet data downloaded
(12:11:21) INFO:    [Backend]:          Loading Screen Ready
(12:11:21) INFO:    [Frontend]:         Refreshing Library
(12:11:21) INFO:    [Legendary]:        Refreshing library...
(12:11:21) INFO:    [Legendary]:        Refreshing Epic Games...
(12:11:21) INFO:    [Legendary]:        Game list updated, got 72 games & DLCs
(12:11:21) INFO:    [Backend]:          Frontend Ready
(12:11:21) INFO:    [Backend]:          

Heroic Version: 2.6.2 Trafalgar Law
Legendary Version:  0.20.32 Dark Energy (hotfix #6)
GOGdl Version: 0.6

Electron Version: 22.2.0
Chrome Version: 108.0.5359.215
NodeJS Version: 16.17.1

OS: Freedesktop SDK KERNEL: 6.1.8-202.fsync.fc37.x86_64 ARCH: x64
CPU: Intel Core™ i5-10600K @4.1 GOVERNOR: powersave
RAM: Total: 31.24 GiB Available: 25.12 GiB
GRAPHICS: GPU0: Navi 22 [Radeon RX 6700/6700 XT/6750 XT / 6800M] VRAM: 1MB  
PROTOCOL: x11

(12:11:21) INFO:    [Backend]:          Checking for current version changelog
(12:11:21) INFO:    [Legendary]:        Running command: /app/bin/heroic/resources/app.asar.unpacked/build/bin/linux/legendary list --third-party
(12:11:21) INFO:    [Legendary]:        Checking for game updates: /app/bin/heroic/resources/app.asar.unpacked/build/bin/linux/legendary list --third-party
(12:11:22) INFO:    [Legendary]:        Found 0 games to update
(12:11:22) INFO:    [Gog]:              Found 0 game(s) to update
(12:11:22) INFO:    [Winetricks]:       Downloading Winetricks
(12:11:26) INFO:    [Backend]:          Starting the Download Queue
(12:11:26) INFO:    [ExtraGameInfo]:    Getting ExtraGameInfo data for HITMAN 3
(12:11:26) INFO:    [ExtraGameInfo]:    Getting PCGamingWiki data for HITMAN 3
(12:11:26) INFO:    [ExtraGameInfo]:    Getting HowLongToBeat data for HITMAN 3
(12:11:26) INFO:    [Legendary]:        Getting more details with 'legendary info'
(12:11:26) INFO:    [Legendary]:        Getting more details with 'legendary info'
(12:11:26) INFO:    [Legendary]:        Getting more details with 'legendary info'
(12:11:26) INFO:    [Legendary]:        Getting more details with 'legendary info'
(12:11:27) INFO:    [Legendary]:        Running command: /app/bin/heroic/resources/app.asar.unpacked/build/bin/linux/legendary info Eider --platform Windows --json
(12:11:27) INFO:    [Legendary]:        Running command: /app/bin/heroic/resources/app.asar.unpacked/build/bin/linux/legendary info Eider --platform Windows --json
(12:11:27) INFO:    [Legendary]:        Running command: /app/bin/heroic/resources/app.asar.unpacked/build/bin/linux/legendary info Eider --platform Windows --json
(12:11:27) INFO:    [Legendary]:        Running command: /app/bin/heroic/resources/app.asar.unpacked/build/bin/linux/legendary info Eider --platform Windows --json
(12:11:27) ERROR:   [Legendary]:        Error: Failed to parse install info for Eider with: SyntaxError: Unexpected end of JSON input
    at R.getInstallInfo (/app/bin/heroic/resources/app.asar/build/electron/main.6ace4a2c.js:56:8623)
    at async /app/bin/heroic/resources/app.asar/build/electron/main.6ace4a2c.js:184:7489
    at async node:electron/js2c/browser_init:2:97553
(12:11:27) ERROR:   [Frontend]:         Cannot get game info
(12:11:27) ERROR:   [Frontend]:         Cannot get game info
(12:11:27) ERROR:   [Legendary]:        Error: Failed to parse install info for Eider with: SyntaxError: Unexpected end of JSON input
    at R.getInstallInfo (/app/bin/heroic/resources/app.asar/build/electron/main.6ace4a2c.js:56:8623)
    at async /app/bin/heroic/resources/app.asar/build/electron/main.6ace4a2c.js:184:7489
    at async node:electron/js2c/browser_init:2:97553
(12:11:27) ERROR:   [Frontend]:         Cannot get game info
(12:11:27) ERROR:   [Frontend]:         Cannot get game info
(12:11:27) ERROR:   [Legendary]:        Error: Failed to parse install info for Eider with: SyntaxError: Unexpected end of JSON input
    at R.getInstallInfo (/app/bin/heroic/resources/app.asar/build/electron/main.6ace4a2c.js:56:8623)
    at async /app/bin/heroic/resources/app.asar/build/electron/main.6ace4a2c.js:184:7489
    at async node:electron/js2c/browser_init:2:97553
(12:11:27) ERROR:   [Frontend]:         Cannot get game info
(12:11:27) ERROR:   [Frontend]:         Cannot get game info
(12:11:27) ERROR:   [Legendary]:        Error: Failed to parse install info for Eider with: SyntaxError: Unexpected end of JSON input
    at R.getInstallInfo (/app/bin/heroic/resources/app.asar/build/electron/main.6ace4a2c.js:56:8623)
    at async /app/bin/heroic/resources/app.asar/build/electron/main.6ace4a2c.js:184:7489
    at async node:electron/js2c/browser_init:2:97553
(12:11:27) ERROR:   [Frontend]:         Cannot get game info
(12:11:27) ERROR:   [Frontend]:         Cannot get game info
(12:11:27) INFO:    [Legendary]:        Getting Info from Epic API
(12:11:27) INFO:    [Legendary]:        Getting Info from Epic API
(12:11:27) ERROR:   [Frontend]:         Cannot get game info
(12:11:27) ERROR:   [Frontend]:         Cannot get game info
(12:11:29) INFO:    [Legendary]:        Running command: /app/bin/heroic/resources/app.asar.unpacked/build/bin/linux/legendary cleanup
(12:11:29) ERROR:   [Frontend]:         Cannot get game info
(12:11:30) ERROR:   [Frontend]:         Cannot get game info
(12:11:31) INFO:    [Frontend]:         Refreshing Library
(12:11:31) INFO:    [Legendary]:        Refreshing library...
(12:11:31) ERROR:   [Frontend]:         Cannot get game info
(12:11:31) INFO:    [Frontend]:         No cache found, getting data from legendary...
(12:11:31) INFO:    [Legendary]:        Refreshing library...
(12:11:31) INFO:    [Gog]:              Found 0 game(s) to update
(12:11:31) INFO:    [Frontend]:         Force Update
(12:11:31) ERROR:   [Frontend]:         Cannot get game info
(12:11:31) INFO:    [Legendary]:        Getting more details with 'legendary info'
(12:11:31) ERROR:   [Frontend]:         Cannot get game info
(12:11:31) ERROR:   [Frontend]:         Cannot get game info
(12:11:31) INFO:    [Legendary]:        Getting more details with 'legendary info'
(12:11:31) ERROR:   [Frontend]:         Cannot get game info
(12:11:31) ERROR:   [Frontend]:         Cannot get game info
(12:11:31) INFO:    [Legendary]:        Running command: /app/bin/heroic/resources/app.asar.unpacked/build/bin/linux/legendary info Eider --platform Windows --json
(12:11:31) INFO:    [Legendary]:        Running command: /app/bin/heroic/resources/app.asar.unpacked/build/bin/linux/legendary info Eider --platform Windows --json
(12:11:31) INFO:    [Legendary]:        Getting Info from Epic API
(12:11:31) ERROR:   [Frontend]:         Cannot get game info
(12:11:32) ERROR:   [Legendary]:        Error: Failed to parse install info for Eider with: SyntaxError: Unexpected end of JSON input
    at R.getInstallInfo (/app/bin/heroic/resources/app.asar/build/electron/main.6ace4a2c.js:56:8623)
    at async /app/bin/heroic/resources/app.asar/build/electron/main.6ace4a2c.js:184:7489
    at async node:electron/js2c/browser_init:2:97553
(12:11:32) ERROR:   [Frontend]:         Cannot get game info
(12:11:32) ERROR:   [Frontend]:         Cannot get game info
(12:11:32) ERROR:   [Legendary]:        Error: Failed to parse install info for Eider with: SyntaxError: Unexpected end of JSON input
    at R.getInstallInfo (/app/bin/heroic/resources/app.asar/build/electron/main.6ace4a2c.js:56:8623)
    at async /app/bin/heroic/resources/app.asar/build/electron/main.6ace4a2c.js:184:7489
    at async node:electron/js2c/browser_init:2:97553
(12:11:32) ERROR:   [Frontend]:         Cannot get game info
(12:11:32) ERROR:   [Frontend]:         Cannot get game info
(12:11:33) INFO:    [Frontend]:         Refreshing Library
(12:11:33) INFO:    [Legendary]:        Refreshing library...
(12:11:33) ERROR:   [Frontend]:         Cannot get game info
(12:11:33) INFO:    [Frontend]:         No cache found, getting data from legendary...
(12:11:33) INFO:    [Legendary]:        Refreshing library...
(12:11:33) INFO:    [Gog]:              Found 0 game(s) to update
(12:11:33) ERROR:   [Frontend]:         Cannot get game info
(12:11:33) INFO:    [Legendary]:        Getting more details with 'legendary info'
(12:11:33) ERROR:   [Frontend]:         Cannot get game info
(12:11:33) ERROR:   [Frontend]:         Cannot get game info
(12:11:33) INFO:    [Legendary]:        Getting more details with 'legendary info'
(12:11:33) ERROR:   [Frontend]:         Cannot get game info
(12:11:33) ERROR:   [Frontend]:         Cannot get game info
(12:11:33) INFO:    [Frontend]:         Refreshing Library
(12:11:33) INFO:    [Legendary]:        Refreshing library...
(12:11:33) ERROR:   [Frontend]:         Cannot get game info
(12:11:33) INFO:    [Frontend]:         No cache found, getting data from legendary...
(12:11:33) INFO:    [Legendary]:        Refreshing library...
(12:11:33) INFO:    [Gog]:              Found 0 game(s) to update
(12:11:33) ERROR:   [Frontend]:         Cannot get game info
(12:11:33) INFO:    [Legendary]:        Getting more details with 'legendary info'
(12:11:33) ERROR:   [Frontend]:         Cannot get game info
(12:11:33) INFO:    [Legendary]:        Getting more details with 'legendary info'
(12:11:33) ERROR:   [Frontend]:         Cannot get game info
(12:11:33) ERROR:   [Frontend]:         Cannot get game info
(12:11:33) ERROR:   [Frontend]:         Cannot get game info
(12:11:33) INFO:    [Legendary]:        Running command: /app/bin/heroic/resources/app.asar.unpacked/build/bin/linux/legendary info Eider --platform Windows --json
(12:11:33) INFO:    [Legendary]:        Running command: /app/bin/heroic/resources/app.asar.unpacked/build/bin/linux/legendary info Eider --platform Windows --json
(12:11:33) INFO:    [Frontend]:         Refreshing Library
(12:11:33) INFO:    [Legendary]:        Refreshing library...
(12:11:33) ERROR:   [Frontend]:         Cannot get game info
(12:11:33) INFO:    [Frontend]:         No cache found, getting data from legendary...
(12:11:33) INFO:    [Legendary]:        Refreshing library...
(12:11:33) INFO:    [Gog]:              Found 0 game(s) to update
(12:11:33) ERROR:   [Frontend]:         Cannot get game info
(12:11:33) INFO:    [Legendary]:        Getting more details with 'legendary info'
(12:11:33) ERROR:   [Frontend]:         Cannot get game info
(12:11:33) ERROR:   [Frontend]:         Cannot get game info
(12:11:33) INFO:    [Legendary]:        Getting more details with 'legendary info'
(12:11:33) ERROR:   [Frontend]:         Cannot get game info
(12:11:33) INFO:    [Legendary]:        Running command: /app/bin/heroic/resources/app.asar.unpacked/build/bin/linux/legendary info Eider --platform Windows --json
(12:11:33) INFO:    [Legendary]:        Running command: /app/bin/heroic/resources/app.asar.unpacked/build/bin/linux/legendary info Eider --platform Windows --json
(12:11:34) INFO:    [Legendary]:        Running command: /app/bin/heroic/resources/app.asar.unpacked/build/bin/linux/legendary info Eider --platform Windows --json
(12:11:34) INFO:    [Legendary]:        Running command: /app/bin/heroic/resources/app.asar.unpacked/build/bin/linux/legendary info Eider --platform Windows --json
(12:11:34) ERROR:   [Frontend]:         Cannot get game info
(12:11:35) ERROR:   [Frontend]:         Cannot get game info
(12:11:35) ERROR:   [Legendary]:        Error: Failed to parse install info for Eider with: SyntaxError: Unexpected end of JSON input
    at R.getInstallInfo (/app/bin/heroic/resources/app.asar/build/electron/main.6ace4a2c.js:56:8623)
    at async /app/bin/heroic/resources/app.asar/build/electron/main.6ace4a2c.js:184:7489
    at async node:electron/js2c/browser_init:2:97553
(12:11:35) ERROR:   [Frontend]:         Cannot get game info
(12:11:35) ERROR:   [Frontend]:         Cannot get game info
(12:11:35) ERROR:   [Legendary]:        Error: Failed to parse install info for Eider with: SyntaxError: Unexpected end of JSON input
    at R.getInstallInfo (/app/bin/heroic/resources/app.asar/build/electron/main.6ace4a2c.js:56:8623)
    at async /app/bin/heroic/resources/app.asar/build/electron/main.6ace4a2c.js:184:7489
    at async node:electron/js2c/browser_init:2:97553
(12:11:35) ERROR:   [Frontend]:         Cannot get game info
(12:11:35) ERROR:   [Frontend]:         Cannot get game info
(12:11:35) ERROR:   [Legendary]:        Error: Failed to parse install info for Eider with: SyntaxError: Unexpected end of JSON input
    at R.getInstallInfo (/app/bin/heroic/resources/app.asar/build/electron/main.6ace4a2c.js:56:8623)
    at async /app/bin/heroic/resources/app.asar/build/electron/main.6ace4a2c.js:184:7489
    at async node:electron/js2c/browser_init:2:97553
(12:11:35) ERROR:   [Frontend]:         Cannot get game info
(12:11:35) ERROR:   [Frontend]:         Cannot get game info
(12:11:36) ERROR:   [Legendary]:        Error: Failed to parse install info for Eider with: SyntaxError: Unexpected end of JSON input
    at R.getInstallInfo (/app/bin/heroic/resources/app.asar/build/electron/main.6ace4a2c.js:56:8623)
    at async /app/bin/heroic/resources/app.asar/build/electron/main.6ace4a2c.js:184:7489
    at async node:electron/js2c/browser_init:2:97553
(12:11:36) ERROR:   [Frontend]:         Cannot get game info
(12:11:36) ERROR:   [Frontend]:         Cannot get game info
(12:11:36) ERROR:   [Legendary]:        Error: Failed to parse install info for Eider with: SyntaxError: Unexpected end of JSON input
    at R.getInstallInfo (/app/bin/heroic/resources/app.asar/build/electron/main.6ace4a2c.js:56:8623)
    at async /app/bin/heroic/resources/app.asar/build/electron/main.6ace4a2c.js:184:7489
    at async node:electron/js2c/browser_init:2:97553
(12:11:36) ERROR:   [Frontend]:         Cannot get game info
(12:11:36) ERROR:   [Frontend]:         Cannot get game info
(12:11:36) ERROR:   [Legendary]:        Error: Failed to parse install info for Eider with: SyntaxError: Unexpected end of JSON input
    at R.getInstallInfo (/app/bin/heroic/resources/app.asar/build/electron/main.6ace4a2c.js:56:8623)
    at async /app/bin/heroic/resources/app.asar/build/electron/main.6ace4a2c.js:184:7489
    at async node:electron/js2c/browser_init:2:97553
(12:11:36) ERROR:   [Frontend]:         Cannot get game info
(12:11:36) ERROR:   [Frontend]:         Cannot get game info
