(07:36:42) INFO:    [Connection]:       Connectivity: check-online
(07:36:42) INFO:    [Connection]:       Pinging external endpoints
(07:36:42) INFO:    [Legendary]:        Running command: /app/bin/heroic/resources/app.asar.unpacked/build/bin/linux/legendary --version
(07:36:42) INFO:    [Legendary]:        Legendary location: /app/bin/heroic/resources/app.asar.unpacked/build/bin/linux/legendary
(07:36:42) INFO:    [Gog]:              GOGDL location: /app/bin/heroic/resources/app.asar.unpacked/build/bin/linux/gogdl
(07:36:42) WARNING: [Backend]:          Failed to register protocol with OS.
(07:36:42) INFO:    [Connection]:       Connectivity: online
(07:36:42) INFO:    [Gog]:              Running command: /app/bin/heroic/resources/app.asar.unpacked/build/bin/linux/gogdl --version
(07:36:42) INFO:    [Backend]:          

Heroic Version: 2.5.2 Yamato
Legendary Version:  0.20.31 Dark Energy (hotfix #5)
GOGdl Version: 0.5
OS: Freedesktop SDK KERNEL: 6.1.4-203.fsync.fc37.x86_64 ARCH: x64
CPU: Intel Core™ i5-10600K @4.1 GOVERNOR: powersave
RAM: Total: 31.24 GiB Available: 25.84 GiB
GRAPHICS: GPU0: Navi 22 [Radeon RX 6700/6700 XT/6750 XT / 6800M] VRAM: 1MB  
PROTOCOL: x11

(07:36:42) INFO:    [Backend]:          AreWeAntiCheatYet data downloaded
(07:36:42) INFO:    [Backend]:          Checking for current version changelog
(07:36:42) INFO:    [Frontend]:         Refreshing Library
(07:36:42) INFO:    [Legendary]:        Refreshing library...
(07:36:42) INFO:    [Legendary]:        Refreshing Epic Games...
(07:36:42) INFO:    [Legendary]:        Game list updated, got 72 games & DLCs
(07:36:42) INFO:    [Backend]:          Frontend Ready
(07:36:43) INFO:    [Legendary]:        Running command: /app/bin/heroic/resources/app.asar.unpacked/build/bin/linux/legendary list --third-party
(07:36:44) INFO:    [Legendary]:        Getting Info from Epic API
(07:36:44) INFO:    [Winetricks]:       Downloading Winetricks
(07:36:45) INFO:    [DXVKInstaller]:    Updating dxvk to: dxvk-2.1
(07:36:46) INFO:    [DXVKInstaller]:    downloaded dxvk
(07:36:46) INFO:    [DXVKInstaller]:    extracting dxvk
(07:36:46) INFO:    [DXVKInstaller]:    dxvk updated!
(07:36:47) INFO:    [Backend]:          Starting the Download Queue
(07:36:54) INFO:    [Backend]:          Writing config for Cormorant
(07:36:54) INFO:    [Backend]:          Changed config: wineVersion from {"bin":"","name":"Default Wine - Not Found","type":"wine"} to {"bin":"/home/tommi/.local/share/Steam/steamapps/common/Proton - Experimental/proton","name":"Proton - Proton - Experimental","type":"proton"}
(07:36:58) INFO:    [Backend]:          Writing config for Cormorant
(07:36:58) INFO:    [Backend]:          Changed config: enableDXVKFpsLimit from undefined to true
(07:36:59) INFO:    [Backend]:          Writing config for Cormorant
(07:36:59) INFO:    [Backend]:          Changed config: enableDXVKFpsLimit from true to false
(07:37:00) INFO:    [Backend]:          Writing config for Cormorant
(07:37:00) INFO:    [Backend]:          Changed config: useGameMode from false to true
(07:37:07) INFO:    [Backend]:          Writing config for Cormorant
(07:37:07) INFO:    [Backend]:          Changed config: showMangohud from undefined to true
(07:37:08) INFO:    [Backend]:          Writing config for Cormorant
(07:37:08) INFO:    [Backend]:          Changed config: useSteamRuntime from undefined to true
(07:37:11) INFO:    [Backend]:          Writing config for Cormorant
(07:37:11) INFO:    [Backend]:          Changed config: useSteamRuntime from true to false
(07:37:18) INFO:    [Legendary]:        Checking if EOS Overlay is enabled: /app/bin/heroic/resources/app.asar.unpacked/build/bin/linux/legendary eos-overlay info --prefix "/home/tommi/Games/Heroic/Prefixes/Saints Row/pfx"
(07:37:18) INFO:    [Backend]:          Using cached HowLongToBeat data for Saints Row 
(07:37:18) DEBUG:   [Legendary]:        Using cached install info
(07:37:18) DEBUG:   [Legendary]:        Using cached install info
(07:37:23) INFO:    [Backend]:          Launching Saints Row (Cormorant)
(07:37:23) INFO:    [Backend]:          Preventing display from sleep
(07:37:23) ERROR:   [Backend]:          Error: Command failed: which mangohud
which: no mangohud in (/app/bin:/app/bin:/app/utils/bin:/usr/bin:/usr/lib/extensions/vulkan/MangoHud/bin:/usr/lib/extensions/vulkan/OBSVkCapture/bin:/app/bin/heroic/resources/app.asar.unpacked/build/bin/linux)

    at ChildProcess.exithandler (node:child_process:407:12)
    at ChildProcess.emit (node:events:527:28)
    at maybeClose (node:internal/child_process:1092:16)
    at Socket.<anonymous> (node:internal/child_process:451:11)
    at Socket.emit (node:events:527:28)
    at Pipe.<anonymous> (node:net:709:12)
(07:37:23) INFO:    [Backend]:          Stopping Display Power Saver Blocker
(07:37:23) INFO:    [Frontend]:         Refreshing Library
(07:37:23) INFO:    [Legendary]:        Refreshing library...
(07:37:23) INFO:    [Legendary]:        Game list updated, got 72 games & DLCs
(07:39:24) INFO:    [Legendary]:        Checking if EOS Overlay is enabled: /app/bin/heroic/resources/app.asar.unpacked/build/bin/linux/legendary eos-overlay info --prefix "/home/tommi/Games/Heroic/Prefixes/Saints Row/pfx"
(07:39:24) INFO:    [Backend]:          Using cached HowLongToBeat data for Saints Row 
(07:39:24) DEBUG:   [Legendary]:        Using cached install info
(07:39:24) DEBUG:   [Legendary]:        Using cached install info
(07:39:26) INFO:    [Backend]:          Launching Saints Row (Cormorant)
(07:39:26) INFO:    [Backend]:          Preventing display from sleep
(07:39:27) ERROR:   [Backend]:          Error: Command failed: which mangohud
which: no mangohud in (/app/bin:/app/bin:/app/utils/bin:/usr/bin:/usr/lib/extensions/vulkan/MangoHud/bin:/usr/lib/extensions/vulkan/OBSVkCapture/bin:/app/bin/heroic/resources/app.asar.unpacked/build/bin/linux)

    at ChildProcess.exithandler (node:child_process:407:12)
    at ChildProcess.emit (node:events:527:28)
    at maybeClose (node:internal/child_process:1092:16)
    at Socket.<anonymous> (node:internal/child_process:451:11)
    at Socket.emit (node:events:527:28)
    at Pipe.<anonymous> (node:net:709:12)
(07:39:27) INFO:    [Backend]:          Stopping Display Power Saver Blocker
(07:39:27) INFO:    [Frontend]:         Refreshing Library
(07:39:27) INFO:    [Legendary]:        Refreshing library...
(07:39:27) INFO:    [Legendary]:        Game list updated, got 72 games & DLCs
