[02/02/2023, 07:36:42] /app/bin/heroic/resources/app.asar.unpacked/build/bin/linux/legendary --version
legendary version "0.20.31", codename "Dark Energy (hotfix #5)"
[02/02/2023, 07:36:43] /app/bin/heroic/resources/app.asar.unpacked/build/bin/linux/legendary list --third-party
[cli] INFO: Logging in...
[Core] INFO: Logging in...
[cli] INFO: Getting game list... (this may take a while)
[Core] INFO: Fetching metadata for 12 app(s).

Available games:
 * Alba - A Wildlife Adventure (App name: 8a0173bbe3ac48ac903f5bc7277e7b4e | Version: 1.2.4)
 * Amnesia: Rebirth (App name: f59de18db4dc445f88ffeff24d081234 | Version: 1.42)
 * Aven Colony (App name: dc07b9ead8214591b8df6d2546d2a0e3 | Version: 15)
 * BioShock 2 Remastered (App name: b22ce34b4ce0408c97a888554447479b | Version: 1.0.0_BN-138_CL-17677)
 * BioShock Infinite: Complete Edition (App name: f9d6f0530ea140909f8e8a997a7532d7 | Version: 1.0.0_BN-314_CL-17899)
 * BioShock Remastered (App name: bc2c95c6ff564a16b26644f1d3ac3c55 | Version: 1.0.0_BN-187_CL-17677)
 * Brothers - A Tale of Two Sons (App name: Tamarind | Version: 1.1)
 * Cities Skylines (App name: bcbc03d8812a44c18f41cf7d5f849265 | Version: 1.16.0-f4)
 * Cook, Serve, Delicious! 3?! (App name: 680599141dc14accb456887a2be3ac0c | Version: 1.1)
 * Core (App name: a99769d95d8f400baad1f67ab5dfe508 | Version: 1.0.282-prod-s-epic-315)
 * Darkwood (App name: 923130ebb546417b9d3115507f752d34 | Version: 1)
 * Destiny 2 (App name: 592c359fb0e0413fb46dee2d24448eb4 | Version: 8253729)
 * Discord (App name: 6fbbc765b38c4f2ea3d9a9caa620bae7 | Version: 1.0.9010.win)
 * DOOM 64 (App name: 5b60142e120c4f2d88027595c21d4a04 | Version: 2124)
 * Evil Dead The Game (App name: 5c147002780d4e6eb292f54edfe73fda | Version: S1850_Patch14)
 * Fall Guys (App name: 0a2d9f6403244d12969e11da6713137b | Version: EGS_2701)
 * Fallout 3: Game of the Year Edition (App name: adeae8bbfc94427db57c7dfecce3f1d4 | Version: 1.11)
 * Filament (App name: 14a38161ad3c45adab18425415b5df3d | Version: 1.21)
 * Fortnite (App name: Fortnite | Version: ++Fortnite+Release-23.30-CL-23901854-Windows)
 * Gamedec - Definitive Edition (App name: a01150ee6deb406c92dd2b2445186163 | Version: 20221128_1.7.1.r70100)
 * Genshin Impact (App name: 41869934302e4b8cafac2d3c0e7c293d | Version: 65)
 * GOG GALAXY (App name: aabbfd8f324543be8b8a58c368326315 | Version: 2.0.58.4)
 * Grand Theft Auto V (App name: 9d2d0eb64d5c44529cece33fe2a46482 | Version: 1.0.2824.0_v1)
 * HITMAN 3 (App name: Eider | Version: 6519315)
  + Berlin (App name: a94eddb97c72495f95350ce8840642b9 | Version: 7)
  + Carpathian Mountains (App name: 62af9e3ead7a49d59f12ae6196af8117 | Version: 7)
  + Chongquing (App name: 445902ab2a7841a1a2ec9d536dc4d297 | Version: 7)
  + Dartmoor (App name: fc97ef705954490ab4bf3d6773bce766 | Version: 7)
  + Dubai (App name: f73a0557f7fc4ca08e3cb2c0e5dfb22b | Version: 7)
  + HITMAN 1 Complete First Season (App name: 4145c668a0c94f1db16de2cbfbc60309 | Version: 7)
  + HITMAN 1 GOTY Upgrade (App name: addd421d0f1d4573914f915a697054de | Version: 7)
  + HITMAN 2 Expansion (App name: cfcad5e03dd543da9922c6a6751710f5 | Version: 7)
  + HITMAN 2 Standard (App name: 94bb539b7f6648189f38bb3de9937e6c | Version: 7)
  + Mendoza (App name: 1ed82fbb0d7f42db93646185e267677f | Version: 7)
 * Horizon Chase Turbo (App name: bb406082b69a47208489d3616b22b5c2 | Version: 2.0.202223111113)
 * Hundred Days - Winemaking Simulator (App name: a74e41bbacdc4a4798befb4d55b441de | Version: v1.5.1w2)
 * Insurmountable (App name: 8b556e7471ac46eda46445d93fa2e73f | Version: 2.0.7.3)
 * Jotun Valhalla Edition (App name: Grouse | Version: 1.02)
 * Just Die Already (App name: 06621054d7d24f44bf13e3c31c9ec05d | Version: 1.4.2)
 * Killing Floor 2 (App name: Finch | Version: 473305-2022_12_01_04h53m04s)
 * KillingFloor2Beta (App name: 3223ccf6ac9b4189bd4e144c047d33fb | Version: NOVERSION-2022_10_20_16h30m51s)
 * Knockout City (App name: 90f9ff166b404502a939ae217ff5109e | Version: catch_8.1-final-124-253326)
 * Lawn Mowing Simulator (App name: 7a555b9dd80a4992a6ea33fe3f6b13c8 | Version: 9705)
 * Maneater (App name: Turtle | Version: 43151315)
 * MultiVersus (App name: 711c5e95dc094ca58e5f16bd48e751d6 | Version: 74314)
 * Never Alone (Kisima Ingitchuna) (App name: f38de9fa4c6d43eabac080942cb394a1 | Version: NeverAlone-Win-1.2.8)
 * Pinball FX (App name: 56a31432931740cdb0112d237d7d65aa | Version: 0.1.9.65252)
 * PREY (App name: 52d88e9a6df248da913c8e99f1e4c526 | Version: 1.8)
 * Rage 2 (App name: ad3d0f08dd0841d8a1ba77d94ded4773 | Version: 1.8)
 * Redout: Enhanced Edition (App name: 1be5efb848844b1dabf9d67f8017a7ae | Version: 85e552)
 * Relicta (App name: b4670484aae24db492f0b468a98fe361 | Version: 1.1.0)
 * Rise of the Tomb Raider: 20 Year Celebration (App name: f7cc1c999ac146f39b356f53e3489514 | Version: TR2_30112021_1027.0_1224023_303770_132827583431143041_)
 * Rocket League® (App name: Sugar | Version: BC2_Update40.1+411503)
 * Runbow (App name: 85efb11aaeec4239989113f9a598b372 | Version: Runbow_1.6)
 * Saints Row (App name: Cormorant | Version: PD_RC5_CL4519289-230117_1657UTC)
 * Saints Row Boss Factory (App name: 07672e07509e4feda3547e7cf15bf3c6 | Version: sr5-sr5_cust_demo-sr5_release_final-CL_4274920-220523_2249UTC)
 * Saturnalia (App name: Cobia | Version: 1.1.688b)
 * Shadow Tactics: Blades of the Shogun (App name: Fangtooth | Version: 2.2.11.F.Windows_EpicStore.2023_01_17_1555_Windows)
 * Shenmue 3 (App name: Pepper | Version: Build3112)
 * Slain: Back From Hell (App name: d8a4c98b5020483881eb7f0c3fc4cea3 | Version: 1.11)
 * Spirit of the North (App name: d2d941e5c1ec44ae9e87e9e7cdddf1dd | Version: 4.00.0)
 * Star Wars Squadrons (App name: bobcat | Version: None)
  - This game has to be activated, installed, and launched via Origin, use "legendary launch --origin bobcat" to activate and/or run the game.
 * Submerged Hidden Depths (App name: 2fb0eae795104757977dfe8f93b5e593 | Version: 1.0.0.3)
 * The Captain (App name: f00b5acabb0f49a7b49e8350d1cd0de0 | Version: 1.1.2_win)
 * The Drone Racing League Simulator (App name: 5cd54ad0ead447738bd9552b3d2a105b | Version: 4.0.0944.rls.win)
 * The Vanishing of Ethan Carter (App name: 9447b19ffb6a47e1a654b75178779a28 | Version: 1.00)
 * The Vanishing of Ethan Carter Redux (App name: 58a6b5e81c644fba8bab2e05137429d9 | Version: 1.05)
 * Tomb Raider GAME OF THE YEAR EDITION (App name: d6264d56f5ba434e91d4b0a0b056c83a | Version: TRAS_15112021_838.0_1224060,275025(132814434654404397))
 * Trackmania (App name: Pigeon | Version: 1.1)
  - This game can be activated directly on your Ubisoft account and does not require legendary to install/run. Use "legendary activate --uplay" and follow the instructions.
 * VALORANT (App name: 602eb4abc8764c87b7f2607a1ef8c18e | Version: 4352238-29145)
 * Windbound (App name: a95bf4df6627431ca5baff8173c59635 | Version: 1.3.40746.206)
 * Wolfenstein: The New Order (App name: a64dcf9b711a4a60a3c0b6f052dfc7da | Version: 1.3.1)

Total: 62

Legendary update available!
- New version: 0.20.32 - "Dark Energy (hotfix #6)"
- Release summary:
 [!] Fixes installing games that specify invalid install directories (e.g. Kerbal Space Program)
 [*] More gracefully handles account errors
See full changelog for additional details.
- Release URL: https://legendary.gl/release/0.20.32

- Download URL: https://legendary.gl/release/download/0.20.32/legendary
[02/02/2023, 07:37:18] /app/bin/heroic/resources/app.asar.unpacked/build/bin/linux/legendary eos-overlay info --prefix "/home/tommi/Games/Heroic/Prefixes/Saints Row/pfx"
[cli] ERROR: Prefix "/home/tommi/Games/Heroic/Prefixes/Saints Row/pfx" does not exist.
[02/02/2023, 07:39:24] /app/bin/heroic/resources/app.asar.unpacked/build/bin/linux/legendary eos-overlay info --prefix "/home/tommi/Games/Heroic/Prefixes/Saints Row/pfx"
[cli] ERROR: Prefix "/home/tommi/Games/Heroic/Prefixes/Saints Row/pfx" does not exist.
