00:00:00.289696 VirtualBox GUI VM Selector Window 7.0.6_rpmfusion r155176 linux.amd64 (Jan 18 2023 00:00:00) release log
00:00:00.289697 Log opened 2023-02-13T16:07:02.729897000Z
00:00:00.289698 Build Type: release
00:00:00.289700 OS Product: Linux
00:00:00.289701 OS Release: 6.1.9-200.fsync.fc37.x86_64
00:00:00.289701 OS Version: #1 SMP PREEMPT_DYNAMIC TKG Wed Feb  8 09:36:29 UTC 2023
00:00:00.289720 DMI Product Name: System Product Name
00:00:00.289725 DMI Product Version: System Version
00:00:00.289738 Firmware type: UEFI
00:00:00.289885 Secure Boot: Disabled
00:00:00.289913 Host RAM: 31992MB (31.2GB) total, 28118MB (27.4GB) available
00:00:00.289916 Executable: /usr/lib64/virtualbox/VirtualBox
00:00:00.289916 Process ID: 13431
00:00:00.289916 Package type: LINUX_64BITS_GENERIC (OSE)
00:00:00.289938 Qt version: 5.15.8
00:00:00.290339 GUI: UIMediumEnumerator: Initial medium-enumeration finished!
00:00:00.297575 GUI: UIMediumEnumerator: Medium-enumeration started...
00:00:00.732041 GUI: UIDesktopWidgetWatchdog::sltHandleHostScreenAvailableGeometryCalculated: Screen 0 work area is actually resized to: 0x27 x 2560x1413
00:00:00.756823 GUI: UIMediumEnumerator: Medium-enumeration finished!
00:00:04.212229 GUI: UIMediumEnumerator: Medium-enumeration finished!
00:00:04.780655 GUI: UIMediumEnumerator: Medium-enumeration finished!
00:00:07.279595 GUI: UIMediumEnumerator: Medium-enumeration finished!
00:00:08.841537 GUI: UIMediumEnumerator: Medium-enumeration finished!
00:00:14.314518 GUI: UIMediumEnumerator: Medium-enumeration finished!
00:04:31.339438 GUI: UICommon: Handling aboutToQuit request..
00:04:32.196235 GUI: UICommon: aboutToQuit request handled!
