00:00:00.011597 main     VirtualBox XPCOM Server 7.0.6_rpmfusion r155176 linux.amd64 (Jan 18 2023 00:00:00) release log
00:00:00.011601 main     Log opened 2023-02-13T16:07:02.594091000Z
00:00:00.011601 main     Build Type: release
00:00:00.011604 main     OS Product: Linux
00:00:00.011604 main     OS Release: 6.1.9-200.fsync.fc37.x86_64
00:00:00.011605 main     OS Version: #1 SMP PREEMPT_DYNAMIC TKG Wed Feb  8 09:36:29 UTC 2023
00:00:00.011622 main     DMI Product Name: System Product Name
00:00:00.011626 main     DMI Product Version: System Version
00:00:00.011632 main     Firmware type: UEFI
00:00:00.011787 main     Secure Boot: Disabled
00:00:00.011810 main     Host RAM: 31992MB (31.2GB) total, 28119MB (27.4GB) available
00:00:00.011814 main     Executable: /usr/lib64/virtualbox/VBoxSVC
00:00:00.011814 main     Process ID: 13462
00:00:00.011814 main     Package type: LINUX_64BITS_GENERIC (OSE)
00:00:00.012800 main     IPC socket path: /tmp/.vbox-tommi-ipc/ipcd
00:00:00.115100 nspr-2   VirtualBox: object creation starts
00:00:00.115164 nspr-2   Home directory: '/home/tommi/.config/VirtualBox'
00:00:00.115269 nspr-2   Loading settings file "/home/tommi/.config/VirtualBox/VirtualBox.xml" with version "1.12-linux"
00:00:00.116374 nspr-2   Successfully initialised host USB using sysfs
00:00:00.121526 nspr-2   NetIfAdpCtlOut: VBoxNetAdpCtl: Error while retrieving link status for wlp0s20f0u10: VBoxNetAdpCtl: ioctl failed: Operation not supported
00:00:00.122054 nspr-2   HostDnsMonitor: initializing
00:00:00.122166 nspr-2   NAT: resolv.conf: nameserver 127.0.0.53
00:00:00.122172 nspr-2   NAT: resolv.conf: ignoring "options edns0 trust-ad"
00:00:00.122178 nspr-2   HostDnsMonitor: updating information
00:00:00.122184 nspr-2   HostDnsMonitor: old information
00:00:00.122187 nspr-2     no server entries
00:00:00.122188 nspr-2     no domain set
00:00:00.122190 nspr-2     no search string entries
00:00:00.122192 nspr-2   HostDnsMonitor: new information
00:00:00.122194 nspr-2     server 1: 127.0.0.53
00:00:00.122195 nspr-2     domain: lan
00:00:00.122197 nspr-2     search string 1: lan
00:00:00.123300 nspr-2   VD: VDInit finished with VINF_SUCCESS
00:00:00.123349 nspr-2   ERROR [COM]: aRC=NS_ERROR_FAILURE (0x80004005) aIID={aac6c7cb-a371-4c58-ab51-0616896b2f2c} aComponent={SystemPropertiesWrap} aText={Cannot determine default Guest Additions ISO location. Most likely they are not available}, preserve=false aResultDetail=0
00:00:00.123978 nspr-2   Loading settings file "/home/tommi/VirtualBox VMs/win10/win10.vbox" with version "1.19-linux"
00:00:00.124349 nspr-2   Loading settings file "/home/tommi/VirtualBox VMs/Whonix-Gateway-XFCE/Whonix-Gateway-XFCE.vbox" with version "1.19-linux"
00:00:00.124640 nspr-2   Loading settings file "/home/tommi/VirtualBox VMs/Whonix-Workstation-XFCE/Whonix-Workstation-XFCE.vbox" with version "1.19-linux"
00:00:00.124957 nspr-2   VirtualBox: object created
00:00:00.646226 nspr-2   ERROR [COM]: aRC=VBOX_E_INVALID_VM_STATE (0x80bb0002) aIID={300763af-5d6b-46e6-aa96-273eac15538a} aComponent={MachineWrap} aText={The machine is not mutable (state is PoweredOff)}, preserve=false aResultDetail=0
00:00:02.948896 nspr-3   Launched VM: 1744838384 pid: 13512 (0x34c8) frontend: GUI/Qt name: Whonix-Gateway-XFCE
00:00:02.961079 nspr-4   ERROR [COM]: aRC=VBOX_E_INVALID_VM_STATE (0x80bb0002) aIID={300763af-5d6b-46e6-aa96-273eac15538a} aComponent={MachineWrap} aText={The machine is not mutable (state is PoweredOff)}, preserve=false aResultDetail=0
00:00:03.135692 nspr-6   ERROR [COM]: aRC=VBOX_E_INVALID_VM_STATE (0x80bb0002) aIID={300763af-5d6b-46e6-aa96-273eac15538a} aComponent={MachineWrap} aText={The machine is not mutable (state is PoweredOff)}, preserve=false aResultDetail=0
00:00:03.581862 nspr-2   ERROR [COM]: aRC=VBOX_E_OBJECT_NOT_FOUND (0x80bb0001) aIID={70401eef-c8e9-466b-9660-45cb3e9979e4} aComponent={ExtPackManagerWrap} aText={No extension pack by the name 'Oracle VM VirtualBox Extension Pack' was found}, preserve=false aResultDetail=0
00:00:03.619334 nspr-6   ERROR [COM]: aRC=VBOX_E_IPRT_ERROR (0x80bb0005) aIID={300763af-5d6b-46e6-aa96-273eac15538a} aComponent={SessionMachine} aText={Saved screenshot data is not available (VERR_NOT_SUPPORTED)}, preserve=false aResultDetail=-37
00:00:03.641548 nspr-3   NetIfAdpCtlOut: VBoxNetAdpCtl: Error while retrieving link status for wlp0s20f0u10: VBoxNetAdpCtl: ioctl failed: Operation not supported
00:00:03.676329 nspr-5   ERROR [COM]: aRC=VBOX_E_INVALID_VM_STATE (0x80bb0002) aIID={300763af-5d6b-46e6-aa96-273eac15538a} aComponent={MachineWrap} aText={The machine is not mutable (state is Starting)}, preserve=false aResultDetail=0
00:00:03.758826 nspr-5   ERROR [COM]: aRC=VBOX_E_OBJECT_NOT_FOUND (0x80bb0001) aIID={ad47ad09-787b-44ab-b343-a082a3f2dfb1} aComponent={MediumWrap} aText={Property 'CRYPT/KeyId' does not exist}, preserve=false aResultDetail=0
00:00:03.779841 nspr-7   ERROR [COM]: aRC=VBOX_E_INVALID_VM_STATE (0x80bb0002) aIID={300763af-5d6b-46e6-aa96-273eac15538a} aComponent={MachineWrap} aText={The machine is not mutable (state is Running)}, preserve=false aResultDetail=0
00:00:04.063696 nspr-5   Saving settings file "/home/tommi/VirtualBox VMs/Whonix-Gateway-XFCE/Whonix-Gateway-XFCE.vbox" with version "1.19-linux"
00:00:04.065783 nspr-5   Finished saving settings file "/home/tommi/VirtualBox VMs/Whonix-Gateway-XFCE/Whonix-Gateway-XFCE.vbox"
00:00:04.073218 nspr-3   ERROR [COM]: aRC=VBOX_E_INVALID_VM_STATE (0x80bb0002) aIID={300763af-5d6b-46e6-aa96-273eac15538a} aComponent={MachineWrap} aText={The machine is not mutable (state is Running)}, preserve=false aResultDetail=0
00:00:04.633068 nspr-7   Saving settings file "/home/tommi/VirtualBox VMs/Whonix-Gateway-XFCE/Whonix-Gateway-XFCE.vbox" with version "1.19-linux"
00:00:04.635429 nspr-7   Finished saving settings file "/home/tommi/VirtualBox VMs/Whonix-Gateway-XFCE/Whonix-Gateway-XFCE.vbox"
00:00:04.641323 nspr-5   ERROR [COM]: aRC=VBOX_E_INVALID_VM_STATE (0x80bb0002) aIID={300763af-5d6b-46e6-aa96-273eac15538a} aComponent={MachineWrap} aText={The machine is not mutable (state is Running)}, preserve=false aResultDetail=0
00:00:07.132052 nspr-8   Saving settings file "/home/tommi/VirtualBox VMs/Whonix-Gateway-XFCE/Whonix-Gateway-XFCE.vbox" with version "1.19-linux"
00:00:07.134355 nspr-8   Finished saving settings file "/home/tommi/VirtualBox VMs/Whonix-Gateway-XFCE/Whonix-Gateway-XFCE.vbox"
00:00:07.140610 nspr-5   ERROR [COM]: aRC=VBOX_E_INVALID_VM_STATE (0x80bb0002) aIID={300763af-5d6b-46e6-aa96-273eac15538a} aComponent={MachineWrap} aText={The machine is not mutable (state is Running)}, preserve=false aResultDetail=0
00:00:08.694056 nspr-6   Saving settings file "/home/tommi/VirtualBox VMs/Whonix-Gateway-XFCE/Whonix-Gateway-XFCE.vbox" with version "1.19-linux"
00:00:08.696325 nspr-6   Finished saving settings file "/home/tommi/VirtualBox VMs/Whonix-Gateway-XFCE/Whonix-Gateway-XFCE.vbox"
00:00:08.702517 nspr-4   ERROR [COM]: aRC=VBOX_E_INVALID_VM_STATE (0x80bb0002) aIID={300763af-5d6b-46e6-aa96-273eac15538a} aComponent={MachineWrap} aText={The machine is not mutable (state is Running)}, preserve=false aResultDetail=0
00:00:14.165961 nspr-4   Saving settings file "/home/tommi/VirtualBox VMs/Whonix-Gateway-XFCE/Whonix-Gateway-XFCE.vbox" with version "1.19-linux"
00:00:14.168455 nspr-4   Finished saving settings file "/home/tommi/VirtualBox VMs/Whonix-Gateway-XFCE/Whonix-Gateway-XFCE.vbox"
00:00:14.175399 nspr-2   ERROR [COM]: aRC=VBOX_E_INVALID_VM_STATE (0x80bb0002) aIID={300763af-5d6b-46e6-aa96-273eac15538a} aComponent={MachineWrap} aText={The machine is not mutable (state is Running)}, preserve=false aResultDetail=0
00:00:22.124768 nspr-4   Saving settings file "/home/tommi/.config/VirtualBox/VirtualBox.xml" with version "1.12-linux"
00:00:22.127149 nspr-4   Finished saving settings file "/home/tommi/.config/VirtualBox/VirtualBox.xml"
00:00:22.135390 nspr-4   ERROR [COM]: aRC=VBOX_E_INVALID_VM_STATE (0x80bb0002) aIID={300763af-5d6b-46e6-aa96-273eac15538a} aComponent={MachineWrap} aText={The machine is not mutable (state is PoweredOff)}, preserve=false aResultDetail=0
00:00:22.299473 nspr-6   Launched VM: 1744845168 pid: 13589 (0x3515) frontend: GUI/Qt name: Whonix-Workstation-XFCE
00:00:22.309938 nspr-3   ERROR [COM]: aRC=VBOX_E_INVALID_VM_STATE (0x80bb0002) aIID={300763af-5d6b-46e6-aa96-273eac15538a} aComponent={MachineWrap} aText={The machine is not mutable (state is PoweredOff)}, preserve=false aResultDetail=0
00:00:22.490101 nspr-3   ERROR [COM]: aRC=VBOX_E_INVALID_VM_STATE (0x80bb0002) aIID={300763af-5d6b-46e6-aa96-273eac15538a} aComponent={MachineWrap} aText={The machine is not mutable (state is PoweredOff)}, preserve=false aResultDetail=0
00:00:22.947042 nspr-2   ERROR [COM]: aRC=VBOX_E_OBJECT_NOT_FOUND (0x80bb0001) aIID={70401eef-c8e9-466b-9660-45cb3e9979e4} aComponent={ExtPackManagerWrap} aText={No extension pack by the name 'Oracle VM VirtualBox Extension Pack' was found}, preserve=false aResultDetail=0
00:00:22.985847 nspr-10  ERROR [COM]: aRC=VBOX_E_IPRT_ERROR (0x80bb0005) aIID={300763af-5d6b-46e6-aa96-273eac15538a} aComponent={SessionMachine} aText={Saved screenshot data is not available (VERR_NOT_SUPPORTED)}, preserve=false aResultDetail=-37
00:00:23.008670 nspr-10  NetIfAdpCtlOut: VBoxNetAdpCtl: Error while retrieving link status for wlp0s20f0u10: VBoxNetAdpCtl: ioctl failed: Operation not supported
00:00:23.040230 nspr-7   ERROR [COM]: aRC=VBOX_E_INVALID_VM_STATE (0x80bb0002) aIID={300763af-5d6b-46e6-aa96-273eac15538a} aComponent={MachineWrap} aText={The machine is not mutable (state is Starting)}, preserve=false aResultDetail=0
00:00:23.138103 nspr-9   ERROR [COM]: aRC=VBOX_E_OBJECT_NOT_FOUND (0x80bb0001) aIID={ad47ad09-787b-44ab-b343-a082a3f2dfb1} aComponent={MediumWrap} aText={Property 'CRYPT/KeyId' does not exist}, preserve=false aResultDetail=0
00:00:23.160934 nspr-10  ERROR [COM]: aRC=VBOX_E_INVALID_VM_STATE (0x80bb0002) aIID={300763af-5d6b-46e6-aa96-273eac15538a} aComponent={MachineWrap} aText={The machine is not mutable (state is Running)}, preserve=false aResultDetail=0
00:04:22.211387 nspr-10  ERROR [COM]: aRC=VBOX_E_INVALID_VM_STATE (0x80bb0002) aIID={300763af-5d6b-46e6-aa96-273eac15538a} aComponent={MachineWrap} aText={The machine is not mutable (state is Paused)}, preserve=false aResultDetail=0
00:04:23.193657 nspr-7   ERROR [COM]: aRC=VBOX_E_INVALID_VM_STATE (0x80bb0002) aIID={300763af-5d6b-46e6-aa96-273eac15538a} aComponent={MachineWrap} aText={The machine is not mutable (state is Stopping)}, preserve=false aResultDetail=0
00:04:23.228679 nspr-7   Saving settings file "/home/tommi/VirtualBox VMs/Whonix-Workstation-XFCE/Whonix-Workstation-XFCE.vbox" with version "1.19-linux"
00:04:23.232004 nspr-7   Finished saving settings file "/home/tommi/VirtualBox VMs/Whonix-Workstation-XFCE/Whonix-Workstation-XFCE.vbox"
00:04:23.240614 nspr-9   ERROR [COM]: aRC=VBOX_E_INVALID_VM_STATE (0x80bb0002) aIID={300763af-5d6b-46e6-aa96-273eac15538a} aComponent={MachineWrap} aText={The machine is not mutable (state is PoweredOff)}, preserve=false aResultDetail=0
00:04:24.743576 nspr-9   ERROR [COM]: aRC=VBOX_E_INVALID_VM_STATE (0x80bb0002) aIID={300763af-5d6b-46e6-aa96-273eac15538a} aComponent={MachineWrap} aText={The machine is not mutable (state is PoweredOff)}, preserve=false aResultDetail=0
00:04:26.025566 nspr-8   Saving settings file "/home/tommi/.config/VirtualBox/VirtualBox.xml" with version "1.12-linux"
00:04:26.028157 nspr-8   Finished saving settings file "/home/tommi/.config/VirtualBox/VirtualBox.xml"
00:04:26.051898 nspr-5   ERROR [COM]: aRC=VBOX_E_INVALID_VM_STATE (0x80bb0002) aIID={300763af-5d6b-46e6-aa96-273eac15538a} aComponent={MachineWrap} aText={The machine is not mutable (state is Running)}, preserve=false aResultDetail=0
00:04:28.757745 nspr-11  ERROR [COM]: aRC=VBOX_E_INVALID_VM_STATE (0x80bb0002) aIID={300763af-5d6b-46e6-aa96-273eac15538a} aComponent={MachineWrap} aText={The machine is not mutable (state is Stopping)}, preserve=false aResultDetail=0
00:04:28.794866 nspr-11  Saving settings file "/home/tommi/VirtualBox VMs/Whonix-Gateway-XFCE/Whonix-Gateway-XFCE.vbox" with version "1.19-linux"
00:04:28.797420 nspr-11  Finished saving settings file "/home/tommi/VirtualBox VMs/Whonix-Gateway-XFCE/Whonix-Gateway-XFCE.vbox"
00:04:28.805452 nspr-4   ERROR [COM]: aRC=VBOX_E_INVALID_VM_STATE (0x80bb0002) aIID={300763af-5d6b-46e6-aa96-273eac15538a} aComponent={MachineWrap} aText={The machine is not mutable (state is PoweredOff)}, preserve=false aResultDetail=0
00:04:30.304535 nspr-3   ERROR [COM]: aRC=VBOX_E_INVALID_VM_STATE (0x80bb0002) aIID={300763af-5d6b-46e6-aa96-273eac15538a} aComponent={MachineWrap} aText={The machine is not mutable (state is PoweredOff)}, preserve=false aResultDetail=0
00:04:37.039676 main     VirtualBox: object deletion starts
00:04:37.039772 main     ERROR [COM]: aRC=VBOX_E_OBJECT_IN_USE (0x80bb000c) aIID={ad47ad09-787b-44ab-b343-a082a3f2dfb1} aComponent={MediumWrap} aText={Medium '/home/tommi/VirtualBox VMs/win10/win10.vdi' cannot be closed because it is still attached to 1 virtual machines}, preserve=false aResultDetail=0
00:04:37.040135 main     ERROR [COM]: aRC=VBOX_E_OBJECT_IN_USE (0x80bb000c) aIID={ad47ad09-787b-44ab-b343-a082a3f2dfb1} aComponent={MediumWrap} aText={Medium '/home/tommi/VirtualBox VMs/Whonix-Gateway-XFCE/Appliance-disk001.vdi' cannot be closed because it is still attached to 1 virtual machines}, preserve=false aResultDetail=0
00:04:37.040409 main     ERROR [COM]: aRC=VBOX_E_OBJECT_IN_USE (0x80bb000c) aIID={ad47ad09-787b-44ab-b343-a082a3f2dfb1} aComponent={MediumWrap} aText={Medium '/home/tommi/VirtualBox VMs/Whonix-Workstation-XFCE/Appliance-disk002.vdi' cannot be closed because it is still attached to 1 virtual machines}, preserve=false aResultDetail=0
00:04:37.041485 main     HostDnsMonitor: shutting down ...
00:04:37.041960 main     HostDnsMonitor: shut down
00:04:37.055148 Watcher  ERROR [COM]: aRC=E_ACCESSDENIED (0x80070005) aIID={7682d5eb-f00e-44f1-8ca2-99d08b1cd607} aComponent={VirtualBoxWrap} aText={The object is not ready}, preserve=false aResultDetail=0
00:04:37.055343 main     VirtualBox: object deleted
