2023-01-29 10:34:50 0 [Note] InnoDB: Uses event mutexes
2023-01-29 10:34:50 0 [Note] InnoDB: Compressed tables use zlib 1.2.12
2023-01-29 10:34:50 0 [Note] InnoDB: Number of pools: 1
2023-01-29 10:34:50 0 [Note] InnoDB: Using crc32 + pclmulqdq instructions
2023-01-29 10:34:50 0 [Note] InnoDB: Using Linux native AIO
2023-01-29 10:34:50 0 [Note] InnoDB: Initializing buffer pool, total size = 134217728, chunk size = 134217728
2023-01-29 10:34:50 0 [Note] InnoDB: Completed initialization of buffer pool
2023-01-29 10:34:50 0 [Note] InnoDB: 128 rollback segments are active.
2023-01-29 10:34:50 0 [Note] InnoDB: Creating shared tablespace for temporary tables
2023-01-29 10:34:50 0 [Note] InnoDB: Setting file './ibtmp1' size to 12 MB. Physically writing the file full; Please wait ...
2023-01-29 10:34:50 0 [Note] InnoDB: File './ibtmp1' size is now 12 MB.
2023-01-29 10:34:50 0 [Note] InnoDB: 10.5.18 started; log sequence number 45079; transaction id 20
2023-01-29 10:34:50 0 [Note] Plugin 'FEEDBACK' is disabled.
2023-01-29 10:34:50 0 [Note] InnoDB: Loading buffer pool(s) from /home/tommi/.local/share/akonadi/db_data/ib_buffer_pool
2023-01-29 10:34:50 0 [Note] InnoDB: Buffer pool(s) load completed at 230129 10:34:50
2023-01-29 10:34:50 0 [Note] Reading of all Master_info entries succeeded
2023-01-29 10:34:50 0 [Note] Added new Master_info '' to hash table
2023-01-29 10:34:50 0 [Note] /usr/sbin/mysqld: ready for connections.
Version: '10.5.18-MariaDB'  socket: '/run/user/1000/akonadi/mysql.socket'  port: 0  MariaDB Server
2023-01-30  8:36:18 0 [Note] /usr/sbin/mysqld (initiated by: unknown): Normal shutdown
2023-01-30  8:36:18 0 [Note] InnoDB: FTS optimize thread exiting.
2023-01-30  8:36:18 0 [Note] InnoDB: Starting shutdown...
2023-01-30  8:36:18 0 [Note] InnoDB: Dumping buffer pool(s) to /home/tommi/.local/share/akonadi/db_data/ib_buffer_pool
2023-01-30  8:36:18 0 [Note] InnoDB: Buffer pool(s) dump completed at 230130  8:36:18
2023-01-30  8:36:19 0 [Note] InnoDB: Removed temporary tablespace data file: "ibtmp1"
2023-01-30  8:36:19 0 [Note] InnoDB: Shutdown completed; log sequence number 302957; transaction id 609
2023-01-30  8:36:19 0 [Note] /usr/sbin/mysqld: Shutdown complete

