    77.0ms (setup:755): 2023-02-09 13:22:39
    77.0ms (setup:756): /usr/bin/pipx install protontricks
    77.1ms (setup:757): pipx version is 1.1.0
    77.1ms (setup:758): Default python interpreter is '/usr/bin/python3'
    77.4ms (package_name_from_spec:323): Determined package name: protontricks
    77.4ms (package_name_from_spec:324): Package name determined in 0.0s
    77.8ms (run_subprocess:173): running /usr/bin/python3 -m venv --without-pip /home/tommi/.local/pipx/venvs/protontricks
   108.0ms (run_subprocess:186): stdout:
   108.1ms (run_subprocess:188): stderr:
   108.1ms (run_subprocess:189): returncode: 0
   108.3ms (run_subprocess:173): running /home/tommi/.local/pipx/venvs/protontricks/bin/python -c import sysconfig; print(sysconfig.get_path('purelib'))
   116.7ms (run_subprocess:186): stdout: /home/tommi/.local/pipx/venvs/protontricks/lib/python3.11/site-packages
   116.7ms (run_subprocess:189): returncode: 0
   116.9ms (run_subprocess:173): running /home/tommi/.local/pipx/shared/bin/python -c import sysconfig; print(sysconfig.get_path('purelib'))
   126.1ms (run_subprocess:186): stdout: /home/tommi/.local/pipx/shared/lib/python3.11/site-packages
   126.2ms (run_subprocess:189): returncode: 0
   126.4ms (run_subprocess:173): running /home/tommi/.local/pipx/venvs/protontricks/bin/python --version
   127.8ms (run_subprocess:186): stdout: Python 3.11.1
   127.8ms (run_subprocess:188): stderr:
   127.8ms (run_subprocess:189): returncode: 0
   128.3ms (_parsed_package_to_package_or_url:128): cleaned package spec: protontricks
   128.6ms (run_subprocess:173): running /home/tommi/.local/pipx/venvs/protontricks/bin/python -m pip install protontricks
   812.8ms (run_subprocess:189): returncode: 0
   813.4ms (run_subprocess:173): running <fetch_info_in_venv commands>
   829.2ms (run_subprocess:186): stdout: {"sys_path": ["/usr/lib64/python311.zip", "/usr/lib64/python3.11", "/usr/lib64/python3.11/lib-dynload", "/home/tommi/.local/pipx/venvs/protontricks/lib64/python3.11/site-packages", "/home/tommi/.local/pipx/shared/lib/python3.11/site-packages", "/home/tommi/.local/pipx/venvs/protontricks/lib/python3.11/site-packages"], "python_version": "3.11.1", "environment": {"implementation_name": "cpython", "implementation_version": "3.11.1", "os_name": "posix", "platform_machine": "x86_64", "platform_release": "6.1.9-200.fsync.fc37.x86_64", "platform_system": "Linux", "platform_version": "#1 SMP PREEMPT_DYNAMIC TKG Wed Feb  8 09:36:29 UTC 2023", "python_full_version": "3.11.1", "platform_python_implementation": "CPython", "python_version": "3.11", "sys_platform": "linux"}}
   829.2ms (run_subprocess:189): returncode: 0
   862.2ms (get_venv_metadata_for_package:303): get_venv_metadata_for_package: 49ms
   862.5ms (_parsed_package_to_package_or_url:128): cleaned package spec: protontricks
   863.3ms (needs_upgrade:69): Time since last upgrade of shared libs, in seconds: 4. Upgrade will be run by pipx if greater than 2592000.
   863.8ms (cli:830): pipx finished.
