RPCS3 v0.0.26-1-c471120a Alpha | master | local_build
Intel(R) Core(TM) i5-10600K CPU @ 4.10GHz | 12 Threads | 31.24 GiB RAM | TSC: 4.104GHz | AVX+ | FMA3
Operating system: POSIX, Name: Linux, Release: 6.1.4-203.fsync.fc37.x86_64, Version: #1 SMP PREEMPT_DYNAMIC TKG Fri Jan 13 10:00:12 UTC 2023
Qt version: Compiled against Qt 5.15.8 | Run-time uses Qt 5.15.8
Current Time: 2023-02- 2T07:39:59
Thread time: 0.000000s (0.000000Gc); Faults: 0 [rsx:0, spu:0]; [soft:1 hard:0]; Switches:[vol:0 unvol:0]; Wait:[0.000s, spur:0]
·! 0:00:00.010360 SYS: Initialization times before main(): 0.034161s
·! 0:00:00.010365 SYS: argc: 1, argv: 'rpcs3'
·! 0:00:00.010396 SYS: Maximum open file descriptors: 4096
·! 0:00:00.115405 UUID: File does not exist: /home/tommi/.var/app/net.rpcs3.RPCS3/config/rpcs3/uuid (Not found)
·! 0:00:00.115659 UUID: Wrote to file: /home/tommi/.var/app/net.rpcs3.RPCS3/config/rpcs3/uuid
·! 0:00:00.115663 UUID: Installation ID: {77ea4f58-258c-4b3c-9382-61c3d7efe299}
·A 0:00:00.158416 {Vulkan Device Enumeration Thread} RSX: Found vulkan-compatible GPU: 'AMD Radeon RX 6700 XT (RADV NAVI22)' running on driver 22.3.4
·A 0:00:00.158429 {Vulkan Device Enumeration Thread} RSX: Found vulkan-compatible GPU: 'llvmpipe (LLVM 15.0.7, 256 bits)' running on driver 0.0.1
·! 0:00:00.159474 {Vulkan Device Enumeration Thread} SIG: Thread time: 0,023934s (0,000000Gc); Faults: 0 [rsx:0, spu:0]; [soft:754 hard:5]; Switches:[vol:19 unvol:8]; Wait:[0,000s, spur:0]
·! 0:00:00.159503 CFG: Setting the default renderer to Vulkan. Default GPU: 'AMD Radeon RX 6700 XT (RADV NAVI22)'
·! 0:00:00.159523 SYS: Setting user ID '00000001'
·! 0:00:00.163342 VFS: VFS config missing. Using default settings. Path: /home/tommi/.var/app/net.rpcs3.RPCS3/config/rpcs3/vfs.yml
·! 0:00:00.163386 SYS: Using VFS config:
$(EmulatorDir): ""
/dev_hdd0/: $(EmulatorDir)dev_hdd0/
/dev_hdd1/: $(EmulatorDir)dev_hdd1/
/dev_flash/: $(EmulatorDir)dev_flash/
/dev_flash2/: $(EmulatorDir)dev_flash2/
/dev_flash3/: $(EmulatorDir)dev_flash3/
/dev_bdvd/: $(EmulatorDir)dev_bdvd/
/games/: $(EmulatorDir)games/
/app_home/: ""
/dev_usb***/:
  /dev_usb000:
    Path: $(EmulatorDir)dev_usb000/
    Serial: ""
    VID: ""
    PID: ""
·! 0:00:00.163393 VFS: Mounted path "/dev_hdd0" to "/home/tommi/.var/app/net.rpcs3.RPCS3/config/rpcs3/dev_hdd0/"
·! 0:00:00.163394 VFS: Mounted path "/dev_flash" to "/home/tommi/.var/app/net.rpcs3.RPCS3/config/rpcs3//dev_flash/"
·! 0:00:00.163395 VFS: Mounted path "/dev_flash2" to "/home/tommi/.var/app/net.rpcs3.RPCS3/config/rpcs3//dev_flash2/"
·! 0:00:00.163396 VFS: Mounted path "/dev_flash3" to "/home/tommi/.var/app/net.rpcs3.RPCS3/config/rpcs3//dev_flash3/"
·! 0:00:00.163396 VFS: Mounted path "/app_home" to "//"
·! 0:00:00.163398 VFS: Mounted path "/dev_usb000" to "/home/tommi/.var/app/net.rpcs3.RPCS3/config/rpcs3/dev_usb000/"
·! 0:00:00.163414 SYS: Applying global config: /home/tommi/.var/app/net.rpcs3.RPCS3/config/rpcs3//config.yml
·! 0:00:00.163682 SYS: Logged in as user '00000001' with the username 'User'
·! 0:00:00.163704 IPC: IPC config missing. Using default settings. Path: /home/tommi/.var/app/net.rpcs3.RPCS3/config/rpcs3/ipc.yml
·! 0:00:00.163712 SYS: Using IPC config:
IPC Server enabled: false
IPC Port: 28012
·A 0:00:00.163717 SYS: Missing Firmware
·! 0:00:00.218072 GUI: Current language changed to English (en)
·! 0:00:04.596660 Compat: Database file not found: /home/tommi/.var/app/net.rpcs3.RPCS3/config/rpcs3/GuiConfigs/compat_database.dat
